<!DOCTYPE html>

<html>
  <head>
  <meta charset='utf-8'>
  <title>TestNG reports</title>

    <link type="text/css" href="testng-reports.css" rel="stylesheet" />
    <script type="text/javascript" src="jquery-3.4.1.min.js"></script>
    <script type="text/javascript" src="testng-reports.js"></script>
    <script type="text/javascript" src="https://www.google.com/jsapi"></script>
    <script type='text/javascript'>
      google.load('visualization', '1', {packages:['table']});
      google.setOnLoadCallback(drawTable);
      var suiteTableInitFunctions = new Array();
      var suiteTableData = new Array();
    </script>
    <!--
      <script type="text/javascript" src="jquery-ui/js/jquery-ui-1.8.16.custom.min.js"></script>
     -->
  </head>

  <body>
    <div class="top-banner-root">
      <span class="top-banner-title-font">Test results</span>
      <br/>
      <span class="top-banner-font-1">1 suite</span>
    </div> <!-- top-banner-root -->
    <div class="navigator-root">
      <div class="navigator-suite-header">
        <span>All suites</span>
        <a href="#" title="Collapse/expand all the suites" class="collapse-all-link">
          <img src="collapseall.gif" class="collapse-all-icon">
          </img> <!-- collapse-all-icon -->
        </a> <!-- collapse-all-link -->
      </div> <!-- navigator-suite-header -->
      <div class="suite">
        <div class="rounded-window">
          <div class="suite-header light-rounded-window-top">
            <a href="#" panel-name="suite-Default_suite" class="navigator-link">
<<<<<<< HEAD
              <span class="suite-name border-skipped">Default suite</span>
=======
              <span class="suite-name border-failed">Default suite</span>
>>>>>>> 613057208fa734a42df5b140688e1a593001d698
            </a> <!-- navigator-link -->
          </div> <!-- suite-header light-rounded-window-top -->
          <div class="navigator-suite-content">
            <div class="suite-section-title">
              <span>Info</span>
            </div> <!-- suite-section-title -->
            <div class="suite-section-content">
              <ul>
                <li>
                  <a href="#" panel-name="test-xml-Default_suite" class="navigator-link ">
<<<<<<< HEAD
                    <span>C:\Users\Ben\AppData\Local\Temp\testng-eclipse--1468158191\testng-customsuite.xml</span>
=======
                    <span>testng-customsuite.xml</span>
>>>>>>> 613057208fa734a42df5b140688e1a593001d698
                  </a> <!-- navigator-link  -->
                </li>
                <li>
                  <a href="#" panel-name="testlist-Default_suite" class="navigator-link ">
                    <span class="test-stats">1 test</span>
                  </a> <!-- navigator-link  -->
                </li>
                <li>
                  <a href="#" panel-name="group-Default_suite" class="navigator-link ">
                    <span>1 group</span>
                  </a> <!-- navigator-link  -->
                </li>
                <li>
                  <a href="#" panel-name="times-Default_suite" class="navigator-link ">
                    <span>Times</span>
                  </a> <!-- navigator-link  -->
                </li>
                <li>
                  <a href="#" panel-name="reporter-Default_suite" class="navigator-link ">
                    <span>Reporter output</span>
                  </a> <!-- navigator-link  -->
                </li>
                <li>
                  <a href="#" panel-name="ignored-methods-Default_suite" class="navigator-link ">
                    <span>Ignored methods</span>
                  </a> <!-- navigator-link  -->
                </li>
                <li>
                  <a href="#" panel-name="chronological-Default_suite" class="navigator-link ">
                    <span>Chronological view</span>
                  </a> <!-- navigator-link  -->
                </li>
              </ul>
            </div> <!-- suite-section-content -->
            <div class="result-section">
              <div class="suite-section-title">
                <span>Results</span>
              </div> <!-- suite-section-title -->
              <div class="suite-section-content">
                <ul>
                  <li>
<<<<<<< HEAD
                    <span class="method-stats">14 methods,  14 skipped,  </span>
=======
                    <span class="method-stats">15 methods, 1 failed,  14 skipped,  </span>
                  </li>
                  <li>
                    <span class="method-list-title failed">Failed methods</span>
                    <span class="show-or-hide-methods failed">
                      <a href="#" panel-name="suite-Default_suite" class="hide-methods failed suite-Default_suite"> (hide)</a> <!-- hide-methods failed suite-Default_suite -->
                      <a href="#" panel-name="suite-Default_suite" class="show-methods failed suite-Default_suite"> (show)</a> <!-- show-methods failed suite-Default_suite -->
                    </span>
                    <div class="method-list-content failed suite-Default_suite">
                      <span>
                        <img src="failed.png" width="3%"/>
                        <a href="#" panel-name="suite-Default_suite" title="com.siloam.runner.RunnerFiles" class="method navigator-link" hash-for-method="runScenario(&quot;Akses menu upload document&quot;, &quot;Upload Dokumen Testing&quot;)">runScenario("Akses menu upload document", "Upload Dokumen Testing")</a> <!-- method navigator-link -->
                      </span>
                      <br/>
                    </div> <!-- method-list-content failed suite-Default_suite -->
>>>>>>> 613057208fa734a42df5b140688e1a593001d698
                  </li>
                  <li>
                    <span class="method-list-title skipped">Skipped methods</span>
                    <span class="show-or-hide-methods skipped">
                      <a href="#" panel-name="suite-Default_suite" class="hide-methods skipped suite-Default_suite"> (hide)</a> <!-- hide-methods skipped suite-Default_suite -->
                      <a href="#" panel-name="suite-Default_suite" class="show-methods skipped suite-Default_suite"> (show)</a> <!-- show-methods skipped suite-Default_suite -->
                    </span>
                    <div class="method-list-content skipped suite-Default_suite">
                      <span>
                        <img src="skipped.png" width="3%"/>
<<<<<<< HEAD
                        <a href="#" panel-name="suite-Default_suite" title="com.siloam.runner.RunnerFiles" class="method navigator-link" hash-for-method="runScenario(&quot;Preview dokumen perjanjian&quot;, &quot;Upload Dokumen Testing&quot;)">runScenario("Preview dokumen perjanjian", "Upload Dokumen Testing")</a> <!-- method navigator-link -->
=======
                        <a href="#" panel-name="suite-Default_suite" title="com.siloam.runner.RunnerFiles" class="method navigator-link" hash-for-method="runScenario(&quot;Upload foto faskes tujuan dengan benar&quot;, &quot;Upload Dokumen Testing&quot;)">runScenario("Upload foto faskes tujuan dengan benar", "Upload Dokumen Testing")</a> <!-- method navigator-link -->
>>>>>>> 613057208fa734a42df5b140688e1a593001d698
                      </span>
                      <br/>
                      <span>
                        <img src="skipped.png" width="3%"/>
<<<<<<< HEAD
                        <a href="#" panel-name="suite-Default_suite" title="com.siloam.runner.RunnerFiles" class="method navigator-link" hash-for-method="runScenario(&quot;Form input alasan&quot;, &quot;Upload Dokumen Testing&quot;)">runScenario("Form input alasan", "Upload Dokumen Testing")</a> <!-- method navigator-link -->
=======
                        <a href="#" panel-name="suite-Default_suite" title="com.siloam.runner.RunnerFiles" class="method navigator-link" hash-for-method="runScenario(&quot;Klik cancel button saat menambahkan foto faskes tujuan&quot;, &quot;Upload Dokumen Testing&quot;)">runScenario("Klik cancel button saat menambahkan foto faskes tujuan", "Upload Dokumen Testing")</a> <!-- method navigator-link -->
>>>>>>> 613057208fa734a42df5b140688e1a593001d698
                      </span>
                      <br/>
                      <span>
                        <img src="skipped.png" width="3%"/>
<<<<<<< HEAD
                        <a href="#" panel-name="suite-Default_suite" title="com.siloam.runner.RunnerFiles" class="method navigator-link" hash-for-method="runScenario(&quot;Form input kota ktp&quot;, &quot;Upload Dokumen Testing&quot;)">runScenario("Form input kota ktp", "Upload Dokumen Testing")</a> <!-- method navigator-link -->
=======
                        <a href="#" panel-name="suite-Default_suite" title="com.siloam.runner.RunnerFiles" class="method navigator-link" hash-for-method="runScenario(&quot;Upload foto ttd dengan benar&quot;, &quot;Upload Dokumen Testing&quot;)">runScenario("Upload foto ttd dengan benar", "Upload Dokumen Testing")</a> <!-- method navigator-link -->
>>>>>>> 613057208fa734a42df5b140688e1a593001d698
                      </span>
                      <br/>
                      <span>
                        <img src="skipped.png" width="3%"/>
<<<<<<< HEAD
                        <a href="#" panel-name="suite-Default_suite" title="com.siloam.runner.RunnerFiles" class="method navigator-link" hash-for-method="runScenario(&quot;Button submit&quot;, &quot;Upload Dokumen Testing&quot;)">runScenario("Button submit", "Upload Dokumen Testing")</a> <!-- method navigator-link -->
=======
                        <a href="#" panel-name="suite-Default_suite" title="com.siloam.runner.RunnerFiles" class="method navigator-link" hash-for-method="runScenario(&quot;Upload foto faskes tujuan dengan file selain format image&quot;, &quot;Upload Dokumen Testing&quot;)">runScenario("Upload foto faskes tujuan dengan file selain format image", "Upload Dokumen Testing")</a> <!-- method navigator-link -->
>>>>>>> 613057208fa734a42df5b140688e1a593001d698
                      </span>
                      <br/>
                      <span>
                        <img src="skipped.png" width="3%"/>
<<<<<<< HEAD
                        <a href="#" panel-name="suite-Default_suite" title="com.siloam.runner.RunnerFiles" class="method navigator-link" hash-for-method="runScenario(&quot;Form input faskes awal&quot;, &quot;Upload Dokumen Testing&quot;)">runScenario("Form input faskes awal", "Upload Dokumen Testing")</a> <!-- method navigator-link -->
=======
                        <a href="#" panel-name="suite-Default_suite" title="com.siloam.runner.RunnerFiles" class="method navigator-link" hash-for-method="runScenario(&quot;Upload foto faskes awal file size diatas 5mb&quot;, &quot;Upload Dokumen Testing&quot;)">runScenario("Upload foto faskes awal file size diatas 5mb", "Upload Dokumen Testing")</a> <!-- method navigator-link -->
>>>>>>> 613057208fa734a42df5b140688e1a593001d698
                      </span>
                      <br/>
                      <span>
                        <img src="skipped.png" width="3%"/>
<<<<<<< HEAD
                        <a href="#" panel-name="suite-Default_suite" title="com.siloam.runner.RunnerFiles" class="method navigator-link" hash-for-method="runScenario(&quot;Klik button Collapse / Expand&quot;, &quot;Upload Dokumen Testing&quot;)">runScenario("Klik button Collapse / Expand", "Upload Dokumen Testing")</a> <!-- method navigator-link -->
=======
                        <a href="#" panel-name="suite-Default_suite" title="com.siloam.runner.RunnerFiles" class="method navigator-link" hash-for-method="runScenario(&quot;Klik cancel button saat menambahkan foto ttd&quot;, &quot;Upload Dokumen Testing&quot;)">runScenario("Klik cancel button saat menambahkan foto ttd", "Upload Dokumen Testing")</a> <!-- method navigator-link -->
>>>>>>> 613057208fa734a42df5b140688e1a593001d698
                      </span>
                      <br/>
                      <span>
                        <img src="skipped.png" width="3%"/>
<<<<<<< HEAD
                        <a href="#" panel-name="suite-Default_suite" title="com.siloam.runner.RunnerFiles" class="method navigator-link" hash-for-method="runScenario(&quot;Form input alamat&quot;, &quot;Upload Dokumen Testing&quot;)">runScenario("Form input alamat", "Upload Dokumen Testing")</a> <!-- method navigator-link -->
=======
                        <a href="#" panel-name="suite-Default_suite" title="com.siloam.runner.RunnerFiles" class="method navigator-link" hash-for-method="runScenario(&quot;Menambahkan lengkap foto yang diminta sistem&quot;, &quot;Upload Dokumen Testing&quot;)">runScenario("Menambahkan lengkap foto yang diminta sistem", "Upload Dokumen Testing")</a> <!-- method navigator-link -->
>>>>>>> 613057208fa734a42df5b140688e1a593001d698
                      </span>
                      <br/>
                      <span>
                        <img src="skipped.png" width="3%"/>
<<<<<<< HEAD
                        <a href="#" panel-name="suite-Default_suite" title="com.siloam.runner.RunnerFiles" class="method navigator-link" hash-for-method="runScenario(&quot;Form input nomor ktp&quot;, &quot;Upload Dokumen Testing&quot;)">runScenario("Form input nomor ktp", "Upload Dokumen Testing")</a> <!-- method navigator-link -->
=======
                        <a href="#" panel-name="suite-Default_suite" title="com.siloam.runner.RunnerFiles" class="method navigator-link" hash-for-method="runScenario(&quot;Upload foto faskes awal dengan benar&quot;, &quot;Upload Dokumen Testing&quot;)">runScenario("Upload foto faskes awal dengan benar", "Upload Dokumen Testing")</a> <!-- method navigator-link -->
>>>>>>> 613057208fa734a42df5b140688e1a593001d698
                      </span>
                      <br/>
                      <span>
                        <img src="skipped.png" width="3%"/>
<<<<<<< HEAD
                        <a href="#" panel-name="suite-Default_suite" title="com.siloam.runner.RunnerFiles" class="method navigator-link" hash-for-method="runScenario(&quot;Edit data&quot;, &quot;Upload Dokumen Testing&quot;)">runScenario("Edit data", "Upload Dokumen Testing")</a> <!-- method navigator-link -->
=======
                        <a href="#" panel-name="suite-Default_suite" title="com.siloam.runner.RunnerFiles" class="method navigator-link" hash-for-method="runScenario(&quot;Klik cancel button saat menambahkan foto faskes awal&quot;, &quot;Upload Dokumen Testing&quot;)">runScenario("Klik cancel button saat menambahkan foto faskes awal", "Upload Dokumen Testing")</a> <!-- method navigator-link -->
>>>>>>> 613057208fa734a42df5b140688e1a593001d698
                      </span>
                      <br/>
                      <span>
                        <img src="skipped.png" width="3%"/>
<<<<<<< HEAD
                        <a href="#" panel-name="suite-Default_suite" title="com.siloam.runner.RunnerFiles" class="method navigator-link" hash-for-method="runScenario(&quot;Form input nomor bpjs&quot;, &quot;Upload Dokumen Testing&quot;)">runScenario("Form input nomor bpjs", "Upload Dokumen Testing")</a> <!-- method navigator-link -->
=======
                        <a href="#" panel-name="suite-Default_suite" title="com.siloam.runner.RunnerFiles" class="method navigator-link" hash-for-method="runScenario(&quot;Klik button selanjutnya menu upload dokumen&quot;, &quot;Upload Dokumen Testing&quot;)">runScenario("Klik button selanjutnya menu upload dokumen", "Upload Dokumen Testing")</a> <!-- method navigator-link -->
>>>>>>> 613057208fa734a42df5b140688e1a593001d698
                      </span>
                      <br/>
                      <span>
                        <img src="skipped.png" width="3%"/>
<<<<<<< HEAD
                        <a href="#" panel-name="suite-Default_suite" title="com.siloam.runner.RunnerFiles" class="method navigator-link" hash-for-method="runScenario(&quot;Form input nama&quot;, &quot;Upload Dokumen Testing&quot;)">runScenario("Form input nama", "Upload Dokumen Testing")</a> <!-- method navigator-link -->
=======
                        <a href="#" panel-name="suite-Default_suite" title="com.siloam.runner.RunnerFiles" class="method navigator-link" hash-for-method="runScenario(&quot;Upload foto faskes tujuan file size diatas 5mb&quot;, &quot;Upload Dokumen Testing&quot;)">runScenario("Upload foto faskes tujuan file size diatas 5mb", "Upload Dokumen Testing")</a> <!-- method navigator-link -->
>>>>>>> 613057208fa734a42df5b140688e1a593001d698
                      </span>
                      <br/>
                      <span>
                        <img src="skipped.png" width="3%"/>
<<<<<<< HEAD
                        <a href="#" panel-name="suite-Default_suite" title="com.siloam.runner.RunnerFiles" class="method navigator-link" hash-for-method="runScenario(&quot;Button cancel edit&quot;, &quot;Upload Dokumen Testing&quot;)">runScenario("Button cancel edit", "Upload Dokumen Testing")</a> <!-- method navigator-link -->
=======
                        <a href="#" panel-name="suite-Default_suite" title="com.siloam.runner.RunnerFiles" class="method navigator-link" hash-for-method="runScenario(&quot;Upload foto ttd dengan file selain format image&quot;, &quot;Upload Dokumen Testing&quot;)">runScenario("Upload foto ttd dengan file selain format image", "Upload Dokumen Testing")</a> <!-- method navigator-link -->
>>>>>>> 613057208fa734a42df5b140688e1a593001d698
                      </span>
                      <br/>
                      <span>
                        <img src="skipped.png" width="3%"/>
<<<<<<< HEAD
                        <a href="#" panel-name="suite-Default_suite" title="com.siloam.runner.RunnerFiles" class="method navigator-link" hash-for-method="runScenario(&quot;Delete file dokumen&quot;, &quot;Upload Dokumen Testing&quot;)">runScenario("Delete file dokumen", "Upload Dokumen Testing")</a> <!-- method navigator-link -->
=======
                        <a href="#" panel-name="suite-Default_suite" title="com.siloam.runner.RunnerFiles" class="method navigator-link" hash-for-method="runScenario(&quot;Upload foto ttd file size diatas 5mb&quot;, &quot;Upload Dokumen Testing&quot;)">runScenario("Upload foto ttd file size diatas 5mb", "Upload Dokumen Testing")</a> <!-- method navigator-link -->
>>>>>>> 613057208fa734a42df5b140688e1a593001d698
                      </span>
                      <br/>
                      <span>
                        <img src="skipped.png" width="3%"/>
<<<<<<< HEAD
                        <a href="#" panel-name="suite-Default_suite" title="com.siloam.runner.RunnerFiles" class="method navigator-link" hash-for-method="runScenario(&quot;Form input faskes tujuan&quot;, &quot;Upload Dokumen Testing&quot;)">runScenario("Form input faskes tujuan", "Upload Dokumen Testing")</a> <!-- method navigator-link -->
=======
                        <a href="#" panel-name="suite-Default_suite" title="com.siloam.runner.RunnerFiles" class="method navigator-link" hash-for-method="runScenario(&quot;Upload foto faskes awal dengan file selain format image&quot;, &quot;Upload Dokumen Testing&quot;)">runScenario("Upload foto faskes awal dengan file selain format image", "Upload Dokumen Testing")</a> <!-- method navigator-link -->
>>>>>>> 613057208fa734a42df5b140688e1a593001d698
                      </span>
                      <br/>
                    </div> <!-- method-list-content skipped suite-Default_suite -->
                  </li>
                </ul>
              </div> <!-- suite-section-content -->
            </div> <!-- result-section -->
          </div> <!-- navigator-suite-content -->
        </div> <!-- rounded-window -->
      </div> <!-- suite -->
    </div> <!-- navigator-root -->
    <div class="wrapper">
      <div class="main-panel-root">
        <div panel-name="suite-Default_suite" class="panel Default_suite">
<<<<<<< HEAD
=======
          <div class="suite-Default_suite-class-failed">
            <div class="main-panel-header rounded-window-top">
              <img src="failed.png"/>
              <span class="class-name">com.siloam.runner.RunnerFiles</span>
            </div> <!-- main-panel-header rounded-window-top -->
            <div class="main-panel-content rounded-window-bottom">
              <div class="method">
                <div class="method-content">
                  <a name="runScenario(&quot;Akses menu upload document&quot;, &quot;Upload Dokumen Testing&quot;)">
                  </a> <!-- runScenario("Akses menu upload document", "Upload Dokumen Testing") -->
                  <span class="method-name">runScenario</span>
                  <span class="parameters">("Akses menu upload document", "Upload Dokumen Testing")</span>
                  <div class="stack-trace">java.lang.NoSuchMethodError: &apos;void com.siloam.plugin.DriverSet.setDriver()&apos;
	at com.siloam.plugin.LoginStep.loginSales(LoginStep.java:25)
	at com.siloam.uploaddoc.UploadDocumentStepDef.user_sales_akses_url(UploadDocumentStepDef.java:24)
	at ✽.User sales akses url(file:///home/ancient/Documents/MagangSQA/sqasiloamteamb/src/test/resources/features/UploadDocument.feature:4)

</div> <!-- stack-trace -->
                  <em>
(Runs Cucumber Scenarios)                  </em>
                </div> <!-- method-content -->
              </div> <!-- method -->
            </div> <!-- main-panel-content rounded-window-bottom -->
          </div> <!-- suite-Default_suite-class-failed -->
>>>>>>> 613057208fa734a42df5b140688e1a593001d698
          <div class="suite-Default_suite-class-skipped">
            <div class="main-panel-header rounded-window-top">
              <img src="skipped.png"/>
              <span class="class-name">com.siloam.runner.RunnerFiles</span>
            </div> <!-- main-panel-header rounded-window-top -->
            <div class="main-panel-content rounded-window-bottom">
              <div class="method">
                <div class="method-content">
<<<<<<< HEAD
                  <a name="runScenario(&quot;Preview dokumen perjanjian&quot;, &quot;Upload Dokumen Testing&quot;)">
                  </a> <!-- runScenario("Preview dokumen perjanjian", "Upload Dokumen Testing") -->
                  <span class="method-name">runScenario</span>
                  <span class="parameters">("Preview dokumen perjanjian", "Upload Dokumen Testing")</span>
                  <div class="stack-trace">io.cucumber.testng.UndefinedStepException: There were 2 undefined steps
The step &quot;User check preview perjanjian&quot; is undefined. You can implement it using the snippet(s) below:

@When(&quot;User check preview perjanjian&quot;)
public void user_check_preview_perjanjian() {
    // Write code here that turns the phrase above into concrete actions
    throw new io.cucumber.java.PendingException();
}

The step &quot;Data sama dengan inputan&quot; is undefined. You can implement it using the snippet(s) below:

@Then(&quot;Data sama dengan inputan&quot;)
public void data_sama_dengan_inputan() {
    // Write code here that turns the phrase above into concrete actions
    throw new io.cucumber.java.PendingException();
}

	at io.cucumber.testng.TestCaseResultObserver.assertTestCasePassed(TestCaseResultObserver.java:112)
	at io.cucumber.testng.TestNGCucumberRunner.runScenario(TestNGCucumberRunner.java:125)
	at io.cucumber.testng.AbstractTestNGCucumberTests.runScenario(AbstractTestNGCucumberTests.java:29)
	at java.base/jdk.internal.reflect.NativeMethodAccessorImpl.invoke0(Native Method)
	at java.base/jdk.internal.reflect.NativeMethodAccessorImpl.invoke(NativeMethodAccessorImpl.java:77)
	at java.base/jdk.internal.reflect.DelegatingMethodAccessorImpl.invoke(DelegatingMethodAccessorImpl.java:43)
	at java.base/java.lang.reflect.Method.invoke(Method.java:568)
=======
                  <a name="runScenario(&quot;Upload foto faskes tujuan dengan benar&quot;, &quot;Upload Dokumen Testing&quot;)">
                  </a> <!-- runScenario("Upload foto faskes tujuan dengan benar", "Upload Dokumen Testing") -->
                  <span class="method-name">runScenario</span>
                  <span class="parameters">("Upload foto faskes tujuan dengan benar", "Upload Dokumen Testing")</span>
                  <div class="stack-trace">org.testng.SkipException: TODO: implement me
	at io.cucumber.testng.TestCaseResultObserver.assertTestCasePassed(TestCaseResultObserver.java:116)
	at io.cucumber.testng.TestNGCucumberRunner.runScenario(TestNGCucumberRunner.java:125)
	at io.cucumber.testng.AbstractTestNGCucumberTests.runScenario(AbstractTestNGCucumberTests.java:29)
	at java.base/jdk.internal.reflect.NativeMethodAccessorImpl.invoke0(Native Method)
	at java.base/jdk.internal.reflect.NativeMethodAccessorImpl.invoke(NativeMethodAccessorImpl.java:62)
	at java.base/jdk.internal.reflect.DelegatingMethodAccessorImpl.invoke(DelegatingMethodAccessorImpl.java:43)
	at java.base/java.lang.reflect.Method.invoke(Method.java:566)
>>>>>>> 613057208fa734a42df5b140688e1a593001d698
	at org.testng.internal.MethodInvocationHelper.invokeMethod(MethodInvocationHelper.java:134)
	at org.testng.internal.TestInvoker.invokeMethod(TestInvoker.java:597)
	at org.testng.internal.TestInvoker.invokeTestMethod(TestInvoker.java:173)
	at org.testng.internal.MethodRunner.runInSequence(MethodRunner.java:46)
	at org.testng.internal.TestInvoker$MethodInvocationAgent.invoke(TestInvoker.java:816)
	at org.testng.internal.TestInvoker.invokeTestMethods(TestInvoker.java:146)
	at org.testng.internal.TestMethodWorker.invokeTestMethods(TestMethodWorker.java:146)
	at org.testng.internal.TestMethodWorker.run(TestMethodWorker.java:128)
<<<<<<< HEAD
	at java.base/java.util.ArrayList.forEach(ArrayList.java:1511)
=======
	at java.base/java.util.ArrayList.forEach(ArrayList.java:1541)
>>>>>>> 613057208fa734a42df5b140688e1a593001d698
	at org.testng.TestRunner.privateRun(TestRunner.java:766)
	at org.testng.TestRunner.run(TestRunner.java:587)
	at org.testng.SuiteRunner.runTest(SuiteRunner.java:384)
	at org.testng.SuiteRunner.runSequentially(SuiteRunner.java:378)
	at org.testng.SuiteRunner.privateRun(SuiteRunner.java:337)
	at org.testng.SuiteRunner.run(SuiteRunner.java:286)
	at org.testng.SuiteRunnerWorker.runSuite(SuiteRunnerWorker.java:53)
	at org.testng.SuiteRunnerWorker.run(SuiteRunnerWorker.java:96)
	at org.testng.TestNG.runSuitesSequentially(TestNG.java:1187)
	at org.testng.TestNG.runSuitesLocally(TestNG.java:1109)
	at org.testng.TestNG.runSuites(TestNG.java:1039)
	at org.testng.TestNG.run(TestNG.java:1007)
	at org.testng.remote.AbstractRemoteTestNG.run(AbstractRemoteTestNG.java:115)
	at org.testng.remote.RemoteTestNG.initAndRun(RemoteTestNG.java:251)
	at org.testng.remote.RemoteTestNG.main(RemoteTestNG.java:77)
<<<<<<< HEAD
=======
Caused by: io.cucumber.java.PendingException: TODO: implement me
	at com.siloam.uploaddoc.UploadDocumentStepDef.user_tambah_foto_faskes_tujuan(UploadDocumentStepDef.java:92)
	at ✽.User tambah foto faskes tujuan(file:///home/ancient/Documents/MagangSQA/sqasiloamteamb/src/test/resources/features/UploadDocument.feature:46)
>>>>>>> 613057208fa734a42df5b140688e1a593001d698

</div> <!-- stack-trace -->
                  <em>
(Runs Cucumber Scenarios)                  </em>
                </div> <!-- method-content -->
              </div> <!-- method -->
              <div class="method">
                <div class="method-content">
<<<<<<< HEAD
                  <a name="runScenario(&quot;Form input alasan&quot;, &quot;Upload Dokumen Testing&quot;)">
                  </a> <!-- runScenario("Form input alasan", "Upload Dokumen Testing") -->
                  <span class="method-name">runScenario</span>
                  <span class="parameters">("Form input alasan", "Upload Dokumen Testing")</span>
                  <div class="stack-trace">io.cucumber.testng.UndefinedStepException: There were 2 undefined steps
The step &quot;User ubah alasan&quot; is undefined. You can implement it using the snippet(s) below:

@When(&quot;User ubah alasan&quot;)
public void user_ubah_alasan() {
    // Write code here that turns the phrase above into concrete actions
    throw new io.cucumber.java.PendingException();
}

The step &quot;alasan berubah sesuai pilihan&quot; is undefined. You can implement it using the snippet(s) below:

@Then(&quot;alasan berubah sesuai pilihan&quot;)
public void alasan_berubah_sesuai_pilihan() {
    // Write code here that turns the phrase above into concrete actions
    throw new io.cucumber.java.PendingException();
}

	at io.cucumber.testng.TestCaseResultObserver.assertTestCasePassed(TestCaseResultObserver.java:112)
	at io.cucumber.testng.TestNGCucumberRunner.runScenario(TestNGCucumberRunner.java:125)
	at io.cucumber.testng.AbstractTestNGCucumberTests.runScenario(AbstractTestNGCucumberTests.java:29)
	at java.base/jdk.internal.reflect.NativeMethodAccessorImpl.invoke0(Native Method)
	at java.base/jdk.internal.reflect.NativeMethodAccessorImpl.invoke(NativeMethodAccessorImpl.java:77)
	at java.base/jdk.internal.reflect.DelegatingMethodAccessorImpl.invoke(DelegatingMethodAccessorImpl.java:43)
	at java.base/java.lang.reflect.Method.invoke(Method.java:568)
=======
                  <a name="runScenario(&quot;Klik cancel button saat menambahkan foto faskes tujuan&quot;, &quot;Upload Dokumen Testing&quot;)">
                  </a> <!-- runScenario("Klik cancel button saat menambahkan foto faskes tujuan", "Upload Dokumen Testing") -->
                  <span class="method-name">runScenario</span>
                  <span class="parameters">("Klik cancel button saat menambahkan foto faskes tujuan", "Upload Dokumen Testing")</span>
                  <div class="stack-trace">org.testng.SkipException: TODO: implement me
	at io.cucumber.testng.TestCaseResultObserver.assertTestCasePassed(TestCaseResultObserver.java:116)
	at io.cucumber.testng.TestNGCucumberRunner.runScenario(TestNGCucumberRunner.java:125)
	at io.cucumber.testng.AbstractTestNGCucumberTests.runScenario(AbstractTestNGCucumberTests.java:29)
	at java.base/jdk.internal.reflect.NativeMethodAccessorImpl.invoke0(Native Method)
	at java.base/jdk.internal.reflect.NativeMethodAccessorImpl.invoke(NativeMethodAccessorImpl.java:62)
	at java.base/jdk.internal.reflect.DelegatingMethodAccessorImpl.invoke(DelegatingMethodAccessorImpl.java:43)
	at java.base/java.lang.reflect.Method.invoke(Method.java:566)
>>>>>>> 613057208fa734a42df5b140688e1a593001d698
	at org.testng.internal.MethodInvocationHelper.invokeMethod(MethodInvocationHelper.java:134)
	at org.testng.internal.TestInvoker.invokeMethod(TestInvoker.java:597)
	at org.testng.internal.TestInvoker.invokeTestMethod(TestInvoker.java:173)
	at org.testng.internal.MethodRunner.runInSequence(MethodRunner.java:46)
	at org.testng.internal.TestInvoker$MethodInvocationAgent.invoke(TestInvoker.java:816)
	at org.testng.internal.TestInvoker.invokeTestMethods(TestInvoker.java:146)
	at org.testng.internal.TestMethodWorker.invokeTestMethods(TestMethodWorker.java:146)
	at org.testng.internal.TestMethodWorker.run(TestMethodWorker.java:128)
<<<<<<< HEAD
	at java.base/java.util.ArrayList.forEach(ArrayList.java:1511)
=======
	at java.base/java.util.ArrayList.forEach(ArrayList.java:1541)
>>>>>>> 613057208fa734a42df5b140688e1a593001d698
	at org.testng.TestRunner.privateRun(TestRunner.java:766)
	at org.testng.TestRunner.run(TestRunner.java:587)
	at org.testng.SuiteRunner.runTest(SuiteRunner.java:384)
	at org.testng.SuiteRunner.runSequentially(SuiteRunner.java:378)
	at org.testng.SuiteRunner.privateRun(SuiteRunner.java:337)
	at org.testng.SuiteRunner.run(SuiteRunner.java:286)
	at org.testng.SuiteRunnerWorker.runSuite(SuiteRunnerWorker.java:53)
	at org.testng.SuiteRunnerWorker.run(SuiteRunnerWorker.java:96)
	at org.testng.TestNG.runSuitesSequentially(TestNG.java:1187)
	at org.testng.TestNG.runSuitesLocally(TestNG.java:1109)
	at org.testng.TestNG.runSuites(TestNG.java:1039)
	at org.testng.TestNG.run(TestNG.java:1007)
	at org.testng.remote.AbstractRemoteTestNG.run(AbstractRemoteTestNG.java:115)
	at org.testng.remote.RemoteTestNG.initAndRun(RemoteTestNG.java:251)
	at org.testng.remote.RemoteTestNG.main(RemoteTestNG.java:77)
<<<<<<< HEAD
=======
Caused by: io.cucumber.java.PendingException: TODO: implement me
	at com.siloam.uploaddoc.UploadDocumentStepDef.user_tambah_foto(UploadDocumentStepDef.java:44)
	at ✽.User tambah foto(file:///home/ancient/Documents/MagangSQA/sqasiloamteamb/src/test/resources/features/UploadDocument.feature:31)
>>>>>>> 613057208fa734a42df5b140688e1a593001d698

</div> <!-- stack-trace -->
                  <em>
(Runs Cucumber Scenarios)                  </em>
                </div> <!-- method-content -->
              </div> <!-- method -->
              <div class="method">
                <div class="method-content">
<<<<<<< HEAD
                  <a name="runScenario(&quot;Form input kota ktp&quot;, &quot;Upload Dokumen Testing&quot;)">
                  </a> <!-- runScenario("Form input kota ktp", "Upload Dokumen Testing") -->
                  <span class="method-name">runScenario</span>
                  <span class="parameters">("Form input kota ktp", "Upload Dokumen Testing")</span>
                  <div class="stack-trace">io.cucumber.testng.UndefinedStepException: There were 2 undefined steps
The step &quot;User ubah kota ktp&quot; is undefined. You can implement it using the snippet(s) below:

@When(&quot;User ubah kota ktp&quot;)
public void user_ubah_kota_ktp() {
    // Write code here that turns the phrase above into concrete actions
    throw new io.cucumber.java.PendingException();
}

The step &quot;kota ktp berubah sesuai pilihan&quot; is undefined. You can implement it using the snippet(s) below:

@Then(&quot;kota ktp berubah sesuai pilihan&quot;)
public void kota_ktp_berubah_sesuai_pilihan() {
    // Write code here that turns the phrase above into concrete actions
    throw new io.cucumber.java.PendingException();
}

	at io.cucumber.testng.TestCaseResultObserver.assertTestCasePassed(TestCaseResultObserver.java:112)
	at io.cucumber.testng.TestNGCucumberRunner.runScenario(TestNGCucumberRunner.java:125)
	at io.cucumber.testng.AbstractTestNGCucumberTests.runScenario(AbstractTestNGCucumberTests.java:29)
	at java.base/jdk.internal.reflect.NativeMethodAccessorImpl.invoke0(Native Method)
	at java.base/jdk.internal.reflect.NativeMethodAccessorImpl.invoke(NativeMethodAccessorImpl.java:77)
	at java.base/jdk.internal.reflect.DelegatingMethodAccessorImpl.invoke(DelegatingMethodAccessorImpl.java:43)
	at java.base/java.lang.reflect.Method.invoke(Method.java:568)
=======
                  <a name="runScenario(&quot;Upload foto ttd dengan benar&quot;, &quot;Upload Dokumen Testing&quot;)">
                  </a> <!-- runScenario("Upload foto ttd dengan benar", "Upload Dokumen Testing") -->
                  <span class="method-name">runScenario</span>
                  <span class="parameters">("Upload foto ttd dengan benar", "Upload Dokumen Testing")</span>
                  <div class="stack-trace">org.testng.SkipException: TODO: implement me
	at io.cucumber.testng.TestCaseResultObserver.assertTestCasePassed(TestCaseResultObserver.java:116)
	at io.cucumber.testng.TestNGCucumberRunner.runScenario(TestNGCucumberRunner.java:125)
	at io.cucumber.testng.AbstractTestNGCucumberTests.runScenario(AbstractTestNGCucumberTests.java:29)
	at java.base/jdk.internal.reflect.NativeMethodAccessorImpl.invoke0(Native Method)
	at java.base/jdk.internal.reflect.NativeMethodAccessorImpl.invoke(NativeMethodAccessorImpl.java:62)
	at java.base/jdk.internal.reflect.DelegatingMethodAccessorImpl.invoke(DelegatingMethodAccessorImpl.java:43)
	at java.base/java.lang.reflect.Method.invoke(Method.java:566)
>>>>>>> 613057208fa734a42df5b140688e1a593001d698
	at org.testng.internal.MethodInvocationHelper.invokeMethod(MethodInvocationHelper.java:134)
	at org.testng.internal.TestInvoker.invokeMethod(TestInvoker.java:597)
	at org.testng.internal.TestInvoker.invokeTestMethod(TestInvoker.java:173)
	at org.testng.internal.MethodRunner.runInSequence(MethodRunner.java:46)
	at org.testng.internal.TestInvoker$MethodInvocationAgent.invoke(TestInvoker.java:816)
	at org.testng.internal.TestInvoker.invokeTestMethods(TestInvoker.java:146)
	at org.testng.internal.TestMethodWorker.invokeTestMethods(TestMethodWorker.java:146)
	at org.testng.internal.TestMethodWorker.run(TestMethodWorker.java:128)
<<<<<<< HEAD
	at java.base/java.util.ArrayList.forEach(ArrayList.java:1511)
=======
	at java.base/java.util.ArrayList.forEach(ArrayList.java:1541)
>>>>>>> 613057208fa734a42df5b140688e1a593001d698
	at org.testng.TestRunner.privateRun(TestRunner.java:766)
	at org.testng.TestRunner.run(TestRunner.java:587)
	at org.testng.SuiteRunner.runTest(SuiteRunner.java:384)
	at org.testng.SuiteRunner.runSequentially(SuiteRunner.java:378)
	at org.testng.SuiteRunner.privateRun(SuiteRunner.java:337)
	at org.testng.SuiteRunner.run(SuiteRunner.java:286)
	at org.testng.SuiteRunnerWorker.runSuite(SuiteRunnerWorker.java:53)
	at org.testng.SuiteRunnerWorker.run(SuiteRunnerWorker.java:96)
	at org.testng.TestNG.runSuitesSequentially(TestNG.java:1187)
	at org.testng.TestNG.runSuitesLocally(TestNG.java:1109)
	at org.testng.TestNG.runSuites(TestNG.java:1039)
	at org.testng.TestNG.run(TestNG.java:1007)
	at org.testng.remote.AbstractRemoteTestNG.run(AbstractRemoteTestNG.java:115)
	at org.testng.remote.RemoteTestNG.initAndRun(RemoteTestNG.java:251)
	at org.testng.remote.RemoteTestNG.main(RemoteTestNG.java:77)
<<<<<<< HEAD
=======
Caused by: io.cucumber.java.PendingException: TODO: implement me
	at com.siloam.uploaddoc.UploadDocumentStepDef.user_tambah_foto_ttd(UploadDocumentStepDef.java:98)
	at ✽.User tambah foto ttd(file:///home/ancient/Documents/MagangSQA/sqasiloamteamb/src/test/resources/features/UploadDocument.feature:67)
>>>>>>> 613057208fa734a42df5b140688e1a593001d698

</div> <!-- stack-trace -->
                  <em>
(Runs Cucumber Scenarios)                  </em>
                </div> <!-- method-content -->
              </div> <!-- method -->
              <div class="method">
                <div class="method-content">
                  <a name="runScenario(&quot;Button submit&quot;, &quot;Upload Dokumen Testing&quot;)">
                  </a> <!-- runScenario("Button submit", "Upload Dokumen Testing") -->
                  <span class="method-name">runScenario</span>
                  <span class="parameters">("Button submit", "Upload Dokumen Testing")</span>
                  <div class="stack-trace">io.cucumber.testng.UndefinedStepException: There were 3 undefined steps
The step &quot;User klik button submit&quot; is undefined. You can implement it using the snippet(s) below:

@When(&quot;User klik button submit&quot;)
public void user_klik_button_submit() {
    // Write code here that turns the phrase above into concrete actions
    throw new io.cucumber.java.PendingException();
}

The step &quot;klik ok alert verifikasi&quot; is undefined. You can implement it using the snippet(s) below:

@When(&quot;klik ok alert verifikasi&quot;)
public void klik_ok_alert_verifikasi() {
    // Write code here that turns the phrase above into concrete actions
    throw new io.cucumber.java.PendingException();
}

The step &quot;Menampilkan halaman input data dan notifikasi ttd digital berhasil&quot; is undefined. You can implement it using the snippet(s) below:

@Then(&quot;Menampilkan halaman input data dan notifikasi ttd digital berhasil&quot;)
public void menampilkan_halaman_input_data_dan_notifikasi_ttd_digital_berhasil() {
    // Write code here that turns the phrase above into concrete actions
    throw new io.cucumber.java.PendingException();
}

	at io.cucumber.testng.TestCaseResultObserver.assertTestCasePassed(TestCaseResultObserver.java:112)
	at io.cucumber.testng.TestNGCucumberRunner.runScenario(TestNGCucumberRunner.java:125)
	at io.cucumber.testng.AbstractTestNGCucumberTests.runScenario(AbstractTestNGCucumberTests.java:29)
	at java.base/jdk.internal.reflect.NativeMethodAccessorImpl.invoke0(Native Method)
<<<<<<< HEAD
	at java.base/jdk.internal.reflect.NativeMethodAccessorImpl.invoke(NativeMethodAccessorImpl.java:77)
	at java.base/jdk.internal.reflect.DelegatingMethodAccessorImpl.invoke(DelegatingMethodAccessorImpl.java:43)
	at java.base/java.lang.reflect.Method.invoke(Method.java:568)
=======
	at java.base/jdk.internal.reflect.NativeMethodAccessorImpl.invoke(NativeMethodAccessorImpl.java:62)
	at java.base/jdk.internal.reflect.DelegatingMethodAccessorImpl.invoke(DelegatingMethodAccessorImpl.java:43)
	at java.base/java.lang.reflect.Method.invoke(Method.java:566)
>>>>>>> 613057208fa734a42df5b140688e1a593001d698
	at org.testng.internal.MethodInvocationHelper.invokeMethod(MethodInvocationHelper.java:134)
	at org.testng.internal.TestInvoker.invokeMethod(TestInvoker.java:597)
	at org.testng.internal.TestInvoker.invokeTestMethod(TestInvoker.java:173)
	at org.testng.internal.MethodRunner.runInSequence(MethodRunner.java:46)
	at org.testng.internal.TestInvoker$MethodInvocationAgent.invoke(TestInvoker.java:816)
	at org.testng.internal.TestInvoker.invokeTestMethods(TestInvoker.java:146)
	at org.testng.internal.TestMethodWorker.invokeTestMethods(TestMethodWorker.java:146)
	at org.testng.internal.TestMethodWorker.run(TestMethodWorker.java:128)
<<<<<<< HEAD
	at java.base/java.util.ArrayList.forEach(ArrayList.java:1511)
=======
	at java.base/java.util.ArrayList.forEach(ArrayList.java:1541)
>>>>>>> 613057208fa734a42df5b140688e1a593001d698
	at org.testng.TestRunner.privateRun(TestRunner.java:766)
	at org.testng.TestRunner.run(TestRunner.java:587)
	at org.testng.SuiteRunner.runTest(SuiteRunner.java:384)
	at org.testng.SuiteRunner.runSequentially(SuiteRunner.java:378)
	at org.testng.SuiteRunner.privateRun(SuiteRunner.java:337)
	at org.testng.SuiteRunner.run(SuiteRunner.java:286)
	at org.testng.SuiteRunnerWorker.runSuite(SuiteRunnerWorker.java:53)
	at org.testng.SuiteRunnerWorker.run(SuiteRunnerWorker.java:96)
	at org.testng.TestNG.runSuitesSequentially(TestNG.java:1187)
	at org.testng.TestNG.runSuitesLocally(TestNG.java:1109)
	at org.testng.TestNG.runSuites(TestNG.java:1039)
	at org.testng.TestNG.run(TestNG.java:1007)
	at org.testng.remote.AbstractRemoteTestNG.run(AbstractRemoteTestNG.java:115)
	at org.testng.remote.RemoteTestNG.initAndRun(RemoteTestNG.java:251)
	at org.testng.remote.RemoteTestNG.main(RemoteTestNG.java:77)
<<<<<<< HEAD
=======
Caused by: io.cucumber.java.PendingException: TODO: implement me
	at com.siloam.uploaddoc.UploadDocumentStepDef.user_tambah_foto_faskes_tujuan(UploadDocumentStepDef.java:92)
	at ✽.User tambah foto faskes tujuan(file:///home/ancient/Documents/MagangSQA/sqasiloamteamb/src/test/resources/features/UploadDocument.feature:41)
>>>>>>> 613057208fa734a42df5b140688e1a593001d698

</div> <!-- stack-trace -->
                  <em>
(Runs Cucumber Scenarios)                  </em>
                </div> <!-- method-content -->
              </div> <!-- method -->
              <div class="method">
                <div class="method-content">
<<<<<<< HEAD
                  <a name="runScenario(&quot;Form input faskes awal&quot;, &quot;Upload Dokumen Testing&quot;)">
                  </a> <!-- runScenario("Form input faskes awal", "Upload Dokumen Testing") -->
                  <span class="method-name">runScenario</span>
                  <span class="parameters">("Form input faskes awal", "Upload Dokumen Testing")</span>
                  <div class="stack-trace">io.cucumber.testng.UndefinedStepException: There were 2 undefined steps
The step &quot;User ubah faskes awal&quot; is undefined. You can implement it using the snippet(s) below:

@When(&quot;User ubah faskes awal&quot;)
public void user_ubah_faskes_awal() {
    // Write code here that turns the phrase above into concrete actions
    throw new io.cucumber.java.PendingException();
}

The step &quot;faskes awal berubah sesuai pilihan&quot; is undefined. You can implement it using the snippet(s) below:

@Then(&quot;faskes awal berubah sesuai pilihan&quot;)
public void faskes_awal_berubah_sesuai_pilihan() {
    // Write code here that turns the phrase above into concrete actions
    throw new io.cucumber.java.PendingException();
}

	at io.cucumber.testng.TestCaseResultObserver.assertTestCasePassed(TestCaseResultObserver.java:112)
	at io.cucumber.testng.TestNGCucumberRunner.runScenario(TestNGCucumberRunner.java:125)
	at io.cucumber.testng.AbstractTestNGCucumberTests.runScenario(AbstractTestNGCucumberTests.java:29)
	at java.base/jdk.internal.reflect.NativeMethodAccessorImpl.invoke0(Native Method)
	at java.base/jdk.internal.reflect.NativeMethodAccessorImpl.invoke(NativeMethodAccessorImpl.java:77)
	at java.base/jdk.internal.reflect.DelegatingMethodAccessorImpl.invoke(DelegatingMethodAccessorImpl.java:43)
	at java.base/java.lang.reflect.Method.invoke(Method.java:568)
=======
                  <a name="runScenario(&quot;Upload foto faskes awal file size diatas 5mb&quot;, &quot;Upload Dokumen Testing&quot;)">
                  </a> <!-- runScenario("Upload foto faskes awal file size diatas 5mb", "Upload Dokumen Testing") -->
                  <span class="method-name">runScenario</span>
                  <span class="parameters">("Upload foto faskes awal file size diatas 5mb", "Upload Dokumen Testing")</span>
                  <div class="stack-trace">org.testng.SkipException: TODO: implement me
	at io.cucumber.testng.TestCaseResultObserver.assertTestCasePassed(TestCaseResultObserver.java:116)
	at io.cucumber.testng.TestNGCucumberRunner.runScenario(TestNGCucumberRunner.java:125)
	at io.cucumber.testng.AbstractTestNGCucumberTests.runScenario(AbstractTestNGCucumberTests.java:29)
	at java.base/jdk.internal.reflect.NativeMethodAccessorImpl.invoke0(Native Method)
	at java.base/jdk.internal.reflect.NativeMethodAccessorImpl.invoke(NativeMethodAccessorImpl.java:62)
	at java.base/jdk.internal.reflect.DelegatingMethodAccessorImpl.invoke(DelegatingMethodAccessorImpl.java:43)
	at java.base/java.lang.reflect.Method.invoke(Method.java:566)
>>>>>>> 613057208fa734a42df5b140688e1a593001d698
	at org.testng.internal.MethodInvocationHelper.invokeMethod(MethodInvocationHelper.java:134)
	at org.testng.internal.TestInvoker.invokeMethod(TestInvoker.java:597)
	at org.testng.internal.TestInvoker.invokeTestMethod(TestInvoker.java:173)
	at org.testng.internal.MethodRunner.runInSequence(MethodRunner.java:46)
	at org.testng.internal.TestInvoker$MethodInvocationAgent.invoke(TestInvoker.java:816)
	at org.testng.internal.TestInvoker.invokeTestMethods(TestInvoker.java:146)
	at org.testng.internal.TestMethodWorker.invokeTestMethods(TestMethodWorker.java:146)
	at org.testng.internal.TestMethodWorker.run(TestMethodWorker.java:128)
<<<<<<< HEAD
	at java.base/java.util.ArrayList.forEach(ArrayList.java:1511)
=======
	at java.base/java.util.ArrayList.forEach(ArrayList.java:1541)
>>>>>>> 613057208fa734a42df5b140688e1a593001d698
	at org.testng.TestRunner.privateRun(TestRunner.java:766)
	at org.testng.TestRunner.run(TestRunner.java:587)
	at org.testng.SuiteRunner.runTest(SuiteRunner.java:384)
	at org.testng.SuiteRunner.runSequentially(SuiteRunner.java:378)
	at org.testng.SuiteRunner.privateRun(SuiteRunner.java:337)
	at org.testng.SuiteRunner.run(SuiteRunner.java:286)
	at org.testng.SuiteRunnerWorker.runSuite(SuiteRunnerWorker.java:53)
	at org.testng.SuiteRunnerWorker.run(SuiteRunnerWorker.java:96)
	at org.testng.TestNG.runSuitesSequentially(TestNG.java:1187)
	at org.testng.TestNG.runSuitesLocally(TestNG.java:1109)
	at org.testng.TestNG.runSuites(TestNG.java:1039)
	at org.testng.TestNG.run(TestNG.java:1007)
	at org.testng.remote.AbstractRemoteTestNG.run(AbstractRemoteTestNG.java:115)
	at org.testng.remote.RemoteTestNG.initAndRun(RemoteTestNG.java:251)
	at org.testng.remote.RemoteTestNG.main(RemoteTestNG.java:77)
<<<<<<< HEAD
=======
Caused by: io.cucumber.java.PendingException: TODO: implement me
	at com.siloam.uploaddoc.UploadDocumentStepDef.user_tambah_foto_faskes_awal(UploadDocumentStepDef.java:62)
	at ✽.User tambah foto faskes awal(file:///home/ancient/Documents/MagangSQA/sqasiloamteamb/src/test/resources/features/UploadDocument.feature:15)
>>>>>>> 613057208fa734a42df5b140688e1a593001d698

</div> <!-- stack-trace -->
                  <em>
(Runs Cucumber Scenarios)                  </em>
                </div> <!-- method-content -->
              </div> <!-- method -->
              <div class="method">
                <div class="method-content">
<<<<<<< HEAD
                  <a name="runScenario(&quot;Klik button Collapse / Expand&quot;, &quot;Upload Dokumen Testing&quot;)">
                  </a> <!-- runScenario("Klik button Collapse / Expand", "Upload Dokumen Testing") -->
                  <span class="method-name">runScenario</span>
                  <span class="parameters">("Klik button Collapse / Expand", "Upload Dokumen Testing")</span>
                  <div class="stack-trace">io.cucumber.testng.UndefinedStepException: There were 2 undefined steps
The step &quot;User klik button collapse / Expand&quot; is undefined. You can implement it using the snippet(s) below:

@When(&quot;User klik button collapse \\/ Expand&quot;)
public void user_klik_button_collapse_Expand() {
    // Write code here that turns the phrase above into concrete actions
    throw new io.cucumber.java.PendingException();
}

The step &quot;Layout menu dihilangkan / diperlebar&quot; is undefined. You can implement it using the snippet(s) below:

@Then(&quot;Layout menu dihilangkan \\/ diperlebar&quot;)
public void layout_menu_dihilangkan_diperlebar() {
    // Write code here that turns the phrase above into concrete actions
    throw new io.cucumber.java.PendingException();
}

	at io.cucumber.testng.TestCaseResultObserver.assertTestCasePassed(TestCaseResultObserver.java:112)
	at io.cucumber.testng.TestNGCucumberRunner.runScenario(TestNGCucumberRunner.java:125)
	at io.cucumber.testng.AbstractTestNGCucumberTests.runScenario(AbstractTestNGCucumberTests.java:29)
	at java.base/jdk.internal.reflect.NativeMethodAccessorImpl.invoke0(Native Method)
	at java.base/jdk.internal.reflect.NativeMethodAccessorImpl.invoke(NativeMethodAccessorImpl.java:77)
	at java.base/jdk.internal.reflect.DelegatingMethodAccessorImpl.invoke(DelegatingMethodAccessorImpl.java:43)
	at java.base/java.lang.reflect.Method.invoke(Method.java:568)
=======
                  <a name="runScenario(&quot;Klik cancel button saat menambahkan foto ttd&quot;, &quot;Upload Dokumen Testing&quot;)">
                  </a> <!-- runScenario("Klik cancel button saat menambahkan foto ttd", "Upload Dokumen Testing") -->
                  <span class="method-name">runScenario</span>
                  <span class="parameters">("Klik cancel button saat menambahkan foto ttd", "Upload Dokumen Testing")</span>
                  <div class="stack-trace">org.testng.SkipException: TODO: implement me
	at io.cucumber.testng.TestCaseResultObserver.assertTestCasePassed(TestCaseResultObserver.java:116)
	at io.cucumber.testng.TestNGCucumberRunner.runScenario(TestNGCucumberRunner.java:125)
	at io.cucumber.testng.AbstractTestNGCucumberTests.runScenario(AbstractTestNGCucumberTests.java:29)
	at java.base/jdk.internal.reflect.NativeMethodAccessorImpl.invoke0(Native Method)
	at java.base/jdk.internal.reflect.NativeMethodAccessorImpl.invoke(NativeMethodAccessorImpl.java:62)
	at java.base/jdk.internal.reflect.DelegatingMethodAccessorImpl.invoke(DelegatingMethodAccessorImpl.java:43)
	at java.base/java.lang.reflect.Method.invoke(Method.java:566)
>>>>>>> 613057208fa734a42df5b140688e1a593001d698
	at org.testng.internal.MethodInvocationHelper.invokeMethod(MethodInvocationHelper.java:134)
	at org.testng.internal.TestInvoker.invokeMethod(TestInvoker.java:597)
	at org.testng.internal.TestInvoker.invokeTestMethod(TestInvoker.java:173)
	at org.testng.internal.MethodRunner.runInSequence(MethodRunner.java:46)
	at org.testng.internal.TestInvoker$MethodInvocationAgent.invoke(TestInvoker.java:816)
	at org.testng.internal.TestInvoker.invokeTestMethods(TestInvoker.java:146)
	at org.testng.internal.TestMethodWorker.invokeTestMethods(TestMethodWorker.java:146)
	at org.testng.internal.TestMethodWorker.run(TestMethodWorker.java:128)
<<<<<<< HEAD
	at java.base/java.util.ArrayList.forEach(ArrayList.java:1511)
=======
	at java.base/java.util.ArrayList.forEach(ArrayList.java:1541)
>>>>>>> 613057208fa734a42df5b140688e1a593001d698
	at org.testng.TestRunner.privateRun(TestRunner.java:766)
	at org.testng.TestRunner.run(TestRunner.java:587)
	at org.testng.SuiteRunner.runTest(SuiteRunner.java:384)
	at org.testng.SuiteRunner.runSequentially(SuiteRunner.java:378)
	at org.testng.SuiteRunner.privateRun(SuiteRunner.java:337)
	at org.testng.SuiteRunner.run(SuiteRunner.java:286)
	at org.testng.SuiteRunnerWorker.runSuite(SuiteRunnerWorker.java:53)
	at org.testng.SuiteRunnerWorker.run(SuiteRunnerWorker.java:96)
	at org.testng.TestNG.runSuitesSequentially(TestNG.java:1187)
	at org.testng.TestNG.runSuitesLocally(TestNG.java:1109)
	at org.testng.TestNG.runSuites(TestNG.java:1039)
	at org.testng.TestNG.run(TestNG.java:1007)
	at org.testng.remote.AbstractRemoteTestNG.run(AbstractRemoteTestNG.java:115)
	at org.testng.remote.RemoteTestNG.initAndRun(RemoteTestNG.java:251)
	at org.testng.remote.RemoteTestNG.main(RemoteTestNG.java:77)
<<<<<<< HEAD
=======
Caused by: io.cucumber.java.PendingException: TODO: implement me
	at com.siloam.uploaddoc.UploadDocumentStepDef.user_tambah_foto(UploadDocumentStepDef.java:44)
	at ✽.User tambah foto(file:///home/ancient/Documents/MagangSQA/sqasiloamteamb/src/test/resources/features/UploadDocument.feature:52)
>>>>>>> 613057208fa734a42df5b140688e1a593001d698

</div> <!-- stack-trace -->
                  <em>
(Runs Cucumber Scenarios)                  </em>
                </div> <!-- method-content -->
              </div> <!-- method -->
              <div class="method">
                <div class="method-content">
<<<<<<< HEAD
                  <a name="runScenario(&quot;Form input alamat&quot;, &quot;Upload Dokumen Testing&quot;)">
                  </a> <!-- runScenario("Form input alamat", "Upload Dokumen Testing") -->
                  <span class="method-name">runScenario</span>
                  <span class="parameters">("Form input alamat", "Upload Dokumen Testing")</span>
                  <div class="stack-trace">io.cucumber.testng.UndefinedStepException: There were 2 undefined steps
The step &quot;User ubah alamat&quot; is undefined. You can implement it using the snippet(s) below:

@When(&quot;User ubah alamat&quot;)
public void user_ubah_alamat() {
    // Write code here that turns the phrase above into concrete actions
    throw new io.cucumber.java.PendingException();
}

The step &quot;Alamat berubah sesuai inputan&quot; is undefined. You can implement it using the snippet(s) below:

@Then(&quot;Alamat berubah sesuai inputan&quot;)
public void alamat_berubah_sesuai_inputan() {
    // Write code here that turns the phrase above into concrete actions
    throw new io.cucumber.java.PendingException();
}

	at io.cucumber.testng.TestCaseResultObserver.assertTestCasePassed(TestCaseResultObserver.java:112)
	at io.cucumber.testng.TestNGCucumberRunner.runScenario(TestNGCucumberRunner.java:125)
	at io.cucumber.testng.AbstractTestNGCucumberTests.runScenario(AbstractTestNGCucumberTests.java:29)
	at java.base/jdk.internal.reflect.NativeMethodAccessorImpl.invoke0(Native Method)
	at java.base/jdk.internal.reflect.NativeMethodAccessorImpl.invoke(NativeMethodAccessorImpl.java:77)
	at java.base/jdk.internal.reflect.DelegatingMethodAccessorImpl.invoke(DelegatingMethodAccessorImpl.java:43)
	at java.base/java.lang.reflect.Method.invoke(Method.java:568)
=======
                  <a name="runScenario(&quot;Menambahkan lengkap foto yang diminta sistem&quot;, &quot;Upload Dokumen Testing&quot;)">
                  </a> <!-- runScenario("Menambahkan lengkap foto yang diminta sistem", "Upload Dokumen Testing") -->
                  <span class="method-name">runScenario</span>
                  <span class="parameters">("Menambahkan lengkap foto yang diminta sistem", "Upload Dokumen Testing")</span>
                  <div class="stack-trace">org.testng.SkipException: TODO: implement me
	at io.cucumber.testng.TestCaseResultObserver.assertTestCasePassed(TestCaseResultObserver.java:116)
	at io.cucumber.testng.TestNGCucumberRunner.runScenario(TestNGCucumberRunner.java:125)
	at io.cucumber.testng.AbstractTestNGCucumberTests.runScenario(AbstractTestNGCucumberTests.java:29)
	at java.base/jdk.internal.reflect.NativeMethodAccessorImpl.invoke0(Native Method)
	at java.base/jdk.internal.reflect.NativeMethodAccessorImpl.invoke(NativeMethodAccessorImpl.java:62)
	at java.base/jdk.internal.reflect.DelegatingMethodAccessorImpl.invoke(DelegatingMethodAccessorImpl.java:43)
	at java.base/java.lang.reflect.Method.invoke(Method.java:566)
>>>>>>> 613057208fa734a42df5b140688e1a593001d698
	at org.testng.internal.MethodInvocationHelper.invokeMethod(MethodInvocationHelper.java:134)
	at org.testng.internal.TestInvoker.invokeMethod(TestInvoker.java:597)
	at org.testng.internal.TestInvoker.invokeTestMethod(TestInvoker.java:173)
	at org.testng.internal.MethodRunner.runInSequence(MethodRunner.java:46)
	at org.testng.internal.TestInvoker$MethodInvocationAgent.invoke(TestInvoker.java:816)
	at org.testng.internal.TestInvoker.invokeTestMethods(TestInvoker.java:146)
	at org.testng.internal.TestMethodWorker.invokeTestMethods(TestMethodWorker.java:146)
	at org.testng.internal.TestMethodWorker.run(TestMethodWorker.java:128)
<<<<<<< HEAD
	at java.base/java.util.ArrayList.forEach(ArrayList.java:1511)
=======
	at java.base/java.util.ArrayList.forEach(ArrayList.java:1541)
>>>>>>> 613057208fa734a42df5b140688e1a593001d698
	at org.testng.TestRunner.privateRun(TestRunner.java:766)
	at org.testng.TestRunner.run(TestRunner.java:587)
	at org.testng.SuiteRunner.runTest(SuiteRunner.java:384)
	at org.testng.SuiteRunner.runSequentially(SuiteRunner.java:378)
	at org.testng.SuiteRunner.privateRun(SuiteRunner.java:337)
	at org.testng.SuiteRunner.run(SuiteRunner.java:286)
	at org.testng.SuiteRunnerWorker.runSuite(SuiteRunnerWorker.java:53)
	at org.testng.SuiteRunnerWorker.run(SuiteRunnerWorker.java:96)
	at org.testng.TestNG.runSuitesSequentially(TestNG.java:1187)
	at org.testng.TestNG.runSuitesLocally(TestNG.java:1109)
	at org.testng.TestNG.runSuites(TestNG.java:1039)
	at org.testng.TestNG.run(TestNG.java:1007)
	at org.testng.remote.AbstractRemoteTestNG.run(AbstractRemoteTestNG.java:115)
	at org.testng.remote.RemoteTestNG.initAndRun(RemoteTestNG.java:251)
	at org.testng.remote.RemoteTestNG.main(RemoteTestNG.java:77)
<<<<<<< HEAD
=======
Caused by: io.cucumber.java.PendingException: TODO: implement me
	at com.siloam.uploaddoc.UploadDocumentStepDef.user_upload_tiga_foto_yang_diminta_sistem(UploadDocumentStepDef.java:104)
	at ✽.User upload tiga foto yang diminta sistem(file:///home/ancient/Documents/MagangSQA/sqasiloamteamb/src/test/resources/features/UploadDocument.feature:73)
>>>>>>> 613057208fa734a42df5b140688e1a593001d698

</div> <!-- stack-trace -->
                  <em>
(Runs Cucumber Scenarios)                  </em>
                </div> <!-- method-content -->
              </div> <!-- method -->
              <div class="method">
                <div class="method-content">
<<<<<<< HEAD
                  <a name="runScenario(&quot;Form input nomor ktp&quot;, &quot;Upload Dokumen Testing&quot;)">
                  </a> <!-- runScenario("Form input nomor ktp", "Upload Dokumen Testing") -->
                  <span class="method-name">runScenario</span>
                  <span class="parameters">("Form input nomor ktp", "Upload Dokumen Testing")</span>
                  <div class="stack-trace">io.cucumber.testng.UndefinedStepException: There were 2 undefined steps
The step &quot;User ubah nomor ktp&quot; is undefined. You can implement it using the snippet(s) below:

@When(&quot;User ubah nomor ktp&quot;)
public void user_ubah_nomor_ktp() {
    // Write code here that turns the phrase above into concrete actions
    throw new io.cucumber.java.PendingException();
}

The step &quot;Nomor ktp berubah sesuai inputan&quot; is undefined. You can implement it using the snippet(s) below:

@Then(&quot;Nomor ktp berubah sesuai inputan&quot;)
public void nomor_ktp_berubah_sesuai_inputan() {
    // Write code here that turns the phrase above into concrete actions
    throw new io.cucumber.java.PendingException();
}

	at io.cucumber.testng.TestCaseResultObserver.assertTestCasePassed(TestCaseResultObserver.java:112)
	at io.cucumber.testng.TestNGCucumberRunner.runScenario(TestNGCucumberRunner.java:125)
	at io.cucumber.testng.AbstractTestNGCucumberTests.runScenario(AbstractTestNGCucumberTests.java:29)
	at java.base/jdk.internal.reflect.NativeMethodAccessorImpl.invoke0(Native Method)
	at java.base/jdk.internal.reflect.NativeMethodAccessorImpl.invoke(NativeMethodAccessorImpl.java:77)
	at java.base/jdk.internal.reflect.DelegatingMethodAccessorImpl.invoke(DelegatingMethodAccessorImpl.java:43)
	at java.base/java.lang.reflect.Method.invoke(Method.java:568)
=======
                  <a name="runScenario(&quot;Upload foto faskes awal dengan benar&quot;, &quot;Upload Dokumen Testing&quot;)">
                  </a> <!-- runScenario("Upload foto faskes awal dengan benar", "Upload Dokumen Testing") -->
                  <span class="method-name">runScenario</span>
                  <span class="parameters">("Upload foto faskes awal dengan benar", "Upload Dokumen Testing")</span>
                  <div class="stack-trace">org.testng.SkipException: TODO: implement me
	at io.cucumber.testng.TestCaseResultObserver.assertTestCasePassed(TestCaseResultObserver.java:116)
	at io.cucumber.testng.TestNGCucumberRunner.runScenario(TestNGCucumberRunner.java:125)
	at io.cucumber.testng.AbstractTestNGCucumberTests.runScenario(AbstractTestNGCucumberTests.java:29)
	at java.base/jdk.internal.reflect.NativeMethodAccessorImpl.invoke0(Native Method)
	at java.base/jdk.internal.reflect.NativeMethodAccessorImpl.invoke(NativeMethodAccessorImpl.java:62)
	at java.base/jdk.internal.reflect.DelegatingMethodAccessorImpl.invoke(DelegatingMethodAccessorImpl.java:43)
	at java.base/java.lang.reflect.Method.invoke(Method.java:566)
>>>>>>> 613057208fa734a42df5b140688e1a593001d698
	at org.testng.internal.MethodInvocationHelper.invokeMethod(MethodInvocationHelper.java:134)
	at org.testng.internal.TestInvoker.invokeMethod(TestInvoker.java:597)
	at org.testng.internal.TestInvoker.invokeTestMethod(TestInvoker.java:173)
	at org.testng.internal.MethodRunner.runInSequence(MethodRunner.java:46)
	at org.testng.internal.TestInvoker$MethodInvocationAgent.invoke(TestInvoker.java:816)
	at org.testng.internal.TestInvoker.invokeTestMethods(TestInvoker.java:146)
	at org.testng.internal.TestMethodWorker.invokeTestMethods(TestMethodWorker.java:146)
	at org.testng.internal.TestMethodWorker.run(TestMethodWorker.java:128)
<<<<<<< HEAD
	at java.base/java.util.ArrayList.forEach(ArrayList.java:1511)
=======
	at java.base/java.util.ArrayList.forEach(ArrayList.java:1541)
>>>>>>> 613057208fa734a42df5b140688e1a593001d698
	at org.testng.TestRunner.privateRun(TestRunner.java:766)
	at org.testng.TestRunner.run(TestRunner.java:587)
	at org.testng.SuiteRunner.runTest(SuiteRunner.java:384)
	at org.testng.SuiteRunner.runSequentially(SuiteRunner.java:378)
	at org.testng.SuiteRunner.privateRun(SuiteRunner.java:337)
	at org.testng.SuiteRunner.run(SuiteRunner.java:286)
	at org.testng.SuiteRunnerWorker.runSuite(SuiteRunnerWorker.java:53)
	at org.testng.SuiteRunnerWorker.run(SuiteRunnerWorker.java:96)
	at org.testng.TestNG.runSuitesSequentially(TestNG.java:1187)
	at org.testng.TestNG.runSuitesLocally(TestNG.java:1109)
	at org.testng.TestNG.runSuites(TestNG.java:1039)
	at org.testng.TestNG.run(TestNG.java:1007)
	at org.testng.remote.AbstractRemoteTestNG.run(AbstractRemoteTestNG.java:115)
	at org.testng.remote.RemoteTestNG.initAndRun(RemoteTestNG.java:251)
	at org.testng.remote.RemoteTestNG.main(RemoteTestNG.java:77)
<<<<<<< HEAD
=======
Caused by: io.cucumber.java.PendingException: TODO: implement me
	at com.siloam.uploaddoc.UploadDocumentStepDef.user_tambah_foto_faskes_awal(UploadDocumentStepDef.java:62)
	at ✽.User tambah foto faskes awal(file:///home/ancient/Documents/MagangSQA/sqasiloamteamb/src/test/resources/features/UploadDocument.feature:25)
>>>>>>> 613057208fa734a42df5b140688e1a593001d698

</div> <!-- stack-trace -->
                  <em>
(Runs Cucumber Scenarios)                  </em>
                </div> <!-- method-content -->
              </div> <!-- method -->
              <div class="method">
                <div class="method-content">
<<<<<<< HEAD
                  <a name="runScenario(&quot;Edit data&quot;, &quot;Upload Dokumen Testing&quot;)">
                  </a> <!-- runScenario("Edit data", "Upload Dokumen Testing") -->
                  <span class="method-name">runScenario</span>
                  <span class="parameters">("Edit data", "Upload Dokumen Testing")</span>
                  <div class="stack-trace">io.cucumber.testng.UndefinedStepException: There were 2 undefined steps
The step &quot;User klik tombol edit data&quot; is undefined. You can implement it using the snippet(s) below:

@When(&quot;User klik tombol edit data&quot;)
public void user_klik_tombol_edit_data() {
    // Write code here that turns the phrase above into concrete actions
    throw new io.cucumber.java.PendingException();
}

The step &quot;Form menu input menjadi aktif&quot; is undefined. You can implement it using the snippet(s) below:

@Then(&quot;Form menu input menjadi aktif&quot;)
public void form_menu_input_menjadi_aktif() {
    // Write code here that turns the phrase above into concrete actions
    throw new io.cucumber.java.PendingException();
}

	at io.cucumber.testng.TestCaseResultObserver.assertTestCasePassed(TestCaseResultObserver.java:112)
	at io.cucumber.testng.TestNGCucumberRunner.runScenario(TestNGCucumberRunner.java:125)
	at io.cucumber.testng.AbstractTestNGCucumberTests.runScenario(AbstractTestNGCucumberTests.java:29)
	at java.base/jdk.internal.reflect.NativeMethodAccessorImpl.invoke0(Native Method)
	at java.base/jdk.internal.reflect.NativeMethodAccessorImpl.invoke(NativeMethodAccessorImpl.java:77)
	at java.base/jdk.internal.reflect.DelegatingMethodAccessorImpl.invoke(DelegatingMethodAccessorImpl.java:43)
	at java.base/java.lang.reflect.Method.invoke(Method.java:568)
=======
                  <a name="runScenario(&quot;Klik cancel button saat menambahkan foto faskes awal&quot;, &quot;Upload Dokumen Testing&quot;)">
                  </a> <!-- runScenario("Klik cancel button saat menambahkan foto faskes awal", "Upload Dokumen Testing") -->
                  <span class="method-name">runScenario</span>
                  <span class="parameters">("Klik cancel button saat menambahkan foto faskes awal", "Upload Dokumen Testing")</span>
                  <div class="stack-trace">org.testng.SkipException: TODO: implement me
	at io.cucumber.testng.TestCaseResultObserver.assertTestCasePassed(TestCaseResultObserver.java:116)
	at io.cucumber.testng.TestNGCucumberRunner.runScenario(TestNGCucumberRunner.java:125)
	at io.cucumber.testng.AbstractTestNGCucumberTests.runScenario(AbstractTestNGCucumberTests.java:29)
	at java.base/jdk.internal.reflect.NativeMethodAccessorImpl.invoke0(Native Method)
	at java.base/jdk.internal.reflect.NativeMethodAccessorImpl.invoke(NativeMethodAccessorImpl.java:62)
	at java.base/jdk.internal.reflect.DelegatingMethodAccessorImpl.invoke(DelegatingMethodAccessorImpl.java:43)
	at java.base/java.lang.reflect.Method.invoke(Method.java:566)
>>>>>>> 613057208fa734a42df5b140688e1a593001d698
	at org.testng.internal.MethodInvocationHelper.invokeMethod(MethodInvocationHelper.java:134)
	at org.testng.internal.TestInvoker.invokeMethod(TestInvoker.java:597)
	at org.testng.internal.TestInvoker.invokeTestMethod(TestInvoker.java:173)
	at org.testng.internal.MethodRunner.runInSequence(MethodRunner.java:46)
	at org.testng.internal.TestInvoker$MethodInvocationAgent.invoke(TestInvoker.java:816)
	at org.testng.internal.TestInvoker.invokeTestMethods(TestInvoker.java:146)
	at org.testng.internal.TestMethodWorker.invokeTestMethods(TestMethodWorker.java:146)
	at org.testng.internal.TestMethodWorker.run(TestMethodWorker.java:128)
<<<<<<< HEAD
	at java.base/java.util.ArrayList.forEach(ArrayList.java:1511)
=======
	at java.base/java.util.ArrayList.forEach(ArrayList.java:1541)
>>>>>>> 613057208fa734a42df5b140688e1a593001d698
	at org.testng.TestRunner.privateRun(TestRunner.java:766)
	at org.testng.TestRunner.run(TestRunner.java:587)
	at org.testng.SuiteRunner.runTest(SuiteRunner.java:384)
	at org.testng.SuiteRunner.runSequentially(SuiteRunner.java:378)
	at org.testng.SuiteRunner.privateRun(SuiteRunner.java:337)
	at org.testng.SuiteRunner.run(SuiteRunner.java:286)
	at org.testng.SuiteRunnerWorker.runSuite(SuiteRunnerWorker.java:53)
	at org.testng.SuiteRunnerWorker.run(SuiteRunnerWorker.java:96)
	at org.testng.TestNG.runSuitesSequentially(TestNG.java:1187)
	at org.testng.TestNG.runSuitesLocally(TestNG.java:1109)
	at org.testng.TestNG.runSuites(TestNG.java:1039)
	at org.testng.TestNG.run(TestNG.java:1007)
	at org.testng.remote.AbstractRemoteTestNG.run(AbstractRemoteTestNG.java:115)
	at org.testng.remote.RemoteTestNG.initAndRun(RemoteTestNG.java:251)
	at org.testng.remote.RemoteTestNG.main(RemoteTestNG.java:77)
<<<<<<< HEAD
=======
Caused by: io.cucumber.java.PendingException: TODO: implement me
	at com.siloam.uploaddoc.UploadDocumentStepDef.user_tambah_foto(UploadDocumentStepDef.java:44)
	at ✽.User tambah foto(file:///home/ancient/Documents/MagangSQA/sqasiloamteamb/src/test/resources/features/UploadDocument.feature:10)
>>>>>>> 613057208fa734a42df5b140688e1a593001d698

</div> <!-- stack-trace -->
                  <em>
(Runs Cucumber Scenarios)                  </em>
                </div> <!-- method-content -->
              </div> <!-- method -->
              <div class="method">
                <div class="method-content">
<<<<<<< HEAD
                  <a name="runScenario(&quot;Form input nomor bpjs&quot;, &quot;Upload Dokumen Testing&quot;)">
                  </a> <!-- runScenario("Form input nomor bpjs", "Upload Dokumen Testing") -->
                  <span class="method-name">runScenario</span>
                  <span class="parameters">("Form input nomor bpjs", "Upload Dokumen Testing")</span>
                  <div class="stack-trace">io.cucumber.testng.UndefinedStepException: There were 2 undefined steps
The step &quot;User ubah nomor bpjs&quot; is undefined. You can implement it using the snippet(s) below:

@When(&quot;User ubah nomor bpjs&quot;)
public void user_ubah_nomor_bpjs() {
    // Write code here that turns the phrase above into concrete actions
    throw new io.cucumber.java.PendingException();
}

The step &quot;Nomor bpjs berubah sesuai inputan&quot; is undefined. You can implement it using the snippet(s) below:

@Then(&quot;Nomor bpjs berubah sesuai inputan&quot;)
public void nomor_bpjs_berubah_sesuai_inputan() {
    // Write code here that turns the phrase above into concrete actions
    throw new io.cucumber.java.PendingException();
}

	at io.cucumber.testng.TestCaseResultObserver.assertTestCasePassed(TestCaseResultObserver.java:112)
	at io.cucumber.testng.TestNGCucumberRunner.runScenario(TestNGCucumberRunner.java:125)
	at io.cucumber.testng.AbstractTestNGCucumberTests.runScenario(AbstractTestNGCucumberTests.java:29)
	at java.base/jdk.internal.reflect.NativeMethodAccessorImpl.invoke0(Native Method)
	at java.base/jdk.internal.reflect.NativeMethodAccessorImpl.invoke(NativeMethodAccessorImpl.java:77)
	at java.base/jdk.internal.reflect.DelegatingMethodAccessorImpl.invoke(DelegatingMethodAccessorImpl.java:43)
	at java.base/java.lang.reflect.Method.invoke(Method.java:568)
=======
                  <a name="runScenario(&quot;Klik button selanjutnya menu upload dokumen&quot;, &quot;Upload Dokumen Testing&quot;)">
                  </a> <!-- runScenario("Klik button selanjutnya menu upload dokumen", "Upload Dokumen Testing") -->
                  <span class="method-name">runScenario</span>
                  <span class="parameters">("Klik button selanjutnya menu upload dokumen", "Upload Dokumen Testing")</span>
                  <div class="stack-trace">org.testng.SkipException: TODO: implement me
	at io.cucumber.testng.TestCaseResultObserver.assertTestCasePassed(TestCaseResultObserver.java:116)
	at io.cucumber.testng.TestNGCucumberRunner.runScenario(TestNGCucumberRunner.java:125)
	at io.cucumber.testng.AbstractTestNGCucumberTests.runScenario(AbstractTestNGCucumberTests.java:29)
	at java.base/jdk.internal.reflect.NativeMethodAccessorImpl.invoke0(Native Method)
	at java.base/jdk.internal.reflect.NativeMethodAccessorImpl.invoke(NativeMethodAccessorImpl.java:62)
	at java.base/jdk.internal.reflect.DelegatingMethodAccessorImpl.invoke(DelegatingMethodAccessorImpl.java:43)
	at java.base/java.lang.reflect.Method.invoke(Method.java:566)
>>>>>>> 613057208fa734a42df5b140688e1a593001d698
	at org.testng.internal.MethodInvocationHelper.invokeMethod(MethodInvocationHelper.java:134)
	at org.testng.internal.TestInvoker.invokeMethod(TestInvoker.java:597)
	at org.testng.internal.TestInvoker.invokeTestMethod(TestInvoker.java:173)
	at org.testng.internal.MethodRunner.runInSequence(MethodRunner.java:46)
	at org.testng.internal.TestInvoker$MethodInvocationAgent.invoke(TestInvoker.java:816)
	at org.testng.internal.TestInvoker.invokeTestMethods(TestInvoker.java:146)
	at org.testng.internal.TestMethodWorker.invokeTestMethods(TestMethodWorker.java:146)
	at org.testng.internal.TestMethodWorker.run(TestMethodWorker.java:128)
<<<<<<< HEAD
	at java.base/java.util.ArrayList.forEach(ArrayList.java:1511)
=======
	at java.base/java.util.ArrayList.forEach(ArrayList.java:1541)
>>>>>>> 613057208fa734a42df5b140688e1a593001d698
	at org.testng.TestRunner.privateRun(TestRunner.java:766)
	at org.testng.TestRunner.run(TestRunner.java:587)
	at org.testng.SuiteRunner.runTest(SuiteRunner.java:384)
	at org.testng.SuiteRunner.runSequentially(SuiteRunner.java:378)
	at org.testng.SuiteRunner.privateRun(SuiteRunner.java:337)
	at org.testng.SuiteRunner.run(SuiteRunner.java:286)
	at org.testng.SuiteRunnerWorker.runSuite(SuiteRunnerWorker.java:53)
	at org.testng.SuiteRunnerWorker.run(SuiteRunnerWorker.java:96)
	at org.testng.TestNG.runSuitesSequentially(TestNG.java:1187)
	at org.testng.TestNG.runSuitesLocally(TestNG.java:1109)
	at org.testng.TestNG.runSuites(TestNG.java:1039)
	at org.testng.TestNG.run(TestNG.java:1007)
	at org.testng.remote.AbstractRemoteTestNG.run(AbstractRemoteTestNG.java:115)
	at org.testng.remote.RemoteTestNG.initAndRun(RemoteTestNG.java:251)
	at org.testng.remote.RemoteTestNG.main(RemoteTestNG.java:77)
<<<<<<< HEAD
=======
Caused by: io.cucumber.java.PendingException: TODO: implement me
	at com.siloam.uploaddoc.UploadDocumentStepDef.user_klik_button_selanjutnya(UploadDocumentStepDef.java:122)
	at ✽.User klik button selanjutnya(file:///home/ancient/Documents/MagangSQA/sqasiloamteamb/src/test/resources/features/UploadDocument.feature:78)
>>>>>>> 613057208fa734a42df5b140688e1a593001d698

</div> <!-- stack-trace -->
                  <em>
(Runs Cucumber Scenarios)                  </em>
                </div> <!-- method-content -->
              </div> <!-- method -->
              <div class="method">
                <div class="method-content">
                  <a name="runScenario(&quot;Form input nama&quot;, &quot;Upload Dokumen Testing&quot;)">
                  </a> <!-- runScenario("Form input nama", "Upload Dokumen Testing") -->
                  <span class="method-name">runScenario</span>
                  <span class="parameters">("Form input nama", "Upload Dokumen Testing")</span>
                  <div class="stack-trace">io.cucumber.testng.UndefinedStepException: There were 2 undefined steps
The step &quot;User ubah nama&quot; is undefined. You can implement it using the snippet(s) below:

@When(&quot;User ubah nama&quot;)
public void user_ubah_nama() {
    // Write code here that turns the phrase above into concrete actions
    throw new io.cucumber.java.PendingException();
}

The step &quot;Nama berubah sesuai inputan&quot; is undefined. You can implement it using the snippet(s) below:

@Then(&quot;Nama berubah sesuai inputan&quot;)
public void nama_berubah_sesuai_inputan() {
    // Write code here that turns the phrase above into concrete actions
    throw new io.cucumber.java.PendingException();
}

	at io.cucumber.testng.TestCaseResultObserver.assertTestCasePassed(TestCaseResultObserver.java:112)
	at io.cucumber.testng.TestNGCucumberRunner.runScenario(TestNGCucumberRunner.java:125)
	at io.cucumber.testng.AbstractTestNGCucumberTests.runScenario(AbstractTestNGCucumberTests.java:29)
	at java.base/jdk.internal.reflect.NativeMethodAccessorImpl.invoke0(Native Method)
<<<<<<< HEAD
	at java.base/jdk.internal.reflect.NativeMethodAccessorImpl.invoke(NativeMethodAccessorImpl.java:77)
	at java.base/jdk.internal.reflect.DelegatingMethodAccessorImpl.invoke(DelegatingMethodAccessorImpl.java:43)
	at java.base/java.lang.reflect.Method.invoke(Method.java:568)
=======
	at java.base/jdk.internal.reflect.NativeMethodAccessorImpl.invoke(NativeMethodAccessorImpl.java:62)
	at java.base/jdk.internal.reflect.DelegatingMethodAccessorImpl.invoke(DelegatingMethodAccessorImpl.java:43)
	at java.base/java.lang.reflect.Method.invoke(Method.java:566)
>>>>>>> 613057208fa734a42df5b140688e1a593001d698
	at org.testng.internal.MethodInvocationHelper.invokeMethod(MethodInvocationHelper.java:134)
	at org.testng.internal.TestInvoker.invokeMethod(TestInvoker.java:597)
	at org.testng.internal.TestInvoker.invokeTestMethod(TestInvoker.java:173)
	at org.testng.internal.MethodRunner.runInSequence(MethodRunner.java:46)
	at org.testng.internal.TestInvoker$MethodInvocationAgent.invoke(TestInvoker.java:816)
	at org.testng.internal.TestInvoker.invokeTestMethods(TestInvoker.java:146)
	at org.testng.internal.TestMethodWorker.invokeTestMethods(TestMethodWorker.java:146)
	at org.testng.internal.TestMethodWorker.run(TestMethodWorker.java:128)
<<<<<<< HEAD
	at java.base/java.util.ArrayList.forEach(ArrayList.java:1511)
=======
	at java.base/java.util.ArrayList.forEach(ArrayList.java:1541)
>>>>>>> 613057208fa734a42df5b140688e1a593001d698
	at org.testng.TestRunner.privateRun(TestRunner.java:766)
	at org.testng.TestRunner.run(TestRunner.java:587)
	at org.testng.SuiteRunner.runTest(SuiteRunner.java:384)
	at org.testng.SuiteRunner.runSequentially(SuiteRunner.java:378)
	at org.testng.SuiteRunner.privateRun(SuiteRunner.java:337)
	at org.testng.SuiteRunner.run(SuiteRunner.java:286)
	at org.testng.SuiteRunnerWorker.runSuite(SuiteRunnerWorker.java:53)
	at org.testng.SuiteRunnerWorker.run(SuiteRunnerWorker.java:96)
	at org.testng.TestNG.runSuitesSequentially(TestNG.java:1187)
	at org.testng.TestNG.runSuitesLocally(TestNG.java:1109)
	at org.testng.TestNG.runSuites(TestNG.java:1039)
	at org.testng.TestNG.run(TestNG.java:1007)
	at org.testng.remote.AbstractRemoteTestNG.run(AbstractRemoteTestNG.java:115)
	at org.testng.remote.RemoteTestNG.initAndRun(RemoteTestNG.java:251)
	at org.testng.remote.RemoteTestNG.main(RemoteTestNG.java:77)
<<<<<<< HEAD
=======
Caused by: io.cucumber.java.PendingException: TODO: implement me
	at com.siloam.uploaddoc.UploadDocumentStepDef.user_tambah_foto_faskes_tujuan(UploadDocumentStepDef.java:92)
	at ✽.User tambah foto faskes tujuan(file:///home/ancient/Documents/MagangSQA/sqasiloamteamb/src/test/resources/features/UploadDocument.feature:36)
>>>>>>> 613057208fa734a42df5b140688e1a593001d698

</div> <!-- stack-trace -->
                  <em>
(Runs Cucumber Scenarios)                  </em>
                </div> <!-- method-content -->
              </div> <!-- method -->
              <div class="method">
                <div class="method-content">
<<<<<<< HEAD
                  <a name="runScenario(&quot;Button cancel edit&quot;, &quot;Upload Dokumen Testing&quot;)">
                  </a> <!-- runScenario("Button cancel edit", "Upload Dokumen Testing") -->
                  <span class="method-name">runScenario</span>
                  <span class="parameters">("Button cancel edit", "Upload Dokumen Testing")</span>
                  <div class="stack-trace">io.cucumber.testng.UndefinedStepException: There were 3 undefined steps
The step &quot;User klik cancel button saat edit&quot; is undefined. You can implement it using the snippet(s) below:

@When(&quot;User klik cancel button saat edit&quot;)
public void user_klik_cancel_button_saat_edit() {
    // Write code here that turns the phrase above into concrete actions
    throw new io.cucumber.java.PendingException();
}

The step &quot;Menu input data nonaktif&quot; is undefined. You can implement it using the snippet(s) below:

@Then(&quot;Menu input data nonaktif&quot;)
public void menu_input_data_nonaktif() {
    // Write code here that turns the phrase above into concrete actions
    throw new io.cucumber.java.PendingException();
}

The step &quot;Data tidak berubah&quot; is undefined. You can implement it using the snippet(s) below:

@Then(&quot;Data tidak berubah&quot;)
public void data_tidak_berubah() {
    // Write code here that turns the phrase above into concrete actions
    throw new io.cucumber.java.PendingException();
}

	at io.cucumber.testng.TestCaseResultObserver.assertTestCasePassed(TestCaseResultObserver.java:112)
	at io.cucumber.testng.TestNGCucumberRunner.runScenario(TestNGCucumberRunner.java:125)
	at io.cucumber.testng.AbstractTestNGCucumberTests.runScenario(AbstractTestNGCucumberTests.java:29)
	at java.base/jdk.internal.reflect.NativeMethodAccessorImpl.invoke0(Native Method)
	at java.base/jdk.internal.reflect.NativeMethodAccessorImpl.invoke(NativeMethodAccessorImpl.java:77)
	at java.base/jdk.internal.reflect.DelegatingMethodAccessorImpl.invoke(DelegatingMethodAccessorImpl.java:43)
	at java.base/java.lang.reflect.Method.invoke(Method.java:568)
=======
                  <a name="runScenario(&quot;Upload foto ttd dengan file selain format image&quot;, &quot;Upload Dokumen Testing&quot;)">
                  </a> <!-- runScenario("Upload foto ttd dengan file selain format image", "Upload Dokumen Testing") -->
                  <span class="method-name">runScenario</span>
                  <span class="parameters">("Upload foto ttd dengan file selain format image", "Upload Dokumen Testing")</span>
                  <div class="stack-trace">org.testng.SkipException: TODO: implement me
	at io.cucumber.testng.TestCaseResultObserver.assertTestCasePassed(TestCaseResultObserver.java:116)
	at io.cucumber.testng.TestNGCucumberRunner.runScenario(TestNGCucumberRunner.java:125)
	at io.cucumber.testng.AbstractTestNGCucumberTests.runScenario(AbstractTestNGCucumberTests.java:29)
	at java.base/jdk.internal.reflect.NativeMethodAccessorImpl.invoke0(Native Method)
	at java.base/jdk.internal.reflect.NativeMethodAccessorImpl.invoke(NativeMethodAccessorImpl.java:62)
	at java.base/jdk.internal.reflect.DelegatingMethodAccessorImpl.invoke(DelegatingMethodAccessorImpl.java:43)
	at java.base/java.lang.reflect.Method.invoke(Method.java:566)
>>>>>>> 613057208fa734a42df5b140688e1a593001d698
	at org.testng.internal.MethodInvocationHelper.invokeMethod(MethodInvocationHelper.java:134)
	at org.testng.internal.TestInvoker.invokeMethod(TestInvoker.java:597)
	at org.testng.internal.TestInvoker.invokeTestMethod(TestInvoker.java:173)
	at org.testng.internal.MethodRunner.runInSequence(MethodRunner.java:46)
	at org.testng.internal.TestInvoker$MethodInvocationAgent.invoke(TestInvoker.java:816)
	at org.testng.internal.TestInvoker.invokeTestMethods(TestInvoker.java:146)
	at org.testng.internal.TestMethodWorker.invokeTestMethods(TestMethodWorker.java:146)
	at org.testng.internal.TestMethodWorker.run(TestMethodWorker.java:128)
<<<<<<< HEAD
	at java.base/java.util.ArrayList.forEach(ArrayList.java:1511)
=======
	at java.base/java.util.ArrayList.forEach(ArrayList.java:1541)
>>>>>>> 613057208fa734a42df5b140688e1a593001d698
	at org.testng.TestRunner.privateRun(TestRunner.java:766)
	at org.testng.TestRunner.run(TestRunner.java:587)
	at org.testng.SuiteRunner.runTest(SuiteRunner.java:384)
	at org.testng.SuiteRunner.runSequentially(SuiteRunner.java:378)
	at org.testng.SuiteRunner.privateRun(SuiteRunner.java:337)
	at org.testng.SuiteRunner.run(SuiteRunner.java:286)
	at org.testng.SuiteRunnerWorker.runSuite(SuiteRunnerWorker.java:53)
	at org.testng.SuiteRunnerWorker.run(SuiteRunnerWorker.java:96)
	at org.testng.TestNG.runSuitesSequentially(TestNG.java:1187)
	at org.testng.TestNG.runSuitesLocally(TestNG.java:1109)
	at org.testng.TestNG.runSuites(TestNG.java:1039)
	at org.testng.TestNG.run(TestNG.java:1007)
	at org.testng.remote.AbstractRemoteTestNG.run(AbstractRemoteTestNG.java:115)
	at org.testng.remote.RemoteTestNG.initAndRun(RemoteTestNG.java:251)
	at org.testng.remote.RemoteTestNG.main(RemoteTestNG.java:77)
<<<<<<< HEAD
=======
Caused by: io.cucumber.java.PendingException: TODO: implement me
	at com.siloam.uploaddoc.UploadDocumentStepDef.user_tambah_foto_ttd(UploadDocumentStepDef.java:98)
	at ✽.User tambah foto ttd(file:///home/ancient/Documents/MagangSQA/sqasiloamteamb/src/test/resources/features/UploadDocument.feature:62)
>>>>>>> 613057208fa734a42df5b140688e1a593001d698

</div> <!-- stack-trace -->
                  <em>
(Runs Cucumber Scenarios)                  </em>
                </div> <!-- method-content -->
              </div> <!-- method -->
              <div class="method">
                <div class="method-content">
<<<<<<< HEAD
                  <a name="runScenario(&quot;Delete file dokumen&quot;, &quot;Upload Dokumen Testing&quot;)">
                  </a> <!-- runScenario("Delete file dokumen", "Upload Dokumen Testing") -->
                  <span class="method-name">runScenario</span>
                  <span class="parameters">("Delete file dokumen", "Upload Dokumen Testing")</span>
                  <div class="stack-trace">io.cucumber.testng.UndefinedStepException: There were 3 undefined steps
The step &quot;User hapus file&quot; is undefined. You can implement it using the snippet(s) below:

@When(&quot;User hapus file&quot;)
public void user_hapus_file() {
    // Write code here that turns the phrase above into concrete actions
    throw new io.cucumber.java.PendingException();
}

The step &quot;tampil alert konfirmasi lalu file terhapus&quot; is undefined. You can implement it using the snippet(s) below:

@Then(&quot;tampil alert konfirmasi lalu file terhapus&quot;)
public void tampil_alert_konfirmasi_lalu_file_terhapus() {
    // Write code here that turns the phrase above into concrete actions
    throw new io.cucumber.java.PendingException();
}

The step &quot;Button submit nonaktif&quot; is undefined. You can implement it using the snippet(s) below:

@Then(&quot;Button submit nonaktif&quot;)
public void button_submit_nonaktif() {
    // Write code here that turns the phrase above into concrete actions
    throw new io.cucumber.java.PendingException();
}

	at io.cucumber.testng.TestCaseResultObserver.assertTestCasePassed(TestCaseResultObserver.java:112)
	at io.cucumber.testng.TestNGCucumberRunner.runScenario(TestNGCucumberRunner.java:125)
	at io.cucumber.testng.AbstractTestNGCucumberTests.runScenario(AbstractTestNGCucumberTests.java:29)
	at java.base/jdk.internal.reflect.NativeMethodAccessorImpl.invoke0(Native Method)
	at java.base/jdk.internal.reflect.NativeMethodAccessorImpl.invoke(NativeMethodAccessorImpl.java:77)
	at java.base/jdk.internal.reflect.DelegatingMethodAccessorImpl.invoke(DelegatingMethodAccessorImpl.java:43)
	at java.base/java.lang.reflect.Method.invoke(Method.java:568)
=======
                  <a name="runScenario(&quot;Upload foto ttd file size diatas 5mb&quot;, &quot;Upload Dokumen Testing&quot;)">
                  </a> <!-- runScenario("Upload foto ttd file size diatas 5mb", "Upload Dokumen Testing") -->
                  <span class="method-name">runScenario</span>
                  <span class="parameters">("Upload foto ttd file size diatas 5mb", "Upload Dokumen Testing")</span>
                  <div class="stack-trace">org.testng.SkipException: TODO: implement me
	at io.cucumber.testng.TestCaseResultObserver.assertTestCasePassed(TestCaseResultObserver.java:116)
	at io.cucumber.testng.TestNGCucumberRunner.runScenario(TestNGCucumberRunner.java:125)
	at io.cucumber.testng.AbstractTestNGCucumberTests.runScenario(AbstractTestNGCucumberTests.java:29)
	at java.base/jdk.internal.reflect.NativeMethodAccessorImpl.invoke0(Native Method)
	at java.base/jdk.internal.reflect.NativeMethodAccessorImpl.invoke(NativeMethodAccessorImpl.java:62)
	at java.base/jdk.internal.reflect.DelegatingMethodAccessorImpl.invoke(DelegatingMethodAccessorImpl.java:43)
	at java.base/java.lang.reflect.Method.invoke(Method.java:566)
>>>>>>> 613057208fa734a42df5b140688e1a593001d698
	at org.testng.internal.MethodInvocationHelper.invokeMethod(MethodInvocationHelper.java:134)
	at org.testng.internal.TestInvoker.invokeMethod(TestInvoker.java:597)
	at org.testng.internal.TestInvoker.invokeTestMethod(TestInvoker.java:173)
	at org.testng.internal.MethodRunner.runInSequence(MethodRunner.java:46)
	at org.testng.internal.TestInvoker$MethodInvocationAgent.invoke(TestInvoker.java:816)
	at org.testng.internal.TestInvoker.invokeTestMethods(TestInvoker.java:146)
	at org.testng.internal.TestMethodWorker.invokeTestMethods(TestMethodWorker.java:146)
	at org.testng.internal.TestMethodWorker.run(TestMethodWorker.java:128)
<<<<<<< HEAD
	at java.base/java.util.ArrayList.forEach(ArrayList.java:1511)
=======
	at java.base/java.util.ArrayList.forEach(ArrayList.java:1541)
>>>>>>> 613057208fa734a42df5b140688e1a593001d698
	at org.testng.TestRunner.privateRun(TestRunner.java:766)
	at org.testng.TestRunner.run(TestRunner.java:587)
	at org.testng.SuiteRunner.runTest(SuiteRunner.java:384)
	at org.testng.SuiteRunner.runSequentially(SuiteRunner.java:378)
	at org.testng.SuiteRunner.privateRun(SuiteRunner.java:337)
	at org.testng.SuiteRunner.run(SuiteRunner.java:286)
	at org.testng.SuiteRunnerWorker.runSuite(SuiteRunnerWorker.java:53)
	at org.testng.SuiteRunnerWorker.run(SuiteRunnerWorker.java:96)
	at org.testng.TestNG.runSuitesSequentially(TestNG.java:1187)
	at org.testng.TestNG.runSuitesLocally(TestNG.java:1109)
	at org.testng.TestNG.runSuites(TestNG.java:1039)
	at org.testng.TestNG.run(TestNG.java:1007)
	at org.testng.remote.AbstractRemoteTestNG.run(AbstractRemoteTestNG.java:115)
	at org.testng.remote.RemoteTestNG.initAndRun(RemoteTestNG.java:251)
	at org.testng.remote.RemoteTestNG.main(RemoteTestNG.java:77)
<<<<<<< HEAD
=======
Caused by: io.cucumber.java.PendingException: TODO: implement me
	at com.siloam.uploaddoc.UploadDocumentStepDef.user_tambah_foto_ttd(UploadDocumentStepDef.java:98)
	at ✽.User tambah foto ttd(file:///home/ancient/Documents/MagangSQA/sqasiloamteamb/src/test/resources/features/UploadDocument.feature:57)
>>>>>>> 613057208fa734a42df5b140688e1a593001d698

</div> <!-- stack-trace -->
                  <em>
(Runs Cucumber Scenarios)                  </em>
                </div> <!-- method-content -->
              </div> <!-- method -->
              <div class="method">
                <div class="method-content">
<<<<<<< HEAD
                  <a name="runScenario(&quot;Form input faskes tujuan&quot;, &quot;Upload Dokumen Testing&quot;)">
                  </a> <!-- runScenario("Form input faskes tujuan", "Upload Dokumen Testing") -->
                  <span class="method-name">runScenario</span>
                  <span class="parameters">("Form input faskes tujuan", "Upload Dokumen Testing")</span>
                  <div class="stack-trace">io.cucumber.testng.UndefinedStepException: There were 2 undefined steps
The step &quot;User ubah faskes tujuan&quot; is undefined. You can implement it using the snippet(s) below:

@When(&quot;User ubah faskes tujuan&quot;)
public void user_ubah_faskes_tujuan() {
    // Write code here that turns the phrase above into concrete actions
    throw new io.cucumber.java.PendingException();
}

The step &quot;faskes tujuan berubah sesuai pilihan&quot; is undefined. You can implement it using the snippet(s) below:

@Then(&quot;faskes tujuan berubah sesuai pilihan&quot;)
public void faskes_tujuan_berubah_sesuai_pilihan() {
    // Write code here that turns the phrase above into concrete actions
    throw new io.cucumber.java.PendingException();
}

	at io.cucumber.testng.TestCaseResultObserver.assertTestCasePassed(TestCaseResultObserver.java:112)
	at io.cucumber.testng.TestNGCucumberRunner.runScenario(TestNGCucumberRunner.java:125)
	at io.cucumber.testng.AbstractTestNGCucumberTests.runScenario(AbstractTestNGCucumberTests.java:29)
	at java.base/jdk.internal.reflect.NativeMethodAccessorImpl.invoke0(Native Method)
	at java.base/jdk.internal.reflect.NativeMethodAccessorImpl.invoke(NativeMethodAccessorImpl.java:77)
	at java.base/jdk.internal.reflect.DelegatingMethodAccessorImpl.invoke(DelegatingMethodAccessorImpl.java:43)
	at java.base/java.lang.reflect.Method.invoke(Method.java:568)
=======
                  <a name="runScenario(&quot;Upload foto faskes awal dengan file selain format image&quot;, &quot;Upload Dokumen Testing&quot;)">
                  </a> <!-- runScenario("Upload foto faskes awal dengan file selain format image", "Upload Dokumen Testing") -->
                  <span class="method-name">runScenario</span>
                  <span class="parameters">("Upload foto faskes awal dengan file selain format image", "Upload Dokumen Testing")</span>
                  <div class="stack-trace">org.testng.SkipException: TODO: implement me
	at io.cucumber.testng.TestCaseResultObserver.assertTestCasePassed(TestCaseResultObserver.java:116)
	at io.cucumber.testng.TestNGCucumberRunner.runScenario(TestNGCucumberRunner.java:125)
	at io.cucumber.testng.AbstractTestNGCucumberTests.runScenario(AbstractTestNGCucumberTests.java:29)
	at java.base/jdk.internal.reflect.NativeMethodAccessorImpl.invoke0(Native Method)
	at java.base/jdk.internal.reflect.NativeMethodAccessorImpl.invoke(NativeMethodAccessorImpl.java:62)
	at java.base/jdk.internal.reflect.DelegatingMethodAccessorImpl.invoke(DelegatingMethodAccessorImpl.java:43)
	at java.base/java.lang.reflect.Method.invoke(Method.java:566)
>>>>>>> 613057208fa734a42df5b140688e1a593001d698
	at org.testng.internal.MethodInvocationHelper.invokeMethod(MethodInvocationHelper.java:134)
	at org.testng.internal.TestInvoker.invokeMethod(TestInvoker.java:597)
	at org.testng.internal.TestInvoker.invokeTestMethod(TestInvoker.java:173)
	at org.testng.internal.MethodRunner.runInSequence(MethodRunner.java:46)
	at org.testng.internal.TestInvoker$MethodInvocationAgent.invoke(TestInvoker.java:816)
	at org.testng.internal.TestInvoker.invokeTestMethods(TestInvoker.java:146)
	at org.testng.internal.TestMethodWorker.invokeTestMethods(TestMethodWorker.java:146)
	at org.testng.internal.TestMethodWorker.run(TestMethodWorker.java:128)
<<<<<<< HEAD
	at java.base/java.util.ArrayList.forEach(ArrayList.java:1511)
=======
	at java.base/java.util.ArrayList.forEach(ArrayList.java:1541)
>>>>>>> 613057208fa734a42df5b140688e1a593001d698
	at org.testng.TestRunner.privateRun(TestRunner.java:766)
	at org.testng.TestRunner.run(TestRunner.java:587)
	at org.testng.SuiteRunner.runTest(SuiteRunner.java:384)
	at org.testng.SuiteRunner.runSequentially(SuiteRunner.java:378)
	at org.testng.SuiteRunner.privateRun(SuiteRunner.java:337)
	at org.testng.SuiteRunner.run(SuiteRunner.java:286)
	at org.testng.SuiteRunnerWorker.runSuite(SuiteRunnerWorker.java:53)
	at org.testng.SuiteRunnerWorker.run(SuiteRunnerWorker.java:96)
	at org.testng.TestNG.runSuitesSequentially(TestNG.java:1187)
	at org.testng.TestNG.runSuitesLocally(TestNG.java:1109)
	at org.testng.TestNG.runSuites(TestNG.java:1039)
	at org.testng.TestNG.run(TestNG.java:1007)
	at org.testng.remote.AbstractRemoteTestNG.run(AbstractRemoteTestNG.java:115)
	at org.testng.remote.RemoteTestNG.initAndRun(RemoteTestNG.java:251)
	at org.testng.remote.RemoteTestNG.main(RemoteTestNG.java:77)
<<<<<<< HEAD
=======
Caused by: io.cucumber.java.PendingException: TODO: implement me
	at com.siloam.uploaddoc.UploadDocumentStepDef.user_tambah_foto_faskes_awal(UploadDocumentStepDef.java:62)
	at ✽.User tambah foto faskes awal(file:///home/ancient/Documents/MagangSQA/sqasiloamteamb/src/test/resources/features/UploadDocument.feature:20)
>>>>>>> 613057208fa734a42df5b140688e1a593001d698

</div> <!-- stack-trace -->
                  <em>
(Runs Cucumber Scenarios)                  </em>
                </div> <!-- method-content -->
              </div> <!-- method -->
            </div> <!-- main-panel-content rounded-window-bottom -->
          </div> <!-- suite-Default_suite-class-skipped -->
        </div> <!-- panel Default_suite -->
        <div panel-name="test-xml-Default_suite" class="panel">
          <div class="main-panel-header rounded-window-top">
<<<<<<< HEAD
            <span class="header-content">C:\Users\Ben\AppData\Local\Temp\testng-eclipse--1468158191\testng-customsuite.xml</span>
=======
            <span class="header-content">/tmp/testng-eclipse-1824503063/testng-customsuite.xml</span>
>>>>>>> 613057208fa734a42df5b140688e1a593001d698
          </div> <!-- main-panel-header rounded-window-top -->
          <div class="main-panel-content rounded-window-bottom">
            <pre>
&lt;?xml version=&quot;1.0&quot; encoding=&quot;UTF-8&quot;?&gt;
&lt;!DOCTYPE suite SYSTEM &quot;https://testng.org/testng-1.0.dtd&quot;&gt;
&lt;suite name=&quot;Default suite&quot; guice-stage=&quot;DEVELOPMENT&quot;&gt;
  &lt;test thread-count=&quot;5&quot; name=&quot;Default test&quot; verbose=&quot;2&quot;&gt;
    &lt;classes&gt;
      &lt;class name=&quot;com.siloam.runner.RunnerFiles&quot;/&gt;
    &lt;/classes&gt;
  &lt;/test&gt; &lt;!-- Default test --&gt;
&lt;/suite&gt; &lt;!-- Default suite --&gt;
            </pre>
          </div> <!-- main-panel-content rounded-window-bottom -->
        </div> <!-- panel -->
        <div panel-name="testlist-Default_suite" class="panel">
          <div class="main-panel-header rounded-window-top">
            <span class="header-content">Tests for Default suite</span>
          </div> <!-- main-panel-header rounded-window-top -->
          <div class="main-panel-content rounded-window-bottom">
            <ul>
              <li>
                <span class="test-name">Default test (1 class)</span>
              </li>
            </ul>
          </div> <!-- main-panel-content rounded-window-bottom -->
        </div> <!-- panel -->
        <div panel-name="group-Default_suite" class="panel">
          <div class="main-panel-header rounded-window-top">
            <span class="header-content">Groups for Default suite</span>
          </div> <!-- main-panel-header rounded-window-top -->
          <div class="main-panel-content rounded-window-bottom">
            <div class="test-group">
              <span class="test-group-name">cucumber</span>
              <br/>
              <div class="method-in-group">
                <span class="method-in-group-name">runScenario</span>
                <br/>
              </div> <!-- method-in-group -->
            </div> <!-- test-group -->
          </div> <!-- main-panel-content rounded-window-bottom -->
        </div> <!-- panel -->
        <div panel-name="times-Default_suite" class="panel">
          <div class="main-panel-header rounded-window-top">
            <span class="header-content">Times for Default suite</span>
          </div> <!-- main-panel-header rounded-window-top -->
          <div class="main-panel-content rounded-window-bottom">
            <div class="times-div">
              <script type="text/javascript">
suiteTableInitFunctions.push('tableData_Default_suite');
function tableData_Default_suite() {
var data = new google.visualization.DataTable();
data.addColumn('number', 'Number');
data.addColumn('string', 'Method');
data.addColumn('string', 'Class');
data.addColumn('number', 'Time (ms)');
data.addRows(14);
data.setCell(0, 0, 0)
data.setCell(0, 1, 'runScenario')
data.setCell(0, 2, 'com.siloam.runner.RunnerFiles')
<<<<<<< HEAD
data.setCell(0, 3, 187);
data.setCell(1, 0, 1)
data.setCell(1, 1, 'runScenario')
data.setCell(1, 2, 'com.siloam.runner.RunnerFiles')
data.setCell(1, 3, 15);
data.setCell(2, 0, 2)
data.setCell(2, 1, 'runScenario')
data.setCell(2, 2, 'com.siloam.runner.RunnerFiles')
data.setCell(2, 3, 11);
data.setCell(3, 0, 3)
data.setCell(3, 1, 'runScenario')
data.setCell(3, 2, 'com.siloam.runner.RunnerFiles')
data.setCell(3, 3, 10);
data.setCell(4, 0, 4)
data.setCell(4, 1, 'runScenario')
data.setCell(4, 2, 'com.siloam.runner.RunnerFiles')
data.setCell(4, 3, 9);
data.setCell(5, 0, 5)
data.setCell(5, 1, 'runScenario')
data.setCell(5, 2, 'com.siloam.runner.RunnerFiles')
data.setCell(5, 3, 8);
data.setCell(6, 0, 6)
data.setCell(6, 1, 'runScenario')
data.setCell(6, 2, 'com.siloam.runner.RunnerFiles')
data.setCell(6, 3, 8);
data.setCell(7, 0, 7)
data.setCell(7, 1, 'runScenario')
data.setCell(7, 2, 'com.siloam.runner.RunnerFiles')
data.setCell(7, 3, 7);
data.setCell(8, 0, 8)
data.setCell(8, 1, 'runScenario')
data.setCell(8, 2, 'com.siloam.runner.RunnerFiles')
data.setCell(8, 3, 6);
data.setCell(9, 0, 9)
data.setCell(9, 1, 'runScenario')
data.setCell(9, 2, 'com.siloam.runner.RunnerFiles')
data.setCell(9, 3, 6);
data.setCell(10, 0, 10)
data.setCell(10, 1, 'runScenario')
data.setCell(10, 2, 'com.siloam.runner.RunnerFiles')
data.setCell(10, 3, 6);
data.setCell(11, 0, 11)
data.setCell(11, 1, 'runScenario')
data.setCell(11, 2, 'com.siloam.runner.RunnerFiles')
data.setCell(11, 3, 6);
data.setCell(12, 0, 12)
data.setCell(12, 1, 'runScenario')
data.setCell(12, 2, 'com.siloam.runner.RunnerFiles')
data.setCell(12, 3, 5);
data.setCell(13, 0, 13)
data.setCell(13, 1, 'runScenario')
data.setCell(13, 2, 'com.siloam.runner.RunnerFiles')
data.setCell(13, 3, 5);
=======
data.setCell(0, 3, 323);
data.setCell(1, 0, 1)
data.setCell(1, 1, 'runScenario')
data.setCell(1, 2, 'com.siloam.runner.RunnerFiles')
data.setCell(1, 3, 23);
data.setCell(2, 0, 2)
data.setCell(2, 1, 'runScenario')
data.setCell(2, 2, 'com.siloam.runner.RunnerFiles')
data.setCell(2, 3, 21);
data.setCell(3, 0, 3)
data.setCell(3, 1, 'runScenario')
data.setCell(3, 2, 'com.siloam.runner.RunnerFiles')
data.setCell(3, 3, 21);
data.setCell(4, 0, 4)
data.setCell(4, 1, 'runScenario')
data.setCell(4, 2, 'com.siloam.runner.RunnerFiles')
data.setCell(4, 3, 19);
data.setCell(5, 0, 5)
data.setCell(5, 1, 'runScenario')
data.setCell(5, 2, 'com.siloam.runner.RunnerFiles')
data.setCell(5, 3, 19);
data.setCell(6, 0, 6)
data.setCell(6, 1, 'runScenario')
data.setCell(6, 2, 'com.siloam.runner.RunnerFiles')
data.setCell(6, 3, 18);
data.setCell(7, 0, 7)
data.setCell(7, 1, 'runScenario')
data.setCell(7, 2, 'com.siloam.runner.RunnerFiles')
data.setCell(7, 3, 17);
data.setCell(8, 0, 8)
data.setCell(8, 1, 'runScenario')
data.setCell(8, 2, 'com.siloam.runner.RunnerFiles')
data.setCell(8, 3, 14);
data.setCell(9, 0, 9)
data.setCell(9, 1, 'runScenario')
data.setCell(9, 2, 'com.siloam.runner.RunnerFiles')
data.setCell(9, 3, 12);
data.setCell(10, 0, 10)
data.setCell(10, 1, 'runScenario')
data.setCell(10, 2, 'com.siloam.runner.RunnerFiles')
data.setCell(10, 3, 12);
data.setCell(11, 0, 11)
data.setCell(11, 1, 'runScenario')
data.setCell(11, 2, 'com.siloam.runner.RunnerFiles')
data.setCell(11, 3, 12);
data.setCell(12, 0, 12)
data.setCell(12, 1, 'runScenario')
data.setCell(12, 2, 'com.siloam.runner.RunnerFiles')
data.setCell(12, 3, 12);
data.setCell(13, 0, 13)
data.setCell(13, 1, 'runScenario')
data.setCell(13, 2, 'com.siloam.runner.RunnerFiles')
data.setCell(13, 3, 11);
data.setCell(14, 0, 14)
data.setCell(14, 1, 'runScenario')
data.setCell(14, 2, 'com.siloam.runner.RunnerFiles')
data.setCell(14, 3, 9);
>>>>>>> 613057208fa734a42df5b140688e1a593001d698
window.suiteTableData['Default_suite']= { tableData: data, tableDiv: 'times-div-Default_suite'}
return data;
}
              </script>
<<<<<<< HEAD
              <span class="suite-total-time">Total running time: 289 ms</span>
=======
              <span class="suite-total-time">Total running time: 543 ms</span>
>>>>>>> 613057208fa734a42df5b140688e1a593001d698
              <div id="times-div-Default_suite">
              </div> <!-- times-div-Default_suite -->
            </div> <!-- times-div -->
          </div> <!-- main-panel-content rounded-window-bottom -->
        </div> <!-- panel -->
        <div panel-name="reporter-Default_suite" class="panel">
          <div class="main-panel-header rounded-window-top">
            <span class="header-content">Reporter output for Default suite</span>
          </div> <!-- main-panel-header rounded-window-top -->
          <div class="main-panel-content rounded-window-bottom">
          </div> <!-- main-panel-content rounded-window-bottom -->
        </div> <!-- panel -->
        <div panel-name="ignored-methods-Default_suite" class="panel">
          <div class="main-panel-header rounded-window-top">
            <span class="header-content">0 ignored methods</span>
          </div> <!-- main-panel-header rounded-window-top -->
          <div class="main-panel-content rounded-window-bottom">
          </div> <!-- main-panel-content rounded-window-bottom -->
        </div> <!-- panel -->
        <div panel-name="chronological-Default_suite" class="panel">
          <div class="main-panel-header rounded-window-top">
            <span class="header-content">Methods in chronological order</span>
          </div> <!-- main-panel-header rounded-window-top -->
          <div class="main-panel-content rounded-window-bottom">
            <div class="chronological-class">
              <div class="chronological-class-name">com.siloam.runner.RunnerFiles</div> <!-- chronological-class-name -->
              <div class="configuration-class before">
                <span class="method-name">setUpClass</span>
                <span class="method-start">0 ms</span>
              </div> <!-- configuration-class before -->
              <div class="test-method">
<<<<<<< HEAD
                <span class="method-name">runScenario("Klik button Collapse / Expand", "Upload Dokumen Testing")</span>
                <span class="method-start">579 ms</span>
              </div> <!-- test-method -->
              <div class="test-method">
                <span class="method-name">runScenario("Edit data", "Upload Dokumen Testing")</span>
                <span class="method-start">774 ms</span>
              </div> <!-- test-method -->
              <div class="test-method">
                <span class="method-name">runScenario("Form input nama", "Upload Dokumen Testing")</span>
                <span class="method-start">785 ms</span>
              </div> <!-- test-method -->
              <div class="test-method">
                <span class="method-name">runScenario("Form input nomor bpjs", "Upload Dokumen Testing")</span>
                <span class="method-start">800 ms</span>
              </div> <!-- test-method -->
              <div class="test-method">
                <span class="method-name">runScenario("Form input nomor ktp", "Upload Dokumen Testing")</span>
                <span class="method-start">807 ms</span>
              </div> <!-- test-method -->
              <div class="test-method">
                <span class="method-name">runScenario("Form input alamat", "Upload Dokumen Testing")</span>
                <span class="method-start">817 ms</span>
              </div> <!-- test-method -->
              <div class="test-method">
                <span class="method-name">runScenario("Form input kota ktp", "Upload Dokumen Testing")</span>
                <span class="method-start">829 ms</span>
              </div> <!-- test-method -->
              <div class="test-method">
                <span class="method-name">runScenario("Form input faskes awal", "Upload Dokumen Testing")</span>
                <span class="method-start">840 ms</span>
              </div> <!-- test-method -->
              <div class="test-method">
                <span class="method-name">runScenario("Form input faskes tujuan", "Upload Dokumen Testing")</span>
                <span class="method-start">847 ms</span>
              </div> <!-- test-method -->
              <div class="test-method">
                <span class="method-name">runScenario("Form input alasan", "Upload Dokumen Testing")</span>
                <span class="method-start">854 ms</span>
              </div> <!-- test-method -->
              <div class="test-method">
                <span class="method-name">runScenario("Button cancel edit", "Upload Dokumen Testing")</span>
                <span class="method-start">864 ms</span>
              </div> <!-- test-method -->
              <div class="test-method">
                <span class="method-name">runScenario("Delete file dokumen", "Upload Dokumen Testing")</span>
                <span class="method-start">873 ms</span>
              </div> <!-- test-method -->
              <div class="test-method">
                <span class="method-name">runScenario("Preview dokumen perjanjian", "Upload Dokumen Testing")</span>
                <span class="method-start">882 ms</span>
              </div> <!-- test-method -->
              <div class="test-method">
                <span class="method-name">runScenario("Button submit", "Upload Dokumen Testing")</span>
                <span class="method-start">899 ms</span>
              </div> <!-- test-method -->
              <div class="configuration-class after">
                <span class="method-name">tearDownClass</span>
                <span class="method-start">909 ms</span>
=======
                <img src="failed.png">
                </img>
                <span class="method-name">runScenario("Akses menu upload document", "Upload Dokumen Testing")</span>
                <span class="method-start">897 ms</span>
              </div> <!-- test-method -->
              <div class="test-method">
                <span class="method-name">runScenario("Klik cancel button saat menambahkan foto faskes awal", "Upload Dokumen Testing")</span>
                <span class="method-start">1227 ms</span>
              </div> <!-- test-method -->
              <div class="test-method">
                <span class="method-name">runScenario("Upload foto faskes awal file size diatas 5mb", "Upload Dokumen Testing")</span>
                <span class="method-start">1250 ms</span>
              </div> <!-- test-method -->
              <div class="test-method">
                <span class="method-name">runScenario("Upload foto faskes awal dengan file selain format image", "Upload Dokumen Testing")</span>
                <span class="method-start">1269 ms</span>
              </div> <!-- test-method -->
              <div class="test-method">
                <span class="method-name">runScenario("Upload foto faskes awal dengan benar", "Upload Dokumen Testing")</span>
                <span class="method-start">1295 ms</span>
              </div> <!-- test-method -->
              <div class="test-method">
                <span class="method-name">runScenario("Klik cancel button saat menambahkan foto faskes tujuan", "Upload Dokumen Testing")</span>
                <span class="method-start">1309 ms</span>
              </div> <!-- test-method -->
              <div class="test-method">
                <span class="method-name">runScenario("Upload foto faskes tujuan file size diatas 5mb", "Upload Dokumen Testing")</span>
                <span class="method-start">1331 ms</span>
              </div> <!-- test-method -->
              <div class="test-method">
                <span class="method-name">runScenario("Upload foto faskes tujuan dengan file selain format image", "Upload Dokumen Testing")</span>
                <span class="method-start">1358 ms</span>
              </div> <!-- test-method -->
              <div class="test-method">
                <span class="method-name">runScenario("Upload foto faskes tujuan dengan benar", "Upload Dokumen Testing")</span>
                <span class="method-start">1385 ms</span>
              </div> <!-- test-method -->
              <div class="test-method">
                <span class="method-name">runScenario("Klik cancel button saat menambahkan foto ttd", "Upload Dokumen Testing")</span>
                <span class="method-start">1423 ms</span>
              </div> <!-- test-method -->
              <div class="test-method">
                <span class="method-name">runScenario("Upload foto ttd file size diatas 5mb", "Upload Dokumen Testing")</span>
                <span class="method-start">1437 ms</span>
              </div> <!-- test-method -->
              <div class="test-method">
                <span class="method-name">runScenario("Upload foto ttd dengan file selain format image", "Upload Dokumen Testing")</span>
                <span class="method-start">1453 ms</span>
              </div> <!-- test-method -->
              <div class="test-method">
                <span class="method-name">runScenario("Upload foto ttd dengan benar", "Upload Dokumen Testing")</span>
                <span class="method-start">1470 ms</span>
              </div> <!-- test-method -->
              <div class="test-method">
                <span class="method-name">runScenario("Menambahkan lengkap foto yang diminta sistem", "Upload Dokumen Testing")</span>
                <span class="method-start">1488 ms</span>
              </div> <!-- test-method -->
              <div class="test-method">
                <span class="method-name">runScenario("Klik button selanjutnya menu upload dokumen", "Upload Dokumen Testing")</span>
                <span class="method-start">1517 ms</span>
              </div> <!-- test-method -->
              <div class="configuration-class after">
                <span class="method-name">tearDownClass</span>
                <span class="method-start">1531 ms</span>
>>>>>>> 613057208fa734a42df5b140688e1a593001d698
              </div> <!-- configuration-class after -->
          </div> <!-- main-panel-content rounded-window-bottom -->
        </div> <!-- panel -->
      </div> <!-- main-panel-root -->
    </div> <!-- wrapper -->
  </body>
</html>
