<?xml version="1.0" encoding="UTF-8"?>
<<<<<<< HEAD
<testng-results ignored="0" total="14" passed="0" failed="0" skipped="14">
  <reporter-output>
  </reporter-output>
  <suite started-at="2022-08-11T20:38:35 WIB" name="Default suite" finished-at="2022-08-11T20:38:37 WIB" duration-ms="1171">
    <groups>
      <group name="cucumber">
        <method signature="AbstractTestNGCucumberTests.runScenario(io.cucumber.testng.PickleWrapper, io.cucumber.testng.FeatureWrapper)[pri:0, instance:com.siloam.runner.RunnerFiles@482bce4f]" name="runScenario" class="io.cucumber.testng.AbstractTestNGCucumberTests"/>
      </group> <!-- cucumber -->
    </groups>
    <test started-at="2022-08-11T20:38:35 WIB" name="Default test" finished-at="2022-08-11T20:38:37 WIB" duration-ms="1171">
      <class name="com.siloam.runner.RunnerFiles">
        <test-method is-config="true" signature="setUpClass()[pri:0, instance:com.siloam.runner.RunnerFiles@482bce4f]" started-at="2022-08-11T20:38:36 WIB" name="setUpClass" finished-at="2022-08-11T20:38:36 WIB" duration-ms="556" status="PASS">
          <reporter-output>
          </reporter-output>
        </test-method> <!-- setUpClass -->
        <test-method signature="runScenario(io.cucumber.testng.PickleWrapper, io.cucumber.testng.FeatureWrapper)[pri:0, instance:com.siloam.runner.RunnerFiles@482bce4f]" started-at="2022-08-11T20:38:36 WIB" name="runScenario" description="Runs Cucumber Scenarios" data-provider="scenarios" finished-at="2022-08-11T20:38:36 WIB" duration-ms="187" status="SKIP">
=======
<testng-results ignored="0" total="15" passed="0" failed="1" skipped="14">
  <reporter-output>
  </reporter-output>
  <suite started-at="2022-08-09T23:58:40 WIB" name="Default suite" finished-at="2022-08-09T23:58:42 WIB" duration-ms="1901">
    <groups>
      <group name="cucumber">
        <method signature="AbstractTestNGCucumberTests.runScenario(io.cucumber.testng.PickleWrapper, io.cucumber.testng.FeatureWrapper)[pri:0, instance:com.siloam.runner.RunnerFiles@60704c]" name="runScenario" class="io.cucumber.testng.AbstractTestNGCucumberTests"/>
      </group> <!-- cucumber -->
    </groups>
    <test started-at="2022-08-09T23:58:40 WIB" name="Default test" finished-at="2022-08-09T23:58:42 WIB" duration-ms="1901">
      <class name="com.siloam.runner.RunnerFiles">
        <test-method is-config="true" signature="setUpClass()[pri:0, instance:com.siloam.runner.RunnerFiles@60704c]" started-at="2022-08-09T23:58:40 WIB" name="setUpClass" finished-at="2022-08-09T23:58:41 WIB" duration-ms="855" status="PASS">
          <reporter-output>
          </reporter-output>
        </test-method> <!-- setUpClass -->
        <test-method signature="runScenario(io.cucumber.testng.PickleWrapper, io.cucumber.testng.FeatureWrapper)[pri:0, instance:com.siloam.runner.RunnerFiles@60704c]" started-at="2022-08-09T23:58:41 WIB" name="runScenario" description="Runs Cucumber Scenarios" data-provider="scenarios" finished-at="2022-08-09T23:58:41 WIB" duration-ms="323" status="FAIL">
>>>>>>> 613057208fa734a42df5b140688e1a593001d698
          <params>
            <param index="0">
              <value>
                <![CDATA["Klik button Collapse / Expand"]]>
              </value>
            </param>
            <param index="1">
              <value>
                <![CDATA["Upload Dokumen Testing"]]>
              </value>
            </param>
          </params>
<<<<<<< HEAD
          <exception class="io.cucumber.testng.UndefinedStepException">
            <message>
              <![CDATA[There were 2 undefined steps
The step "User klik button collapse / Expand" is undefined. You can implement it using the snippet(s) below:

@When("User klik button collapse \\/ Expand")
public void user_klik_button_collapse_Expand() {
    // Write code here that turns the phrase above into concrete actions
    throw new io.cucumber.java.PendingException();
}

The step "Layout menu dihilangkan / diperlebar" is undefined. You can implement it using the snippet(s) below:

@Then("Layout menu dihilangkan \\/ diperlebar")
public void layout_menu_dihilangkan_diperlebar() {
    // Write code here that turns the phrase above into concrete actions
    throw new io.cucumber.java.PendingException();
}
]]>
=======
          <exception class="java.lang.NoSuchMethodError">
            <message>
              <![CDATA['void com.siloam.plugin.DriverSet.setDriver()']]>
            </message>
            <full-stacktrace>
              <![CDATA[java.lang.NoSuchMethodError: 'void com.siloam.plugin.DriverSet.setDriver()'
at com.siloam.plugin.LoginStep.loginSales(LoginStep.java:25)
at com.siloam.uploaddoc.UploadDocumentStepDef.user_sales_akses_url(UploadDocumentStepDef.java:24)
at ✽.User sales akses url(file:///home/ancient/Documents/MagangSQA/sqasiloamteamb/src/test/resources/features/UploadDocument.feature:4)
]]>
            </full-stacktrace>
          </exception> <!-- java.lang.NoSuchMethodError -->
          <reporter-output>
          </reporter-output>
        </test-method> <!-- runScenario -->
        <test-method signature="runScenario(io.cucumber.testng.PickleWrapper, io.cucumber.testng.FeatureWrapper)[pri:0, instance:com.siloam.runner.RunnerFiles@60704c]" started-at="2022-08-09T23:58:41 WIB" name="runScenario" description="Runs Cucumber Scenarios" data-provider="scenarios" finished-at="2022-08-09T23:58:41 WIB" duration-ms="18" status="SKIP">
          <params>
            <param index="0">
              <value>
                <![CDATA["Klik cancel button saat menambahkan foto faskes awal"]]>
              </value>
            </param>
            <param index="1">
              <value>
                <![CDATA["Upload Dokumen Testing"]]>
              </value>
            </param>
          </params>
          <exception class="org.testng.SkipException">
            <message>
              <![CDATA[TODO: implement me]]>
>>>>>>> 613057208fa734a42df5b140688e1a593001d698
            </message>
            <full-stacktrace>
              <![CDATA[io.cucumber.testng.UndefinedStepException: There were 2 undefined steps
The step "User klik button collapse / Expand" is undefined. You can implement it using the snippet(s) below:

@When("User klik button collapse \\/ Expand")
public void user_klik_button_collapse_Expand() {
    // Write code here that turns the phrase above into concrete actions
    throw new io.cucumber.java.PendingException();
}

The step "Layout menu dihilangkan / diperlebar" is undefined. You can implement it using the snippet(s) below:

@Then("Layout menu dihilangkan \\/ diperlebar")
public void layout_menu_dihilangkan_diperlebar() {
    // Write code here that turns the phrase above into concrete actions
    throw new io.cucumber.java.PendingException();
}

at io.cucumber.testng.TestCaseResultObserver.assertTestCasePassed(TestCaseResultObserver.java:112)
at io.cucumber.testng.TestNGCucumberRunner.runScenario(TestNGCucumberRunner.java:125)
at io.cucumber.testng.AbstractTestNGCucumberTests.runScenario(AbstractTestNGCucumberTests.java:29)
at java.base/jdk.internal.reflect.NativeMethodAccessorImpl.invoke0(Native Method)
<<<<<<< HEAD
at java.base/jdk.internal.reflect.NativeMethodAccessorImpl.invoke(NativeMethodAccessorImpl.java:77)
at java.base/jdk.internal.reflect.DelegatingMethodAccessorImpl.invoke(DelegatingMethodAccessorImpl.java:43)
at java.base/java.lang.reflect.Method.invoke(Method.java:568)
=======
at java.base/jdk.internal.reflect.NativeMethodAccessorImpl.invoke(NativeMethodAccessorImpl.java:62)
at java.base/jdk.internal.reflect.DelegatingMethodAccessorImpl.invoke(DelegatingMethodAccessorImpl.java:43)
at java.base/java.lang.reflect.Method.invoke(Method.java:566)
>>>>>>> 613057208fa734a42df5b140688e1a593001d698
at org.testng.internal.MethodInvocationHelper.invokeMethod(MethodInvocationHelper.java:134)
at org.testng.internal.TestInvoker.invokeMethod(TestInvoker.java:597)
at org.testng.internal.TestInvoker.invokeTestMethod(TestInvoker.java:173)
at org.testng.internal.MethodRunner.runInSequence(MethodRunner.java:46)
at org.testng.internal.TestInvoker$MethodInvocationAgent.invoke(TestInvoker.java:816)
at org.testng.internal.TestInvoker.invokeTestMethods(TestInvoker.java:146)
at org.testng.internal.TestMethodWorker.invokeTestMethods(TestMethodWorker.java:146)
at org.testng.internal.TestMethodWorker.run(TestMethodWorker.java:128)
<<<<<<< HEAD
at java.base/java.util.ArrayList.forEach(ArrayList.java:1511)
=======
at java.base/java.util.ArrayList.forEach(ArrayList.java:1541)
>>>>>>> 613057208fa734a42df5b140688e1a593001d698
at org.testng.TestRunner.privateRun(TestRunner.java:766)
at org.testng.TestRunner.run(TestRunner.java:587)
at org.testng.SuiteRunner.runTest(SuiteRunner.java:384)
at org.testng.SuiteRunner.runSequentially(SuiteRunner.java:378)
at org.testng.SuiteRunner.privateRun(SuiteRunner.java:337)
at org.testng.SuiteRunner.run(SuiteRunner.java:286)
at org.testng.SuiteRunnerWorker.runSuite(SuiteRunnerWorker.java:53)
at org.testng.SuiteRunnerWorker.run(SuiteRunnerWorker.java:96)
at org.testng.TestNG.runSuitesSequentially(TestNG.java:1187)
at org.testng.TestNG.runSuitesLocally(TestNG.java:1109)
at org.testng.TestNG.runSuites(TestNG.java:1039)
at org.testng.TestNG.run(TestNG.java:1007)
at org.testng.remote.AbstractRemoteTestNG.run(AbstractRemoteTestNG.java:115)
at org.testng.remote.RemoteTestNG.initAndRun(RemoteTestNG.java:251)
at org.testng.remote.RemoteTestNG.main(RemoteTestNG.java:77)
<<<<<<< HEAD
=======
Caused by: io.cucumber.java.PendingException: TODO: implement me
at com.siloam.uploaddoc.UploadDocumentStepDef.user_tambah_foto(UploadDocumentStepDef.java:44)
at ✽.User tambah foto(file:///home/ancient/Documents/MagangSQA/sqasiloamteamb/src/test/resources/features/UploadDocument.feature:10)
>>>>>>> 613057208fa734a42df5b140688e1a593001d698
]]>
            </full-stacktrace>
          </exception> <!-- io.cucumber.testng.UndefinedStepException -->
          <reporter-output>
          </reporter-output>
        </test-method> <!-- runScenario -->
<<<<<<< HEAD
        <test-method signature="runScenario(io.cucumber.testng.PickleWrapper, io.cucumber.testng.FeatureWrapper)[pri:0, instance:com.siloam.runner.RunnerFiles@482bce4f]" started-at="2022-08-11T20:38:36 WIB" name="runScenario" description="Runs Cucumber Scenarios" data-provider="scenarios" finished-at="2022-08-11T20:38:36 WIB" duration-ms="9" status="SKIP">
=======
        <test-method signature="runScenario(io.cucumber.testng.PickleWrapper, io.cucumber.testng.FeatureWrapper)[pri:0, instance:com.siloam.runner.RunnerFiles@60704c]" started-at="2022-08-09T23:58:41 WIB" name="runScenario" description="Runs Cucumber Scenarios" data-provider="scenarios" finished-at="2022-08-09T23:58:42 WIB" duration-ms="14" status="SKIP">
>>>>>>> 613057208fa734a42df5b140688e1a593001d698
          <params>
            <param index="0">
              <value>
                <![CDATA["Edit data"]]>
              </value>
            </param>
            <param index="1">
              <value>
                <![CDATA["Upload Dokumen Testing"]]>
              </value>
            </param>
          </params>
          <exception class="io.cucumber.testng.UndefinedStepException">
            <message>
              <![CDATA[There were 2 undefined steps
The step "User klik tombol edit data" is undefined. You can implement it using the snippet(s) below:

@When("User klik tombol edit data")
public void user_klik_tombol_edit_data() {
    // Write code here that turns the phrase above into concrete actions
    throw new io.cucumber.java.PendingException();
}

The step "Form menu input menjadi aktif" is undefined. You can implement it using the snippet(s) below:

@Then("Form menu input menjadi aktif")
public void form_menu_input_menjadi_aktif() {
    // Write code here that turns the phrase above into concrete actions
    throw new io.cucumber.java.PendingException();
}
]]>
            </message>
            <full-stacktrace>
              <![CDATA[io.cucumber.testng.UndefinedStepException: There were 2 undefined steps
The step "User klik tombol edit data" is undefined. You can implement it using the snippet(s) below:

@When("User klik tombol edit data")
public void user_klik_tombol_edit_data() {
    // Write code here that turns the phrase above into concrete actions
    throw new io.cucumber.java.PendingException();
}

The step "Form menu input menjadi aktif" is undefined. You can implement it using the snippet(s) below:

@Then("Form menu input menjadi aktif")
public void form_menu_input_menjadi_aktif() {
    // Write code here that turns the phrase above into concrete actions
    throw new io.cucumber.java.PendingException();
}

at io.cucumber.testng.TestCaseResultObserver.assertTestCasePassed(TestCaseResultObserver.java:112)
at io.cucumber.testng.TestNGCucumberRunner.runScenario(TestNGCucumberRunner.java:125)
at io.cucumber.testng.AbstractTestNGCucumberTests.runScenario(AbstractTestNGCucumberTests.java:29)
at java.base/jdk.internal.reflect.NativeMethodAccessorImpl.invoke0(Native Method)
<<<<<<< HEAD
at java.base/jdk.internal.reflect.NativeMethodAccessorImpl.invoke(NativeMethodAccessorImpl.java:77)
at java.base/jdk.internal.reflect.DelegatingMethodAccessorImpl.invoke(DelegatingMethodAccessorImpl.java:43)
at java.base/java.lang.reflect.Method.invoke(Method.java:568)
=======
at java.base/jdk.internal.reflect.NativeMethodAccessorImpl.invoke(NativeMethodAccessorImpl.java:62)
at java.base/jdk.internal.reflect.DelegatingMethodAccessorImpl.invoke(DelegatingMethodAccessorImpl.java:43)
at java.base/java.lang.reflect.Method.invoke(Method.java:566)
>>>>>>> 613057208fa734a42df5b140688e1a593001d698
at org.testng.internal.MethodInvocationHelper.invokeMethod(MethodInvocationHelper.java:134)
at org.testng.internal.TestInvoker.invokeMethod(TestInvoker.java:597)
at org.testng.internal.TestInvoker.invokeTestMethod(TestInvoker.java:173)
at org.testng.internal.MethodRunner.runInSequence(MethodRunner.java:46)
at org.testng.internal.TestInvoker$MethodInvocationAgent.invoke(TestInvoker.java:816)
at org.testng.internal.TestInvoker.invokeTestMethods(TestInvoker.java:146)
at org.testng.internal.TestMethodWorker.invokeTestMethods(TestMethodWorker.java:146)
at org.testng.internal.TestMethodWorker.run(TestMethodWorker.java:128)
<<<<<<< HEAD
at java.base/java.util.ArrayList.forEach(ArrayList.java:1511)
=======
at java.base/java.util.ArrayList.forEach(ArrayList.java:1541)
>>>>>>> 613057208fa734a42df5b140688e1a593001d698
at org.testng.TestRunner.privateRun(TestRunner.java:766)
at org.testng.TestRunner.run(TestRunner.java:587)
at org.testng.SuiteRunner.runTest(SuiteRunner.java:384)
at org.testng.SuiteRunner.runSequentially(SuiteRunner.java:378)
at org.testng.SuiteRunner.privateRun(SuiteRunner.java:337)
at org.testng.SuiteRunner.run(SuiteRunner.java:286)
at org.testng.SuiteRunnerWorker.runSuite(SuiteRunnerWorker.java:53)
at org.testng.SuiteRunnerWorker.run(SuiteRunnerWorker.java:96)
at org.testng.TestNG.runSuitesSequentially(TestNG.java:1187)
at org.testng.TestNG.runSuitesLocally(TestNG.java:1109)
at org.testng.TestNG.runSuites(TestNG.java:1039)
at org.testng.TestNG.run(TestNG.java:1007)
at org.testng.remote.AbstractRemoteTestNG.run(AbstractRemoteTestNG.java:115)
at org.testng.remote.RemoteTestNG.initAndRun(RemoteTestNG.java:251)
at org.testng.remote.RemoteTestNG.main(RemoteTestNG.java:77)
<<<<<<< HEAD
=======
Caused by: io.cucumber.java.PendingException: TODO: implement me
at com.siloam.uploaddoc.UploadDocumentStepDef.user_tambah_foto_faskes_awal(UploadDocumentStepDef.java:62)
at ✽.User tambah foto faskes awal(file:///home/ancient/Documents/MagangSQA/sqasiloamteamb/src/test/resources/features/UploadDocument.feature:15)
>>>>>>> 613057208fa734a42df5b140688e1a593001d698
]]>
            </full-stacktrace>
          </exception> <!-- io.cucumber.testng.UndefinedStepException -->
          <reporter-output>
          </reporter-output>
        </test-method> <!-- runScenario -->
<<<<<<< HEAD
        <test-method signature="runScenario(io.cucumber.testng.PickleWrapper, io.cucumber.testng.FeatureWrapper)[pri:0, instance:com.siloam.runner.RunnerFiles@482bce4f]" started-at="2022-08-11T20:38:36 WIB" name="runScenario" description="Runs Cucumber Scenarios" data-provider="scenarios" finished-at="2022-08-11T20:38:36 WIB" duration-ms="11" status="SKIP">
=======
        <test-method signature="runScenario(io.cucumber.testng.PickleWrapper, io.cucumber.testng.FeatureWrapper)[pri:0, instance:com.siloam.runner.RunnerFiles@60704c]" started-at="2022-08-09T23:58:42 WIB" name="runScenario" description="Runs Cucumber Scenarios" data-provider="scenarios" finished-at="2022-08-09T23:58:42 WIB" duration-ms="19" status="SKIP">
>>>>>>> 613057208fa734a42df5b140688e1a593001d698
          <params>
            <param index="0">
              <value>
                <![CDATA["Form input nama"]]>
              </value>
            </param>
            <param index="1">
              <value>
                <![CDATA["Upload Dokumen Testing"]]>
              </value>
            </param>
          </params>
          <exception class="io.cucumber.testng.UndefinedStepException">
            <message>
              <![CDATA[There were 2 undefined steps
The step "User ubah nama" is undefined. You can implement it using the snippet(s) below:

@When("User ubah nama")
public void user_ubah_nama() {
    // Write code here that turns the phrase above into concrete actions
    throw new io.cucumber.java.PendingException();
}

The step "Nama berubah sesuai inputan" is undefined. You can implement it using the snippet(s) below:

@Then("Nama berubah sesuai inputan")
public void nama_berubah_sesuai_inputan() {
    // Write code here that turns the phrase above into concrete actions
    throw new io.cucumber.java.PendingException();
}
]]>
            </message>
            <full-stacktrace>
              <![CDATA[io.cucumber.testng.UndefinedStepException: There were 2 undefined steps
The step "User ubah nama" is undefined. You can implement it using the snippet(s) below:

@When("User ubah nama")
public void user_ubah_nama() {
    // Write code here that turns the phrase above into concrete actions
    throw new io.cucumber.java.PendingException();
}

The step "Nama berubah sesuai inputan" is undefined. You can implement it using the snippet(s) below:

@Then("Nama berubah sesuai inputan")
public void nama_berubah_sesuai_inputan() {
    // Write code here that turns the phrase above into concrete actions
    throw new io.cucumber.java.PendingException();
}

at io.cucumber.testng.TestCaseResultObserver.assertTestCasePassed(TestCaseResultObserver.java:112)
at io.cucumber.testng.TestNGCucumberRunner.runScenario(TestNGCucumberRunner.java:125)
at io.cucumber.testng.AbstractTestNGCucumberTests.runScenario(AbstractTestNGCucumberTests.java:29)
at java.base/jdk.internal.reflect.NativeMethodAccessorImpl.invoke0(Native Method)
<<<<<<< HEAD
at java.base/jdk.internal.reflect.NativeMethodAccessorImpl.invoke(NativeMethodAccessorImpl.java:77)
at java.base/jdk.internal.reflect.DelegatingMethodAccessorImpl.invoke(DelegatingMethodAccessorImpl.java:43)
at java.base/java.lang.reflect.Method.invoke(Method.java:568)
=======
at java.base/jdk.internal.reflect.NativeMethodAccessorImpl.invoke(NativeMethodAccessorImpl.java:62)
at java.base/jdk.internal.reflect.DelegatingMethodAccessorImpl.invoke(DelegatingMethodAccessorImpl.java:43)
at java.base/java.lang.reflect.Method.invoke(Method.java:566)
>>>>>>> 613057208fa734a42df5b140688e1a593001d698
at org.testng.internal.MethodInvocationHelper.invokeMethod(MethodInvocationHelper.java:134)
at org.testng.internal.TestInvoker.invokeMethod(TestInvoker.java:597)
at org.testng.internal.TestInvoker.invokeTestMethod(TestInvoker.java:173)
at org.testng.internal.MethodRunner.runInSequence(MethodRunner.java:46)
at org.testng.internal.TestInvoker$MethodInvocationAgent.invoke(TestInvoker.java:816)
at org.testng.internal.TestInvoker.invokeTestMethods(TestInvoker.java:146)
at org.testng.internal.TestMethodWorker.invokeTestMethods(TestMethodWorker.java:146)
at org.testng.internal.TestMethodWorker.run(TestMethodWorker.java:128)
<<<<<<< HEAD
at java.base/java.util.ArrayList.forEach(ArrayList.java:1511)
=======
at java.base/java.util.ArrayList.forEach(ArrayList.java:1541)
>>>>>>> 613057208fa734a42df5b140688e1a593001d698
at org.testng.TestRunner.privateRun(TestRunner.java:766)
at org.testng.TestRunner.run(TestRunner.java:587)
at org.testng.SuiteRunner.runTest(SuiteRunner.java:384)
at org.testng.SuiteRunner.runSequentially(SuiteRunner.java:378)
at org.testng.SuiteRunner.privateRun(SuiteRunner.java:337)
at org.testng.SuiteRunner.run(SuiteRunner.java:286)
at org.testng.SuiteRunnerWorker.runSuite(SuiteRunnerWorker.java:53)
at org.testng.SuiteRunnerWorker.run(SuiteRunnerWorker.java:96)
at org.testng.TestNG.runSuitesSequentially(TestNG.java:1187)
at org.testng.TestNG.runSuitesLocally(TestNG.java:1109)
at org.testng.TestNG.runSuites(TestNG.java:1039)
at org.testng.TestNG.run(TestNG.java:1007)
at org.testng.remote.AbstractRemoteTestNG.run(AbstractRemoteTestNG.java:115)
at org.testng.remote.RemoteTestNG.initAndRun(RemoteTestNG.java:251)
at org.testng.remote.RemoteTestNG.main(RemoteTestNG.java:77)
<<<<<<< HEAD
=======
Caused by: io.cucumber.java.PendingException: TODO: implement me
at com.siloam.uploaddoc.UploadDocumentStepDef.user_tambah_foto_faskes_awal(UploadDocumentStepDef.java:62)
at ✽.User tambah foto faskes awal(file:///home/ancient/Documents/MagangSQA/sqasiloamteamb/src/test/resources/features/UploadDocument.feature:20)
>>>>>>> 613057208fa734a42df5b140688e1a593001d698
]]>
            </full-stacktrace>
          </exception> <!-- io.cucumber.testng.UndefinedStepException -->
          <reporter-output>
          </reporter-output>
        </test-method> <!-- runScenario -->
<<<<<<< HEAD
        <test-method signature="runScenario(io.cucumber.testng.PickleWrapper, io.cucumber.testng.FeatureWrapper)[pri:0, instance:com.siloam.runner.RunnerFiles@482bce4f]" started-at="2022-08-11T20:38:36 WIB" name="runScenario" description="Runs Cucumber Scenarios" data-provider="scenarios" finished-at="2022-08-11T20:38:36 WIB" duration-ms="5" status="SKIP">
=======
        <test-method signature="runScenario(io.cucumber.testng.PickleWrapper, io.cucumber.testng.FeatureWrapper)[pri:0, instance:com.siloam.runner.RunnerFiles@60704c]" started-at="2022-08-09T23:58:42 WIB" name="runScenario" description="Runs Cucumber Scenarios" data-provider="scenarios" finished-at="2022-08-09T23:58:42 WIB" duration-ms="12" status="SKIP">
>>>>>>> 613057208fa734a42df5b140688e1a593001d698
          <params>
            <param index="0">
              <value>
                <![CDATA["Form input nomor bpjs"]]>
              </value>
            </param>
            <param index="1">
              <value>
                <![CDATA["Upload Dokumen Testing"]]>
              </value>
            </param>
          </params>
          <exception class="io.cucumber.testng.UndefinedStepException">
            <message>
              <![CDATA[There were 2 undefined steps
The step "User ubah nomor bpjs" is undefined. You can implement it using the snippet(s) below:

@When("User ubah nomor bpjs")
public void user_ubah_nomor_bpjs() {
    // Write code here that turns the phrase above into concrete actions
    throw new io.cucumber.java.PendingException();
}

The step "Nomor bpjs berubah sesuai inputan" is undefined. You can implement it using the snippet(s) below:

@Then("Nomor bpjs berubah sesuai inputan")
public void nomor_bpjs_berubah_sesuai_inputan() {
    // Write code here that turns the phrase above into concrete actions
    throw new io.cucumber.java.PendingException();
}
]]>
            </message>
            <full-stacktrace>
              <![CDATA[io.cucumber.testng.UndefinedStepException: There were 2 undefined steps
The step "User ubah nomor bpjs" is undefined. You can implement it using the snippet(s) below:

@When("User ubah nomor bpjs")
public void user_ubah_nomor_bpjs() {
    // Write code here that turns the phrase above into concrete actions
    throw new io.cucumber.java.PendingException();
}

The step "Nomor bpjs berubah sesuai inputan" is undefined. You can implement it using the snippet(s) below:

@Then("Nomor bpjs berubah sesuai inputan")
public void nomor_bpjs_berubah_sesuai_inputan() {
    // Write code here that turns the phrase above into concrete actions
    throw new io.cucumber.java.PendingException();
}

at io.cucumber.testng.TestCaseResultObserver.assertTestCasePassed(TestCaseResultObserver.java:112)
at io.cucumber.testng.TestNGCucumberRunner.runScenario(TestNGCucumberRunner.java:125)
at io.cucumber.testng.AbstractTestNGCucumberTests.runScenario(AbstractTestNGCucumberTests.java:29)
at java.base/jdk.internal.reflect.NativeMethodAccessorImpl.invoke0(Native Method)
<<<<<<< HEAD
at java.base/jdk.internal.reflect.NativeMethodAccessorImpl.invoke(NativeMethodAccessorImpl.java:77)
at java.base/jdk.internal.reflect.DelegatingMethodAccessorImpl.invoke(DelegatingMethodAccessorImpl.java:43)
at java.base/java.lang.reflect.Method.invoke(Method.java:568)
=======
at java.base/jdk.internal.reflect.NativeMethodAccessorImpl.invoke(NativeMethodAccessorImpl.java:62)
at java.base/jdk.internal.reflect.DelegatingMethodAccessorImpl.invoke(DelegatingMethodAccessorImpl.java:43)
at java.base/java.lang.reflect.Method.invoke(Method.java:566)
>>>>>>> 613057208fa734a42df5b140688e1a593001d698
at org.testng.internal.MethodInvocationHelper.invokeMethod(MethodInvocationHelper.java:134)
at org.testng.internal.TestInvoker.invokeMethod(TestInvoker.java:597)
at org.testng.internal.TestInvoker.invokeTestMethod(TestInvoker.java:173)
at org.testng.internal.MethodRunner.runInSequence(MethodRunner.java:46)
at org.testng.internal.TestInvoker$MethodInvocationAgent.invoke(TestInvoker.java:816)
at org.testng.internal.TestInvoker.invokeTestMethods(TestInvoker.java:146)
at org.testng.internal.TestMethodWorker.invokeTestMethods(TestMethodWorker.java:146)
at org.testng.internal.TestMethodWorker.run(TestMethodWorker.java:128)
<<<<<<< HEAD
at java.base/java.util.ArrayList.forEach(ArrayList.java:1511)
=======
at java.base/java.util.ArrayList.forEach(ArrayList.java:1541)
>>>>>>> 613057208fa734a42df5b140688e1a593001d698
at org.testng.TestRunner.privateRun(TestRunner.java:766)
at org.testng.TestRunner.run(TestRunner.java:587)
at org.testng.SuiteRunner.runTest(SuiteRunner.java:384)
at org.testng.SuiteRunner.runSequentially(SuiteRunner.java:378)
at org.testng.SuiteRunner.privateRun(SuiteRunner.java:337)
at org.testng.SuiteRunner.run(SuiteRunner.java:286)
at org.testng.SuiteRunnerWorker.runSuite(SuiteRunnerWorker.java:53)
at org.testng.SuiteRunnerWorker.run(SuiteRunnerWorker.java:96)
at org.testng.TestNG.runSuitesSequentially(TestNG.java:1187)
at org.testng.TestNG.runSuitesLocally(TestNG.java:1109)
at org.testng.TestNG.runSuites(TestNG.java:1039)
at org.testng.TestNG.run(TestNG.java:1007)
at org.testng.remote.AbstractRemoteTestNG.run(AbstractRemoteTestNG.java:115)
at org.testng.remote.RemoteTestNG.initAndRun(RemoteTestNG.java:251)
at org.testng.remote.RemoteTestNG.main(RemoteTestNG.java:77)
<<<<<<< HEAD
=======
Caused by: io.cucumber.java.PendingException: TODO: implement me
at com.siloam.uploaddoc.UploadDocumentStepDef.user_tambah_foto_faskes_awal(UploadDocumentStepDef.java:62)
at ✽.User tambah foto faskes awal(file:///home/ancient/Documents/MagangSQA/sqasiloamteamb/src/test/resources/features/UploadDocument.feature:25)
>>>>>>> 613057208fa734a42df5b140688e1a593001d698
]]>
            </full-stacktrace>
          </exception> <!-- io.cucumber.testng.UndefinedStepException -->
          <reporter-output>
          </reporter-output>
        </test-method> <!-- runScenario -->
<<<<<<< HEAD
        <test-method signature="runScenario(io.cucumber.testng.PickleWrapper, io.cucumber.testng.FeatureWrapper)[pri:0, instance:com.siloam.runner.RunnerFiles@482bce4f]" started-at="2022-08-11T20:38:36 WIB" name="runScenario" description="Runs Cucumber Scenarios" data-provider="scenarios" finished-at="2022-08-11T20:38:36 WIB" duration-ms="6" status="SKIP">
=======
        <test-method signature="runScenario(io.cucumber.testng.PickleWrapper, io.cucumber.testng.FeatureWrapper)[pri:0, instance:com.siloam.runner.RunnerFiles@60704c]" started-at="2022-08-09T23:58:42 WIB" name="runScenario" description="Runs Cucumber Scenarios" data-provider="scenarios" finished-at="2022-08-09T23:58:42 WIB" duration-ms="17" status="SKIP">
>>>>>>> 613057208fa734a42df5b140688e1a593001d698
          <params>
            <param index="0">
              <value>
                <![CDATA["Form input nomor ktp"]]>
              </value>
            </param>
            <param index="1">
              <value>
                <![CDATA["Upload Dokumen Testing"]]>
              </value>
            </param>
          </params>
          <exception class="io.cucumber.testng.UndefinedStepException">
            <message>
              <![CDATA[There were 2 undefined steps
The step "User ubah nomor ktp" is undefined. You can implement it using the snippet(s) below:

@When("User ubah nomor ktp")
public void user_ubah_nomor_ktp() {
    // Write code here that turns the phrase above into concrete actions
    throw new io.cucumber.java.PendingException();
}

The step "Nomor ktp berubah sesuai inputan" is undefined. You can implement it using the snippet(s) below:

@Then("Nomor ktp berubah sesuai inputan")
public void nomor_ktp_berubah_sesuai_inputan() {
    // Write code here that turns the phrase above into concrete actions
    throw new io.cucumber.java.PendingException();
}
]]>
            </message>
            <full-stacktrace>
              <![CDATA[io.cucumber.testng.UndefinedStepException: There were 2 undefined steps
The step "User ubah nomor ktp" is undefined. You can implement it using the snippet(s) below:

@When("User ubah nomor ktp")
public void user_ubah_nomor_ktp() {
    // Write code here that turns the phrase above into concrete actions
    throw new io.cucumber.java.PendingException();
}

The step "Nomor ktp berubah sesuai inputan" is undefined. You can implement it using the snippet(s) below:

@Then("Nomor ktp berubah sesuai inputan")
public void nomor_ktp_berubah_sesuai_inputan() {
    // Write code here that turns the phrase above into concrete actions
    throw new io.cucumber.java.PendingException();
}

at io.cucumber.testng.TestCaseResultObserver.assertTestCasePassed(TestCaseResultObserver.java:112)
at io.cucumber.testng.TestNGCucumberRunner.runScenario(TestNGCucumberRunner.java:125)
at io.cucumber.testng.AbstractTestNGCucumberTests.runScenario(AbstractTestNGCucumberTests.java:29)
at java.base/jdk.internal.reflect.NativeMethodAccessorImpl.invoke0(Native Method)
<<<<<<< HEAD
at java.base/jdk.internal.reflect.NativeMethodAccessorImpl.invoke(NativeMethodAccessorImpl.java:77)
at java.base/jdk.internal.reflect.DelegatingMethodAccessorImpl.invoke(DelegatingMethodAccessorImpl.java:43)
at java.base/java.lang.reflect.Method.invoke(Method.java:568)
=======
at java.base/jdk.internal.reflect.NativeMethodAccessorImpl.invoke(NativeMethodAccessorImpl.java:62)
at java.base/jdk.internal.reflect.DelegatingMethodAccessorImpl.invoke(DelegatingMethodAccessorImpl.java:43)
at java.base/java.lang.reflect.Method.invoke(Method.java:566)
>>>>>>> 613057208fa734a42df5b140688e1a593001d698
at org.testng.internal.MethodInvocationHelper.invokeMethod(MethodInvocationHelper.java:134)
at org.testng.internal.TestInvoker.invokeMethod(TestInvoker.java:597)
at org.testng.internal.TestInvoker.invokeTestMethod(TestInvoker.java:173)
at org.testng.internal.MethodRunner.runInSequence(MethodRunner.java:46)
at org.testng.internal.TestInvoker$MethodInvocationAgent.invoke(TestInvoker.java:816)
at org.testng.internal.TestInvoker.invokeTestMethods(TestInvoker.java:146)
at org.testng.internal.TestMethodWorker.invokeTestMethods(TestMethodWorker.java:146)
at org.testng.internal.TestMethodWorker.run(TestMethodWorker.java:128)
<<<<<<< HEAD
at java.base/java.util.ArrayList.forEach(ArrayList.java:1511)
=======
at java.base/java.util.ArrayList.forEach(ArrayList.java:1541)
>>>>>>> 613057208fa734a42df5b140688e1a593001d698
at org.testng.TestRunner.privateRun(TestRunner.java:766)
at org.testng.TestRunner.run(TestRunner.java:587)
at org.testng.SuiteRunner.runTest(SuiteRunner.java:384)
at org.testng.SuiteRunner.runSequentially(SuiteRunner.java:378)
at org.testng.SuiteRunner.privateRun(SuiteRunner.java:337)
at org.testng.SuiteRunner.run(SuiteRunner.java:286)
at org.testng.SuiteRunnerWorker.runSuite(SuiteRunnerWorker.java:53)
at org.testng.SuiteRunnerWorker.run(SuiteRunnerWorker.java:96)
at org.testng.TestNG.runSuitesSequentially(TestNG.java:1187)
at org.testng.TestNG.runSuitesLocally(TestNG.java:1109)
at org.testng.TestNG.runSuites(TestNG.java:1039)
at org.testng.TestNG.run(TestNG.java:1007)
at org.testng.remote.AbstractRemoteTestNG.run(AbstractRemoteTestNG.java:115)
at org.testng.remote.RemoteTestNG.initAndRun(RemoteTestNG.java:251)
at org.testng.remote.RemoteTestNG.main(RemoteTestNG.java:77)
<<<<<<< HEAD
=======
Caused by: io.cucumber.java.PendingException: TODO: implement me
at com.siloam.uploaddoc.UploadDocumentStepDef.user_tambah_foto(UploadDocumentStepDef.java:44)
at ✽.User tambah foto(file:///home/ancient/Documents/MagangSQA/sqasiloamteamb/src/test/resources/features/UploadDocument.feature:31)
>>>>>>> 613057208fa734a42df5b140688e1a593001d698
]]>
            </full-stacktrace>
          </exception> <!-- io.cucumber.testng.UndefinedStepException -->
          <reporter-output>
          </reporter-output>
        </test-method> <!-- runScenario -->
<<<<<<< HEAD
        <test-method signature="runScenario(io.cucumber.testng.PickleWrapper, io.cucumber.testng.FeatureWrapper)[pri:0, instance:com.siloam.runner.RunnerFiles@482bce4f]" started-at="2022-08-11T20:38:36 WIB" name="runScenario" description="Runs Cucumber Scenarios" data-provider="scenarios" finished-at="2022-08-11T20:38:36 WIB" duration-ms="10" status="SKIP">
=======
        <test-method signature="runScenario(io.cucumber.testng.PickleWrapper, io.cucumber.testng.FeatureWrapper)[pri:0, instance:com.siloam.runner.RunnerFiles@60704c]" started-at="2022-08-09T23:58:42 WIB" name="runScenario" description="Runs Cucumber Scenarios" data-provider="scenarios" finished-at="2022-08-09T23:58:42 WIB" duration-ms="19" status="SKIP">
>>>>>>> 613057208fa734a42df5b140688e1a593001d698
          <params>
            <param index="0">
              <value>
                <![CDATA["Form input alamat"]]>
              </value>
            </param>
            <param index="1">
              <value>
                <![CDATA["Upload Dokumen Testing"]]>
              </value>
            </param>
          </params>
          <exception class="io.cucumber.testng.UndefinedStepException">
            <message>
              <![CDATA[There were 2 undefined steps
The step "User ubah alamat" is undefined. You can implement it using the snippet(s) below:

@When("User ubah alamat")
public void user_ubah_alamat() {
    // Write code here that turns the phrase above into concrete actions
    throw new io.cucumber.java.PendingException();
}

The step "Alamat berubah sesuai inputan" is undefined. You can implement it using the snippet(s) below:

@Then("Alamat berubah sesuai inputan")
public void alamat_berubah_sesuai_inputan() {
    // Write code here that turns the phrase above into concrete actions
    throw new io.cucumber.java.PendingException();
}
]]>
            </message>
            <full-stacktrace>
              <![CDATA[io.cucumber.testng.UndefinedStepException: There were 2 undefined steps
The step "User ubah alamat" is undefined. You can implement it using the snippet(s) below:

@When("User ubah alamat")
public void user_ubah_alamat() {
    // Write code here that turns the phrase above into concrete actions
    throw new io.cucumber.java.PendingException();
}

The step "Alamat berubah sesuai inputan" is undefined. You can implement it using the snippet(s) below:

@Then("Alamat berubah sesuai inputan")
public void alamat_berubah_sesuai_inputan() {
    // Write code here that turns the phrase above into concrete actions
    throw new io.cucumber.java.PendingException();
}

at io.cucumber.testng.TestCaseResultObserver.assertTestCasePassed(TestCaseResultObserver.java:112)
at io.cucumber.testng.TestNGCucumberRunner.runScenario(TestNGCucumberRunner.java:125)
at io.cucumber.testng.AbstractTestNGCucumberTests.runScenario(AbstractTestNGCucumberTests.java:29)
at java.base/jdk.internal.reflect.NativeMethodAccessorImpl.invoke0(Native Method)
<<<<<<< HEAD
at java.base/jdk.internal.reflect.NativeMethodAccessorImpl.invoke(NativeMethodAccessorImpl.java:77)
at java.base/jdk.internal.reflect.DelegatingMethodAccessorImpl.invoke(DelegatingMethodAccessorImpl.java:43)
at java.base/java.lang.reflect.Method.invoke(Method.java:568)
=======
at java.base/jdk.internal.reflect.NativeMethodAccessorImpl.invoke(NativeMethodAccessorImpl.java:62)
at java.base/jdk.internal.reflect.DelegatingMethodAccessorImpl.invoke(DelegatingMethodAccessorImpl.java:43)
at java.base/java.lang.reflect.Method.invoke(Method.java:566)
>>>>>>> 613057208fa734a42df5b140688e1a593001d698
at org.testng.internal.MethodInvocationHelper.invokeMethod(MethodInvocationHelper.java:134)
at org.testng.internal.TestInvoker.invokeMethod(TestInvoker.java:597)
at org.testng.internal.TestInvoker.invokeTestMethod(TestInvoker.java:173)
at org.testng.internal.MethodRunner.runInSequence(MethodRunner.java:46)
at org.testng.internal.TestInvoker$MethodInvocationAgent.invoke(TestInvoker.java:816)
at org.testng.internal.TestInvoker.invokeTestMethods(TestInvoker.java:146)
at org.testng.internal.TestMethodWorker.invokeTestMethods(TestMethodWorker.java:146)
at org.testng.internal.TestMethodWorker.run(TestMethodWorker.java:128)
<<<<<<< HEAD
at java.base/java.util.ArrayList.forEach(ArrayList.java:1511)
=======
at java.base/java.util.ArrayList.forEach(ArrayList.java:1541)
>>>>>>> 613057208fa734a42df5b140688e1a593001d698
at org.testng.TestRunner.privateRun(TestRunner.java:766)
at org.testng.TestRunner.run(TestRunner.java:587)
at org.testng.SuiteRunner.runTest(SuiteRunner.java:384)
at org.testng.SuiteRunner.runSequentially(SuiteRunner.java:378)
at org.testng.SuiteRunner.privateRun(SuiteRunner.java:337)
at org.testng.SuiteRunner.run(SuiteRunner.java:286)
at org.testng.SuiteRunnerWorker.runSuite(SuiteRunnerWorker.java:53)
at org.testng.SuiteRunnerWorker.run(SuiteRunnerWorker.java:96)
at org.testng.TestNG.runSuitesSequentially(TestNG.java:1187)
at org.testng.TestNG.runSuitesLocally(TestNG.java:1109)
at org.testng.TestNG.runSuites(TestNG.java:1039)
at org.testng.TestNG.run(TestNG.java:1007)
at org.testng.remote.AbstractRemoteTestNG.run(AbstractRemoteTestNG.java:115)
at org.testng.remote.RemoteTestNG.initAndRun(RemoteTestNG.java:251)
at org.testng.remote.RemoteTestNG.main(RemoteTestNG.java:77)
<<<<<<< HEAD
=======
Caused by: io.cucumber.java.PendingException: TODO: implement me
at com.siloam.uploaddoc.UploadDocumentStepDef.user_tambah_foto_faskes_tujuan(UploadDocumentStepDef.java:92)
at ✽.User tambah foto faskes tujuan(file:///home/ancient/Documents/MagangSQA/sqasiloamteamb/src/test/resources/features/UploadDocument.feature:36)
>>>>>>> 613057208fa734a42df5b140688e1a593001d698
]]>
            </full-stacktrace>
          </exception> <!-- io.cucumber.testng.UndefinedStepException -->
          <reporter-output>
          </reporter-output>
        </test-method> <!-- runScenario -->
<<<<<<< HEAD
        <test-method signature="runScenario(io.cucumber.testng.PickleWrapper, io.cucumber.testng.FeatureWrapper)[pri:0, instance:com.siloam.runner.RunnerFiles@482bce4f]" started-at="2022-08-11T20:38:36 WIB" name="runScenario" description="Runs Cucumber Scenarios" data-provider="scenarios" finished-at="2022-08-11T20:38:36 WIB" duration-ms="8" status="SKIP">
=======
        <test-method signature="runScenario(io.cucumber.testng.PickleWrapper, io.cucumber.testng.FeatureWrapper)[pri:0, instance:com.siloam.runner.RunnerFiles@60704c]" started-at="2022-08-09T23:58:42 WIB" name="runScenario" description="Runs Cucumber Scenarios" data-provider="scenarios" finished-at="2022-08-09T23:58:42 WIB" duration-ms="23" status="SKIP">
>>>>>>> 613057208fa734a42df5b140688e1a593001d698
          <params>
            <param index="0">
              <value>
                <![CDATA["Form input kota ktp"]]>
              </value>
            </param>
            <param index="1">
              <value>
                <![CDATA["Upload Dokumen Testing"]]>
              </value>
            </param>
          </params>
          <exception class="io.cucumber.testng.UndefinedStepException">
            <message>
              <![CDATA[There were 2 undefined steps
The step "User ubah kota ktp" is undefined. You can implement it using the snippet(s) below:

@When("User ubah kota ktp")
public void user_ubah_kota_ktp() {
    // Write code here that turns the phrase above into concrete actions
    throw new io.cucumber.java.PendingException();
}

The step "kota ktp berubah sesuai pilihan" is undefined. You can implement it using the snippet(s) below:

@Then("kota ktp berubah sesuai pilihan")
public void kota_ktp_berubah_sesuai_pilihan() {
    // Write code here that turns the phrase above into concrete actions
    throw new io.cucumber.java.PendingException();
}
]]>
            </message>
            <full-stacktrace>
              <![CDATA[io.cucumber.testng.UndefinedStepException: There were 2 undefined steps
The step "User ubah kota ktp" is undefined. You can implement it using the snippet(s) below:

@When("User ubah kota ktp")
public void user_ubah_kota_ktp() {
    // Write code here that turns the phrase above into concrete actions
    throw new io.cucumber.java.PendingException();
}

The step "kota ktp berubah sesuai pilihan" is undefined. You can implement it using the snippet(s) below:

@Then("kota ktp berubah sesuai pilihan")
public void kota_ktp_berubah_sesuai_pilihan() {
    // Write code here that turns the phrase above into concrete actions
    throw new io.cucumber.java.PendingException();
}

at io.cucumber.testng.TestCaseResultObserver.assertTestCasePassed(TestCaseResultObserver.java:112)
at io.cucumber.testng.TestNGCucumberRunner.runScenario(TestNGCucumberRunner.java:125)
at io.cucumber.testng.AbstractTestNGCucumberTests.runScenario(AbstractTestNGCucumberTests.java:29)
at java.base/jdk.internal.reflect.NativeMethodAccessorImpl.invoke0(Native Method)
<<<<<<< HEAD
at java.base/jdk.internal.reflect.NativeMethodAccessorImpl.invoke(NativeMethodAccessorImpl.java:77)
at java.base/jdk.internal.reflect.DelegatingMethodAccessorImpl.invoke(DelegatingMethodAccessorImpl.java:43)
at java.base/java.lang.reflect.Method.invoke(Method.java:568)
=======
at java.base/jdk.internal.reflect.NativeMethodAccessorImpl.invoke(NativeMethodAccessorImpl.java:62)
at java.base/jdk.internal.reflect.DelegatingMethodAccessorImpl.invoke(DelegatingMethodAccessorImpl.java:43)
at java.base/java.lang.reflect.Method.invoke(Method.java:566)
>>>>>>> 613057208fa734a42df5b140688e1a593001d698
at org.testng.internal.MethodInvocationHelper.invokeMethod(MethodInvocationHelper.java:134)
at org.testng.internal.TestInvoker.invokeMethod(TestInvoker.java:597)
at org.testng.internal.TestInvoker.invokeTestMethod(TestInvoker.java:173)
at org.testng.internal.MethodRunner.runInSequence(MethodRunner.java:46)
at org.testng.internal.TestInvoker$MethodInvocationAgent.invoke(TestInvoker.java:816)
at org.testng.internal.TestInvoker.invokeTestMethods(TestInvoker.java:146)
at org.testng.internal.TestMethodWorker.invokeTestMethods(TestMethodWorker.java:146)
at org.testng.internal.TestMethodWorker.run(TestMethodWorker.java:128)
<<<<<<< HEAD
at java.base/java.util.ArrayList.forEach(ArrayList.java:1511)
=======
at java.base/java.util.ArrayList.forEach(ArrayList.java:1541)
>>>>>>> 613057208fa734a42df5b140688e1a593001d698
at org.testng.TestRunner.privateRun(TestRunner.java:766)
at org.testng.TestRunner.run(TestRunner.java:587)
at org.testng.SuiteRunner.runTest(SuiteRunner.java:384)
at org.testng.SuiteRunner.runSequentially(SuiteRunner.java:378)
at org.testng.SuiteRunner.privateRun(SuiteRunner.java:337)
at org.testng.SuiteRunner.run(SuiteRunner.java:286)
at org.testng.SuiteRunnerWorker.runSuite(SuiteRunnerWorker.java:53)
at org.testng.SuiteRunnerWorker.run(SuiteRunnerWorker.java:96)
at org.testng.TestNG.runSuitesSequentially(TestNG.java:1187)
at org.testng.TestNG.runSuitesLocally(TestNG.java:1109)
at org.testng.TestNG.runSuites(TestNG.java:1039)
at org.testng.TestNG.run(TestNG.java:1007)
at org.testng.remote.AbstractRemoteTestNG.run(AbstractRemoteTestNG.java:115)
at org.testng.remote.RemoteTestNG.initAndRun(RemoteTestNG.java:251)
at org.testng.remote.RemoteTestNG.main(RemoteTestNG.java:77)
<<<<<<< HEAD
=======
Caused by: io.cucumber.java.PendingException: TODO: implement me
at com.siloam.uploaddoc.UploadDocumentStepDef.user_tambah_foto_faskes_tujuan(UploadDocumentStepDef.java:92)
at ✽.User tambah foto faskes tujuan(file:///home/ancient/Documents/MagangSQA/sqasiloamteamb/src/test/resources/features/UploadDocument.feature:41)
>>>>>>> 613057208fa734a42df5b140688e1a593001d698
]]>
            </full-stacktrace>
          </exception> <!-- io.cucumber.testng.UndefinedStepException -->
          <reporter-output>
          </reporter-output>
        </test-method> <!-- runScenario -->
<<<<<<< HEAD
        <test-method signature="runScenario(io.cucumber.testng.PickleWrapper, io.cucumber.testng.FeatureWrapper)[pri:0, instance:com.siloam.runner.RunnerFiles@482bce4f]" started-at="2022-08-11T20:38:36 WIB" name="runScenario" description="Runs Cucumber Scenarios" data-provider="scenarios" finished-at="2022-08-11T20:38:36 WIB" duration-ms="6" status="SKIP">
=======
        <test-method signature="runScenario(io.cucumber.testng.PickleWrapper, io.cucumber.testng.FeatureWrapper)[pri:0, instance:com.siloam.runner.RunnerFiles@60704c]" started-at="2022-08-09T23:58:42 WIB" name="runScenario" description="Runs Cucumber Scenarios" data-provider="scenarios" finished-at="2022-08-09T23:58:42 WIB" duration-ms="21" status="SKIP">
>>>>>>> 613057208fa734a42df5b140688e1a593001d698
          <params>
            <param index="0">
              <value>
                <![CDATA["Form input faskes awal"]]>
              </value>
            </param>
            <param index="1">
              <value>
                <![CDATA["Upload Dokumen Testing"]]>
              </value>
            </param>
          </params>
          <exception class="io.cucumber.testng.UndefinedStepException">
            <message>
              <![CDATA[There were 2 undefined steps
The step "User ubah faskes awal" is undefined. You can implement it using the snippet(s) below:

@When("User ubah faskes awal")
public void user_ubah_faskes_awal() {
    // Write code here that turns the phrase above into concrete actions
    throw new io.cucumber.java.PendingException();
}

The step "faskes awal berubah sesuai pilihan" is undefined. You can implement it using the snippet(s) below:

@Then("faskes awal berubah sesuai pilihan")
public void faskes_awal_berubah_sesuai_pilihan() {
    // Write code here that turns the phrase above into concrete actions
    throw new io.cucumber.java.PendingException();
}
]]>
            </message>
            <full-stacktrace>
              <![CDATA[io.cucumber.testng.UndefinedStepException: There were 2 undefined steps
The step "User ubah faskes awal" is undefined. You can implement it using the snippet(s) below:

@When("User ubah faskes awal")
public void user_ubah_faskes_awal() {
    // Write code here that turns the phrase above into concrete actions
    throw new io.cucumber.java.PendingException();
}

The step "faskes awal berubah sesuai pilihan" is undefined. You can implement it using the snippet(s) below:

@Then("faskes awal berubah sesuai pilihan")
public void faskes_awal_berubah_sesuai_pilihan() {
    // Write code here that turns the phrase above into concrete actions
    throw new io.cucumber.java.PendingException();
}

at io.cucumber.testng.TestCaseResultObserver.assertTestCasePassed(TestCaseResultObserver.java:112)
at io.cucumber.testng.TestNGCucumberRunner.runScenario(TestNGCucumberRunner.java:125)
at io.cucumber.testng.AbstractTestNGCucumberTests.runScenario(AbstractTestNGCucumberTests.java:29)
at java.base/jdk.internal.reflect.NativeMethodAccessorImpl.invoke0(Native Method)
<<<<<<< HEAD
at java.base/jdk.internal.reflect.NativeMethodAccessorImpl.invoke(NativeMethodAccessorImpl.java:77)
at java.base/jdk.internal.reflect.DelegatingMethodAccessorImpl.invoke(DelegatingMethodAccessorImpl.java:43)
at java.base/java.lang.reflect.Method.invoke(Method.java:568)
=======
at java.base/jdk.internal.reflect.NativeMethodAccessorImpl.invoke(NativeMethodAccessorImpl.java:62)
at java.base/jdk.internal.reflect.DelegatingMethodAccessorImpl.invoke(DelegatingMethodAccessorImpl.java:43)
at java.base/java.lang.reflect.Method.invoke(Method.java:566)
>>>>>>> 613057208fa734a42df5b140688e1a593001d698
at org.testng.internal.MethodInvocationHelper.invokeMethod(MethodInvocationHelper.java:134)
at org.testng.internal.TestInvoker.invokeMethod(TestInvoker.java:597)
at org.testng.internal.TestInvoker.invokeTestMethod(TestInvoker.java:173)
at org.testng.internal.MethodRunner.runInSequence(MethodRunner.java:46)
at org.testng.internal.TestInvoker$MethodInvocationAgent.invoke(TestInvoker.java:816)
at org.testng.internal.TestInvoker.invokeTestMethods(TestInvoker.java:146)
at org.testng.internal.TestMethodWorker.invokeTestMethods(TestMethodWorker.java:146)
at org.testng.internal.TestMethodWorker.run(TestMethodWorker.java:128)
<<<<<<< HEAD
at java.base/java.util.ArrayList.forEach(ArrayList.java:1511)
=======
at java.base/java.util.ArrayList.forEach(ArrayList.java:1541)
>>>>>>> 613057208fa734a42df5b140688e1a593001d698
at org.testng.TestRunner.privateRun(TestRunner.java:766)
at org.testng.TestRunner.run(TestRunner.java:587)
at org.testng.SuiteRunner.runTest(SuiteRunner.java:384)
at org.testng.SuiteRunner.runSequentially(SuiteRunner.java:378)
at org.testng.SuiteRunner.privateRun(SuiteRunner.java:337)
at org.testng.SuiteRunner.run(SuiteRunner.java:286)
at org.testng.SuiteRunnerWorker.runSuite(SuiteRunnerWorker.java:53)
at org.testng.SuiteRunnerWorker.run(SuiteRunnerWorker.java:96)
at org.testng.TestNG.runSuitesSequentially(TestNG.java:1187)
at org.testng.TestNG.runSuitesLocally(TestNG.java:1109)
at org.testng.TestNG.runSuites(TestNG.java:1039)
at org.testng.TestNG.run(TestNG.java:1007)
at org.testng.remote.AbstractRemoteTestNG.run(AbstractRemoteTestNG.java:115)
at org.testng.remote.RemoteTestNG.initAndRun(RemoteTestNG.java:251)
at org.testng.remote.RemoteTestNG.main(RemoteTestNG.java:77)
<<<<<<< HEAD
=======
Caused by: io.cucumber.java.PendingException: TODO: implement me
at com.siloam.uploaddoc.UploadDocumentStepDef.user_tambah_foto_faskes_tujuan(UploadDocumentStepDef.java:92)
at ✽.User tambah foto faskes tujuan(file:///home/ancient/Documents/MagangSQA/sqasiloamteamb/src/test/resources/features/UploadDocument.feature:46)
>>>>>>> 613057208fa734a42df5b140688e1a593001d698
]]>
            </full-stacktrace>
          </exception> <!-- io.cucumber.testng.UndefinedStepException -->
          <reporter-output>
          </reporter-output>
        </test-method> <!-- runScenario -->
<<<<<<< HEAD
        <test-method signature="runScenario(io.cucumber.testng.PickleWrapper, io.cucumber.testng.FeatureWrapper)[pri:0, instance:com.siloam.runner.RunnerFiles@482bce4f]" started-at="2022-08-11T20:38:36 WIB" name="runScenario" description="Runs Cucumber Scenarios" data-provider="scenarios" finished-at="2022-08-11T20:38:36 WIB" duration-ms="5" status="SKIP">
=======
        <test-method signature="runScenario(io.cucumber.testng.PickleWrapper, io.cucumber.testng.FeatureWrapper)[pri:0, instance:com.siloam.runner.RunnerFiles@60704c]" started-at="2022-08-09T23:58:42 WIB" name="runScenario" description="Runs Cucumber Scenarios" data-provider="scenarios" finished-at="2022-08-09T23:58:42 WIB" duration-ms="11" status="SKIP">
>>>>>>> 613057208fa734a42df5b140688e1a593001d698
          <params>
            <param index="0">
              <value>
                <![CDATA["Form input faskes tujuan"]]>
              </value>
            </param>
            <param index="1">
              <value>
                <![CDATA["Upload Dokumen Testing"]]>
              </value>
            </param>
          </params>
          <exception class="io.cucumber.testng.UndefinedStepException">
            <message>
              <![CDATA[There were 2 undefined steps
The step "User ubah faskes tujuan" is undefined. You can implement it using the snippet(s) below:

@When("User ubah faskes tujuan")
public void user_ubah_faskes_tujuan() {
    // Write code here that turns the phrase above into concrete actions
    throw new io.cucumber.java.PendingException();
}

The step "faskes tujuan berubah sesuai pilihan" is undefined. You can implement it using the snippet(s) below:

@Then("faskes tujuan berubah sesuai pilihan")
public void faskes_tujuan_berubah_sesuai_pilihan() {
    // Write code here that turns the phrase above into concrete actions
    throw new io.cucumber.java.PendingException();
}
]]>
            </message>
            <full-stacktrace>
              <![CDATA[io.cucumber.testng.UndefinedStepException: There were 2 undefined steps
The step "User ubah faskes tujuan" is undefined. You can implement it using the snippet(s) below:

@When("User ubah faskes tujuan")
public void user_ubah_faskes_tujuan() {
    // Write code here that turns the phrase above into concrete actions
    throw new io.cucumber.java.PendingException();
}

The step "faskes tujuan berubah sesuai pilihan" is undefined. You can implement it using the snippet(s) below:

@Then("faskes tujuan berubah sesuai pilihan")
public void faskes_tujuan_berubah_sesuai_pilihan() {
    // Write code here that turns the phrase above into concrete actions
    throw new io.cucumber.java.PendingException();
}

at io.cucumber.testng.TestCaseResultObserver.assertTestCasePassed(TestCaseResultObserver.java:112)
at io.cucumber.testng.TestNGCucumberRunner.runScenario(TestNGCucumberRunner.java:125)
at io.cucumber.testng.AbstractTestNGCucumberTests.runScenario(AbstractTestNGCucumberTests.java:29)
at java.base/jdk.internal.reflect.NativeMethodAccessorImpl.invoke0(Native Method)
<<<<<<< HEAD
at java.base/jdk.internal.reflect.NativeMethodAccessorImpl.invoke(NativeMethodAccessorImpl.java:77)
at java.base/jdk.internal.reflect.DelegatingMethodAccessorImpl.invoke(DelegatingMethodAccessorImpl.java:43)
at java.base/java.lang.reflect.Method.invoke(Method.java:568)
=======
at java.base/jdk.internal.reflect.NativeMethodAccessorImpl.invoke(NativeMethodAccessorImpl.java:62)
at java.base/jdk.internal.reflect.DelegatingMethodAccessorImpl.invoke(DelegatingMethodAccessorImpl.java:43)
at java.base/java.lang.reflect.Method.invoke(Method.java:566)
>>>>>>> 613057208fa734a42df5b140688e1a593001d698
at org.testng.internal.MethodInvocationHelper.invokeMethod(MethodInvocationHelper.java:134)
at org.testng.internal.TestInvoker.invokeMethod(TestInvoker.java:597)
at org.testng.internal.TestInvoker.invokeTestMethod(TestInvoker.java:173)
at org.testng.internal.MethodRunner.runInSequence(MethodRunner.java:46)
at org.testng.internal.TestInvoker$MethodInvocationAgent.invoke(TestInvoker.java:816)
at org.testng.internal.TestInvoker.invokeTestMethods(TestInvoker.java:146)
at org.testng.internal.TestMethodWorker.invokeTestMethods(TestMethodWorker.java:146)
at org.testng.internal.TestMethodWorker.run(TestMethodWorker.java:128)
<<<<<<< HEAD
at java.base/java.util.ArrayList.forEach(ArrayList.java:1511)
=======
at java.base/java.util.ArrayList.forEach(ArrayList.java:1541)
>>>>>>> 613057208fa734a42df5b140688e1a593001d698
at org.testng.TestRunner.privateRun(TestRunner.java:766)
at org.testng.TestRunner.run(TestRunner.java:587)
at org.testng.SuiteRunner.runTest(SuiteRunner.java:384)
at org.testng.SuiteRunner.runSequentially(SuiteRunner.java:378)
at org.testng.SuiteRunner.privateRun(SuiteRunner.java:337)
at org.testng.SuiteRunner.run(SuiteRunner.java:286)
at org.testng.SuiteRunnerWorker.runSuite(SuiteRunnerWorker.java:53)
at org.testng.SuiteRunnerWorker.run(SuiteRunnerWorker.java:96)
at org.testng.TestNG.runSuitesSequentially(TestNG.java:1187)
at org.testng.TestNG.runSuitesLocally(TestNG.java:1109)
at org.testng.TestNG.runSuites(TestNG.java:1039)
at org.testng.TestNG.run(TestNG.java:1007)
at org.testng.remote.AbstractRemoteTestNG.run(AbstractRemoteTestNG.java:115)
at org.testng.remote.RemoteTestNG.initAndRun(RemoteTestNG.java:251)
at org.testng.remote.RemoteTestNG.main(RemoteTestNG.java:77)
<<<<<<< HEAD
=======
Caused by: io.cucumber.java.PendingException: TODO: implement me
at com.siloam.uploaddoc.UploadDocumentStepDef.user_tambah_foto(UploadDocumentStepDef.java:44)
at ✽.User tambah foto(file:///home/ancient/Documents/MagangSQA/sqasiloamteamb/src/test/resources/features/UploadDocument.feature:52)
>>>>>>> 613057208fa734a42df5b140688e1a593001d698
]]>
            </full-stacktrace>
          </exception> <!-- io.cucumber.testng.UndefinedStepException -->
          <reporter-output>
          </reporter-output>
        </test-method> <!-- runScenario -->
<<<<<<< HEAD
        <test-method signature="runScenario(io.cucumber.testng.PickleWrapper, io.cucumber.testng.FeatureWrapper)[pri:0, instance:com.siloam.runner.RunnerFiles@482bce4f]" started-at="2022-08-11T20:38:36 WIB" name="runScenario" description="Runs Cucumber Scenarios" data-provider="scenarios" finished-at="2022-08-11T20:38:36 WIB" duration-ms="8" status="SKIP">
=======
        <test-method signature="runScenario(io.cucumber.testng.PickleWrapper, io.cucumber.testng.FeatureWrapper)[pri:0, instance:com.siloam.runner.RunnerFiles@60704c]" started-at="2022-08-09T23:58:42 WIB" name="runScenario" description="Runs Cucumber Scenarios" data-provider="scenarios" finished-at="2022-08-09T23:58:42 WIB" duration-ms="12" status="SKIP">
>>>>>>> 613057208fa734a42df5b140688e1a593001d698
          <params>
            <param index="0">
              <value>
                <![CDATA["Form input alasan"]]>
              </value>
            </param>
            <param index="1">
              <value>
                <![CDATA["Upload Dokumen Testing"]]>
              </value>
            </param>
          </params>
          <exception class="io.cucumber.testng.UndefinedStepException">
            <message>
              <![CDATA[There were 2 undefined steps
The step "User ubah alasan" is undefined. You can implement it using the snippet(s) below:

@When("User ubah alasan")
public void user_ubah_alasan() {
    // Write code here that turns the phrase above into concrete actions
    throw new io.cucumber.java.PendingException();
}

The step "alasan berubah sesuai pilihan" is undefined. You can implement it using the snippet(s) below:

@Then("alasan berubah sesuai pilihan")
public void alasan_berubah_sesuai_pilihan() {
    // Write code here that turns the phrase above into concrete actions
    throw new io.cucumber.java.PendingException();
}
]]>
            </message>
            <full-stacktrace>
              <![CDATA[io.cucumber.testng.UndefinedStepException: There were 2 undefined steps
The step "User ubah alasan" is undefined. You can implement it using the snippet(s) below:

@When("User ubah alasan")
public void user_ubah_alasan() {
    // Write code here that turns the phrase above into concrete actions
    throw new io.cucumber.java.PendingException();
}

The step "alasan berubah sesuai pilihan" is undefined. You can implement it using the snippet(s) below:

@Then("alasan berubah sesuai pilihan")
public void alasan_berubah_sesuai_pilihan() {
    // Write code here that turns the phrase above into concrete actions
    throw new io.cucumber.java.PendingException();
}

at io.cucumber.testng.TestCaseResultObserver.assertTestCasePassed(TestCaseResultObserver.java:112)
at io.cucumber.testng.TestNGCucumberRunner.runScenario(TestNGCucumberRunner.java:125)
at io.cucumber.testng.AbstractTestNGCucumberTests.runScenario(AbstractTestNGCucumberTests.java:29)
at java.base/jdk.internal.reflect.NativeMethodAccessorImpl.invoke0(Native Method)
<<<<<<< HEAD
at java.base/jdk.internal.reflect.NativeMethodAccessorImpl.invoke(NativeMethodAccessorImpl.java:77)
at java.base/jdk.internal.reflect.DelegatingMethodAccessorImpl.invoke(DelegatingMethodAccessorImpl.java:43)
at java.base/java.lang.reflect.Method.invoke(Method.java:568)
=======
at java.base/jdk.internal.reflect.NativeMethodAccessorImpl.invoke(NativeMethodAccessorImpl.java:62)
at java.base/jdk.internal.reflect.DelegatingMethodAccessorImpl.invoke(DelegatingMethodAccessorImpl.java:43)
at java.base/java.lang.reflect.Method.invoke(Method.java:566)
>>>>>>> 613057208fa734a42df5b140688e1a593001d698
at org.testng.internal.MethodInvocationHelper.invokeMethod(MethodInvocationHelper.java:134)
at org.testng.internal.TestInvoker.invokeMethod(TestInvoker.java:597)
at org.testng.internal.TestInvoker.invokeTestMethod(TestInvoker.java:173)
at org.testng.internal.MethodRunner.runInSequence(MethodRunner.java:46)
at org.testng.internal.TestInvoker$MethodInvocationAgent.invoke(TestInvoker.java:816)
at org.testng.internal.TestInvoker.invokeTestMethods(TestInvoker.java:146)
at org.testng.internal.TestMethodWorker.invokeTestMethods(TestMethodWorker.java:146)
at org.testng.internal.TestMethodWorker.run(TestMethodWorker.java:128)
<<<<<<< HEAD
at java.base/java.util.ArrayList.forEach(ArrayList.java:1511)
=======
at java.base/java.util.ArrayList.forEach(ArrayList.java:1541)
>>>>>>> 613057208fa734a42df5b140688e1a593001d698
at org.testng.TestRunner.privateRun(TestRunner.java:766)
at org.testng.TestRunner.run(TestRunner.java:587)
at org.testng.SuiteRunner.runTest(SuiteRunner.java:384)
at org.testng.SuiteRunner.runSequentially(SuiteRunner.java:378)
at org.testng.SuiteRunner.privateRun(SuiteRunner.java:337)
at org.testng.SuiteRunner.run(SuiteRunner.java:286)
at org.testng.SuiteRunnerWorker.runSuite(SuiteRunnerWorker.java:53)
at org.testng.SuiteRunnerWorker.run(SuiteRunnerWorker.java:96)
at org.testng.TestNG.runSuitesSequentially(TestNG.java:1187)
at org.testng.TestNG.runSuitesLocally(TestNG.java:1109)
at org.testng.TestNG.runSuites(TestNG.java:1039)
at org.testng.TestNG.run(TestNG.java:1007)
at org.testng.remote.AbstractRemoteTestNG.run(AbstractRemoteTestNG.java:115)
at org.testng.remote.RemoteTestNG.initAndRun(RemoteTestNG.java:251)
at org.testng.remote.RemoteTestNG.main(RemoteTestNG.java:77)
<<<<<<< HEAD
=======
Caused by: io.cucumber.java.PendingException: TODO: implement me
at com.siloam.uploaddoc.UploadDocumentStepDef.user_tambah_foto_ttd(UploadDocumentStepDef.java:98)
at ✽.User tambah foto ttd(file:///home/ancient/Documents/MagangSQA/sqasiloamteamb/src/test/resources/features/UploadDocument.feature:57)
>>>>>>> 613057208fa734a42df5b140688e1a593001d698
]]>
            </full-stacktrace>
          </exception> <!-- io.cucumber.testng.UndefinedStepException -->
          <reporter-output>
          </reporter-output>
        </test-method> <!-- runScenario -->
<<<<<<< HEAD
        <test-method signature="runScenario(io.cucumber.testng.PickleWrapper, io.cucumber.testng.FeatureWrapper)[pri:0, instance:com.siloam.runner.RunnerFiles@482bce4f]" started-at="2022-08-11T20:38:36 WIB" name="runScenario" description="Runs Cucumber Scenarios" data-provider="scenarios" finished-at="2022-08-11T20:38:36 WIB" duration-ms="6" status="SKIP">
=======
        <test-method signature="runScenario(io.cucumber.testng.PickleWrapper, io.cucumber.testng.FeatureWrapper)[pri:0, instance:com.siloam.runner.RunnerFiles@60704c]" started-at="2022-08-09T23:58:42 WIB" name="runScenario" description="Runs Cucumber Scenarios" data-provider="scenarios" finished-at="2022-08-09T23:58:42 WIB" duration-ms="12" status="SKIP">
>>>>>>> 613057208fa734a42df5b140688e1a593001d698
          <params>
            <param index="0">
              <value>
                <![CDATA["Button cancel edit"]]>
              </value>
            </param>
            <param index="1">
              <value>
                <![CDATA["Upload Dokumen Testing"]]>
              </value>
            </param>
          </params>
          <exception class="io.cucumber.testng.UndefinedStepException">
            <message>
              <![CDATA[There were 3 undefined steps
The step "User klik cancel button saat edit" is undefined. You can implement it using the snippet(s) below:

@When("User klik cancel button saat edit")
public void user_klik_cancel_button_saat_edit() {
    // Write code here that turns the phrase above into concrete actions
    throw new io.cucumber.java.PendingException();
}

The step "Menu input data nonaktif" is undefined. You can implement it using the snippet(s) below:

@Then("Menu input data nonaktif")
public void menu_input_data_nonaktif() {
    // Write code here that turns the phrase above into concrete actions
    throw new io.cucumber.java.PendingException();
}

The step "Data tidak berubah" is undefined. You can implement it using the snippet(s) below:

@Then("Data tidak berubah")
public void data_tidak_berubah() {
    // Write code here that turns the phrase above into concrete actions
    throw new io.cucumber.java.PendingException();
}
]]>
            </message>
            <full-stacktrace>
              <![CDATA[io.cucumber.testng.UndefinedStepException: There were 3 undefined steps
The step "User klik cancel button saat edit" is undefined. You can implement it using the snippet(s) below:

@When("User klik cancel button saat edit")
public void user_klik_cancel_button_saat_edit() {
    // Write code here that turns the phrase above into concrete actions
    throw new io.cucumber.java.PendingException();
}

The step "Menu input data nonaktif" is undefined. You can implement it using the snippet(s) below:

@Then("Menu input data nonaktif")
public void menu_input_data_nonaktif() {
    // Write code here that turns the phrase above into concrete actions
    throw new io.cucumber.java.PendingException();
}

The step "Data tidak berubah" is undefined. You can implement it using the snippet(s) below:

@Then("Data tidak berubah")
public void data_tidak_berubah() {
    // Write code here that turns the phrase above into concrete actions
    throw new io.cucumber.java.PendingException();
}

at io.cucumber.testng.TestCaseResultObserver.assertTestCasePassed(TestCaseResultObserver.java:112)
at io.cucumber.testng.TestNGCucumberRunner.runScenario(TestNGCucumberRunner.java:125)
at io.cucumber.testng.AbstractTestNGCucumberTests.runScenario(AbstractTestNGCucumberTests.java:29)
at java.base/jdk.internal.reflect.NativeMethodAccessorImpl.invoke0(Native Method)
<<<<<<< HEAD
at java.base/jdk.internal.reflect.NativeMethodAccessorImpl.invoke(NativeMethodAccessorImpl.java:77)
at java.base/jdk.internal.reflect.DelegatingMethodAccessorImpl.invoke(DelegatingMethodAccessorImpl.java:43)
at java.base/java.lang.reflect.Method.invoke(Method.java:568)
=======
at java.base/jdk.internal.reflect.NativeMethodAccessorImpl.invoke(NativeMethodAccessorImpl.java:62)
at java.base/jdk.internal.reflect.DelegatingMethodAccessorImpl.invoke(DelegatingMethodAccessorImpl.java:43)
at java.base/java.lang.reflect.Method.invoke(Method.java:566)
>>>>>>> 613057208fa734a42df5b140688e1a593001d698
at org.testng.internal.MethodInvocationHelper.invokeMethod(MethodInvocationHelper.java:134)
at org.testng.internal.TestInvoker.invokeMethod(TestInvoker.java:597)
at org.testng.internal.TestInvoker.invokeTestMethod(TestInvoker.java:173)
at org.testng.internal.MethodRunner.runInSequence(MethodRunner.java:46)
at org.testng.internal.TestInvoker$MethodInvocationAgent.invoke(TestInvoker.java:816)
at org.testng.internal.TestInvoker.invokeTestMethods(TestInvoker.java:146)
at org.testng.internal.TestMethodWorker.invokeTestMethods(TestMethodWorker.java:146)
at org.testng.internal.TestMethodWorker.run(TestMethodWorker.java:128)
<<<<<<< HEAD
at java.base/java.util.ArrayList.forEach(ArrayList.java:1511)
=======
at java.base/java.util.ArrayList.forEach(ArrayList.java:1541)
>>>>>>> 613057208fa734a42df5b140688e1a593001d698
at org.testng.TestRunner.privateRun(TestRunner.java:766)
at org.testng.TestRunner.run(TestRunner.java:587)
at org.testng.SuiteRunner.runTest(SuiteRunner.java:384)
at org.testng.SuiteRunner.runSequentially(SuiteRunner.java:378)
at org.testng.SuiteRunner.privateRun(SuiteRunner.java:337)
at org.testng.SuiteRunner.run(SuiteRunner.java:286)
at org.testng.SuiteRunnerWorker.runSuite(SuiteRunnerWorker.java:53)
at org.testng.SuiteRunnerWorker.run(SuiteRunnerWorker.java:96)
at org.testng.TestNG.runSuitesSequentially(TestNG.java:1187)
at org.testng.TestNG.runSuitesLocally(TestNG.java:1109)
at org.testng.TestNG.runSuites(TestNG.java:1039)
at org.testng.TestNG.run(TestNG.java:1007)
at org.testng.remote.AbstractRemoteTestNG.run(AbstractRemoteTestNG.java:115)
at org.testng.remote.RemoteTestNG.initAndRun(RemoteTestNG.java:251)
at org.testng.remote.RemoteTestNG.main(RemoteTestNG.java:77)
<<<<<<< HEAD
=======
Caused by: io.cucumber.java.PendingException: TODO: implement me
at com.siloam.uploaddoc.UploadDocumentStepDef.user_tambah_foto_ttd(UploadDocumentStepDef.java:98)
at ✽.User tambah foto ttd(file:///home/ancient/Documents/MagangSQA/sqasiloamteamb/src/test/resources/features/UploadDocument.feature:62)
>>>>>>> 613057208fa734a42df5b140688e1a593001d698
]]>
            </full-stacktrace>
          </exception> <!-- io.cucumber.testng.UndefinedStepException -->
          <reporter-output>
          </reporter-output>
        </test-method> <!-- runScenario -->
<<<<<<< HEAD
        <test-method signature="runScenario(io.cucumber.testng.PickleWrapper, io.cucumber.testng.FeatureWrapper)[pri:0, instance:com.siloam.runner.RunnerFiles@482bce4f]" started-at="2022-08-11T20:38:36 WIB" name="runScenario" description="Runs Cucumber Scenarios" data-provider="scenarios" finished-at="2022-08-11T20:38:36 WIB" duration-ms="7" status="SKIP">
=======
        <test-method signature="runScenario(io.cucumber.testng.PickleWrapper, io.cucumber.testng.FeatureWrapper)[pri:0, instance:com.siloam.runner.RunnerFiles@60704c]" started-at="2022-08-09T23:58:42 WIB" name="runScenario" description="Runs Cucumber Scenarios" data-provider="scenarios" finished-at="2022-08-09T23:58:42 WIB" duration-ms="12" status="SKIP">
>>>>>>> 613057208fa734a42df5b140688e1a593001d698
          <params>
            <param index="0">
              <value>
                <![CDATA["Delete file dokumen"]]>
              </value>
            </param>
            <param index="1">
              <value>
                <![CDATA["Upload Dokumen Testing"]]>
              </value>
            </param>
          </params>
          <exception class="io.cucumber.testng.UndefinedStepException">
            <message>
              <![CDATA[There were 3 undefined steps
The step "User hapus file" is undefined. You can implement it using the snippet(s) below:

@When("User hapus file")
public void user_hapus_file() {
    // Write code here that turns the phrase above into concrete actions
    throw new io.cucumber.java.PendingException();
}

The step "tampil alert konfirmasi lalu file terhapus" is undefined. You can implement it using the snippet(s) below:

@Then("tampil alert konfirmasi lalu file terhapus")
public void tampil_alert_konfirmasi_lalu_file_terhapus() {
    // Write code here that turns the phrase above into concrete actions
    throw new io.cucumber.java.PendingException();
}

The step "Button submit nonaktif" is undefined. You can implement it using the snippet(s) below:

@Then("Button submit nonaktif")
public void button_submit_nonaktif() {
    // Write code here that turns the phrase above into concrete actions
    throw new io.cucumber.java.PendingException();
}
]]>
            </message>
            <full-stacktrace>
              <![CDATA[io.cucumber.testng.UndefinedStepException: There were 3 undefined steps
The step "User hapus file" is undefined. You can implement it using the snippet(s) below:

@When("User hapus file")
public void user_hapus_file() {
    // Write code here that turns the phrase above into concrete actions
    throw new io.cucumber.java.PendingException();
}

The step "tampil alert konfirmasi lalu file terhapus" is undefined. You can implement it using the snippet(s) below:

@Then("tampil alert konfirmasi lalu file terhapus")
public void tampil_alert_konfirmasi_lalu_file_terhapus() {
    // Write code here that turns the phrase above into concrete actions
    throw new io.cucumber.java.PendingException();
}

The step "Button submit nonaktif" is undefined. You can implement it using the snippet(s) below:

@Then("Button submit nonaktif")
public void button_submit_nonaktif() {
    // Write code here that turns the phrase above into concrete actions
    throw new io.cucumber.java.PendingException();
}

at io.cucumber.testng.TestCaseResultObserver.assertTestCasePassed(TestCaseResultObserver.java:112)
at io.cucumber.testng.TestNGCucumberRunner.runScenario(TestNGCucumberRunner.java:125)
at io.cucumber.testng.AbstractTestNGCucumberTests.runScenario(AbstractTestNGCucumberTests.java:29)
at java.base/jdk.internal.reflect.NativeMethodAccessorImpl.invoke0(Native Method)
<<<<<<< HEAD
at java.base/jdk.internal.reflect.NativeMethodAccessorImpl.invoke(NativeMethodAccessorImpl.java:77)
at java.base/jdk.internal.reflect.DelegatingMethodAccessorImpl.invoke(DelegatingMethodAccessorImpl.java:43)
at java.base/java.lang.reflect.Method.invoke(Method.java:568)
=======
at java.base/jdk.internal.reflect.NativeMethodAccessorImpl.invoke(NativeMethodAccessorImpl.java:62)
at java.base/jdk.internal.reflect.DelegatingMethodAccessorImpl.invoke(DelegatingMethodAccessorImpl.java:43)
at java.base/java.lang.reflect.Method.invoke(Method.java:566)
>>>>>>> 613057208fa734a42df5b140688e1a593001d698
at org.testng.internal.MethodInvocationHelper.invokeMethod(MethodInvocationHelper.java:134)
at org.testng.internal.TestInvoker.invokeMethod(TestInvoker.java:597)
at org.testng.internal.TestInvoker.invokeTestMethod(TestInvoker.java:173)
at org.testng.internal.MethodRunner.runInSequence(MethodRunner.java:46)
at org.testng.internal.TestInvoker$MethodInvocationAgent.invoke(TestInvoker.java:816)
at org.testng.internal.TestInvoker.invokeTestMethods(TestInvoker.java:146)
at org.testng.internal.TestMethodWorker.invokeTestMethods(TestMethodWorker.java:146)
at org.testng.internal.TestMethodWorker.run(TestMethodWorker.java:128)
<<<<<<< HEAD
at java.base/java.util.ArrayList.forEach(ArrayList.java:1511)
=======
at java.base/java.util.ArrayList.forEach(ArrayList.java:1541)
>>>>>>> 613057208fa734a42df5b140688e1a593001d698
at org.testng.TestRunner.privateRun(TestRunner.java:766)
at org.testng.TestRunner.run(TestRunner.java:587)
at org.testng.SuiteRunner.runTest(SuiteRunner.java:384)
at org.testng.SuiteRunner.runSequentially(SuiteRunner.java:378)
at org.testng.SuiteRunner.privateRun(SuiteRunner.java:337)
at org.testng.SuiteRunner.run(SuiteRunner.java:286)
at org.testng.SuiteRunnerWorker.runSuite(SuiteRunnerWorker.java:53)
at org.testng.SuiteRunnerWorker.run(SuiteRunnerWorker.java:96)
at org.testng.TestNG.runSuitesSequentially(TestNG.java:1187)
at org.testng.TestNG.runSuitesLocally(TestNG.java:1109)
at org.testng.TestNG.runSuites(TestNG.java:1039)
at org.testng.TestNG.run(TestNG.java:1007)
at org.testng.remote.AbstractRemoteTestNG.run(AbstractRemoteTestNG.java:115)
at org.testng.remote.RemoteTestNG.initAndRun(RemoteTestNG.java:251)
at org.testng.remote.RemoteTestNG.main(RemoteTestNG.java:77)
<<<<<<< HEAD
=======
Caused by: io.cucumber.java.PendingException: TODO: implement me
at com.siloam.uploaddoc.UploadDocumentStepDef.user_tambah_foto_ttd(UploadDocumentStepDef.java:98)
at ✽.User tambah foto ttd(file:///home/ancient/Documents/MagangSQA/sqasiloamteamb/src/test/resources/features/UploadDocument.feature:67)
>>>>>>> 613057208fa734a42df5b140688e1a593001d698
]]>
            </full-stacktrace>
          </exception> <!-- io.cucumber.testng.UndefinedStepException -->
          <reporter-output>
          </reporter-output>
        </test-method> <!-- runScenario -->
<<<<<<< HEAD
        <test-method signature="runScenario(io.cucumber.testng.PickleWrapper, io.cucumber.testng.FeatureWrapper)[pri:0, instance:com.siloam.runner.RunnerFiles@482bce4f]" started-at="2022-08-11T20:38:36 WIB" name="runScenario" description="Runs Cucumber Scenarios" data-provider="scenarios" finished-at="2022-08-11T20:38:36 WIB" duration-ms="15" status="SKIP">
=======
        <test-method signature="runScenario(io.cucumber.testng.PickleWrapper, io.cucumber.testng.FeatureWrapper)[pri:0, instance:com.siloam.runner.RunnerFiles@60704c]" started-at="2022-08-09T23:58:42 WIB" name="runScenario" description="Runs Cucumber Scenarios" data-provider="scenarios" finished-at="2022-08-09T23:58:42 WIB" duration-ms="21" status="SKIP">
>>>>>>> 613057208fa734a42df5b140688e1a593001d698
          <params>
            <param index="0">
              <value>
                <![CDATA["Preview dokumen perjanjian"]]>
              </value>
            </param>
            <param index="1">
              <value>
                <![CDATA["Upload Dokumen Testing"]]>
              </value>
            </param>
          </params>
          <exception class="io.cucumber.testng.UndefinedStepException">
            <message>
              <![CDATA[There were 2 undefined steps
The step "User check preview perjanjian" is undefined. You can implement it using the snippet(s) below:

@When("User check preview perjanjian")
public void user_check_preview_perjanjian() {
    // Write code here that turns the phrase above into concrete actions
    throw new io.cucumber.java.PendingException();
}

The step "Data sama dengan inputan" is undefined. You can implement it using the snippet(s) below:

@Then("Data sama dengan inputan")
public void data_sama_dengan_inputan() {
    // Write code here that turns the phrase above into concrete actions
    throw new io.cucumber.java.PendingException();
}
]]>
            </message>
            <full-stacktrace>
              <![CDATA[io.cucumber.testng.UndefinedStepException: There were 2 undefined steps
The step "User check preview perjanjian" is undefined. You can implement it using the snippet(s) below:

@When("User check preview perjanjian")
public void user_check_preview_perjanjian() {
    // Write code here that turns the phrase above into concrete actions
    throw new io.cucumber.java.PendingException();
}

The step "Data sama dengan inputan" is undefined. You can implement it using the snippet(s) below:

@Then("Data sama dengan inputan")
public void data_sama_dengan_inputan() {
    // Write code here that turns the phrase above into concrete actions
    throw new io.cucumber.java.PendingException();
}

at io.cucumber.testng.TestCaseResultObserver.assertTestCasePassed(TestCaseResultObserver.java:112)
at io.cucumber.testng.TestNGCucumberRunner.runScenario(TestNGCucumberRunner.java:125)
at io.cucumber.testng.AbstractTestNGCucumberTests.runScenario(AbstractTestNGCucumberTests.java:29)
at java.base/jdk.internal.reflect.NativeMethodAccessorImpl.invoke0(Native Method)
<<<<<<< HEAD
at java.base/jdk.internal.reflect.NativeMethodAccessorImpl.invoke(NativeMethodAccessorImpl.java:77)
at java.base/jdk.internal.reflect.DelegatingMethodAccessorImpl.invoke(DelegatingMethodAccessorImpl.java:43)
at java.base/java.lang.reflect.Method.invoke(Method.java:568)
=======
at java.base/jdk.internal.reflect.NativeMethodAccessorImpl.invoke(NativeMethodAccessorImpl.java:62)
at java.base/jdk.internal.reflect.DelegatingMethodAccessorImpl.invoke(DelegatingMethodAccessorImpl.java:43)
at java.base/java.lang.reflect.Method.invoke(Method.java:566)
>>>>>>> 613057208fa734a42df5b140688e1a593001d698
at org.testng.internal.MethodInvocationHelper.invokeMethod(MethodInvocationHelper.java:134)
at org.testng.internal.TestInvoker.invokeMethod(TestInvoker.java:597)
at org.testng.internal.TestInvoker.invokeTestMethod(TestInvoker.java:173)
at org.testng.internal.MethodRunner.runInSequence(MethodRunner.java:46)
at org.testng.internal.TestInvoker$MethodInvocationAgent.invoke(TestInvoker.java:816)
at org.testng.internal.TestInvoker.invokeTestMethods(TestInvoker.java:146)
at org.testng.internal.TestMethodWorker.invokeTestMethods(TestMethodWorker.java:146)
at org.testng.internal.TestMethodWorker.run(TestMethodWorker.java:128)
<<<<<<< HEAD
at java.base/java.util.ArrayList.forEach(ArrayList.java:1511)
=======
at java.base/java.util.ArrayList.forEach(ArrayList.java:1541)
>>>>>>> 613057208fa734a42df5b140688e1a593001d698
at org.testng.TestRunner.privateRun(TestRunner.java:766)
at org.testng.TestRunner.run(TestRunner.java:587)
at org.testng.SuiteRunner.runTest(SuiteRunner.java:384)
at org.testng.SuiteRunner.runSequentially(SuiteRunner.java:378)
at org.testng.SuiteRunner.privateRun(SuiteRunner.java:337)
at org.testng.SuiteRunner.run(SuiteRunner.java:286)
at org.testng.SuiteRunnerWorker.runSuite(SuiteRunnerWorker.java:53)
at org.testng.SuiteRunnerWorker.run(SuiteRunnerWorker.java:96)
at org.testng.TestNG.runSuitesSequentially(TestNG.java:1187)
at org.testng.TestNG.runSuitesLocally(TestNG.java:1109)
at org.testng.TestNG.runSuites(TestNG.java:1039)
at org.testng.TestNG.run(TestNG.java:1007)
at org.testng.remote.AbstractRemoteTestNG.run(AbstractRemoteTestNG.java:115)
at org.testng.remote.RemoteTestNG.initAndRun(RemoteTestNG.java:251)
at org.testng.remote.RemoteTestNG.main(RemoteTestNG.java:77)
<<<<<<< HEAD
=======
Caused by: io.cucumber.java.PendingException: TODO: implement me
at com.siloam.uploaddoc.UploadDocumentStepDef.user_upload_tiga_foto_yang_diminta_sistem(UploadDocumentStepDef.java:104)
at ✽.User upload tiga foto yang diminta sistem(file:///home/ancient/Documents/MagangSQA/sqasiloamteamb/src/test/resources/features/UploadDocument.feature:73)
>>>>>>> 613057208fa734a42df5b140688e1a593001d698
]]>
            </full-stacktrace>
          </exception> <!-- io.cucumber.testng.UndefinedStepException -->
          <reporter-output>
          </reporter-output>
        </test-method> <!-- runScenario -->
<<<<<<< HEAD
        <test-method signature="runScenario(io.cucumber.testng.PickleWrapper, io.cucumber.testng.FeatureWrapper)[pri:0, instance:com.siloam.runner.RunnerFiles@482bce4f]" started-at="2022-08-11T20:38:36 WIB" name="runScenario" description="Runs Cucumber Scenarios" data-provider="scenarios" finished-at="2022-08-11T20:38:36 WIB" duration-ms="6" status="SKIP">
=======
        <test-method signature="runScenario(io.cucumber.testng.PickleWrapper, io.cucumber.testng.FeatureWrapper)[pri:0, instance:com.siloam.runner.RunnerFiles@60704c]" started-at="2022-08-09T23:58:42 WIB" name="runScenario" description="Runs Cucumber Scenarios" data-provider="scenarios" finished-at="2022-08-09T23:58:42 WIB" duration-ms="9" status="SKIP">
>>>>>>> 613057208fa734a42df5b140688e1a593001d698
          <params>
            <param index="0">
              <value>
                <![CDATA["Button submit"]]>
              </value>
            </param>
            <param index="1">
              <value>
                <![CDATA["Upload Dokumen Testing"]]>
              </value>
            </param>
          </params>
          <exception class="io.cucumber.testng.UndefinedStepException">
            <message>
              <![CDATA[There were 3 undefined steps
The step "User klik button submit" is undefined. You can implement it using the snippet(s) below:

@When("User klik button submit")
public void user_klik_button_submit() {
    // Write code here that turns the phrase above into concrete actions
    throw new io.cucumber.java.PendingException();
}

The step "klik ok alert verifikasi" is undefined. You can implement it using the snippet(s) below:

@When("klik ok alert verifikasi")
public void klik_ok_alert_verifikasi() {
    // Write code here that turns the phrase above into concrete actions
    throw new io.cucumber.java.PendingException();
}

The step "Menampilkan halaman input data dan notifikasi ttd digital berhasil" is undefined. You can implement it using the snippet(s) below:

@Then("Menampilkan halaman input data dan notifikasi ttd digital berhasil")
public void menampilkan_halaman_input_data_dan_notifikasi_ttd_digital_berhasil() {
    // Write code here that turns the phrase above into concrete actions
    throw new io.cucumber.java.PendingException();
}
]]>
            </message>
            <full-stacktrace>
              <![CDATA[io.cucumber.testng.UndefinedStepException: There were 3 undefined steps
The step "User klik button submit" is undefined. You can implement it using the snippet(s) below:

@When("User klik button submit")
public void user_klik_button_submit() {
    // Write code here that turns the phrase above into concrete actions
    throw new io.cucumber.java.PendingException();
}

The step "klik ok alert verifikasi" is undefined. You can implement it using the snippet(s) below:

@When("klik ok alert verifikasi")
public void klik_ok_alert_verifikasi() {
    // Write code here that turns the phrase above into concrete actions
    throw new io.cucumber.java.PendingException();
}

The step "Menampilkan halaman input data dan notifikasi ttd digital berhasil" is undefined. You can implement it using the snippet(s) below:

@Then("Menampilkan halaman input data dan notifikasi ttd digital berhasil")
public void menampilkan_halaman_input_data_dan_notifikasi_ttd_digital_berhasil() {
    // Write code here that turns the phrase above into concrete actions
    throw new io.cucumber.java.PendingException();
}

at io.cucumber.testng.TestCaseResultObserver.assertTestCasePassed(TestCaseResultObserver.java:112)
at io.cucumber.testng.TestNGCucumberRunner.runScenario(TestNGCucumberRunner.java:125)
at io.cucumber.testng.AbstractTestNGCucumberTests.runScenario(AbstractTestNGCucumberTests.java:29)
at java.base/jdk.internal.reflect.NativeMethodAccessorImpl.invoke0(Native Method)
<<<<<<< HEAD
at java.base/jdk.internal.reflect.NativeMethodAccessorImpl.invoke(NativeMethodAccessorImpl.java:77)
at java.base/jdk.internal.reflect.DelegatingMethodAccessorImpl.invoke(DelegatingMethodAccessorImpl.java:43)
at java.base/java.lang.reflect.Method.invoke(Method.java:568)
=======
at java.base/jdk.internal.reflect.NativeMethodAccessorImpl.invoke(NativeMethodAccessorImpl.java:62)
at java.base/jdk.internal.reflect.DelegatingMethodAccessorImpl.invoke(DelegatingMethodAccessorImpl.java:43)
at java.base/java.lang.reflect.Method.invoke(Method.java:566)
>>>>>>> 613057208fa734a42df5b140688e1a593001d698
at org.testng.internal.MethodInvocationHelper.invokeMethod(MethodInvocationHelper.java:134)
at org.testng.internal.TestInvoker.invokeMethod(TestInvoker.java:597)
at org.testng.internal.TestInvoker.invokeTestMethod(TestInvoker.java:173)
at org.testng.internal.MethodRunner.runInSequence(MethodRunner.java:46)
at org.testng.internal.TestInvoker$MethodInvocationAgent.invoke(TestInvoker.java:816)
at org.testng.internal.TestInvoker.invokeTestMethods(TestInvoker.java:146)
at org.testng.internal.TestMethodWorker.invokeTestMethods(TestMethodWorker.java:146)
at org.testng.internal.TestMethodWorker.run(TestMethodWorker.java:128)
<<<<<<< HEAD
at java.base/java.util.ArrayList.forEach(ArrayList.java:1511)
=======
at java.base/java.util.ArrayList.forEach(ArrayList.java:1541)
>>>>>>> 613057208fa734a42df5b140688e1a593001d698
at org.testng.TestRunner.privateRun(TestRunner.java:766)
at org.testng.TestRunner.run(TestRunner.java:587)
at org.testng.SuiteRunner.runTest(SuiteRunner.java:384)
at org.testng.SuiteRunner.runSequentially(SuiteRunner.java:378)
at org.testng.SuiteRunner.privateRun(SuiteRunner.java:337)
at org.testng.SuiteRunner.run(SuiteRunner.java:286)
at org.testng.SuiteRunnerWorker.runSuite(SuiteRunnerWorker.java:53)
at org.testng.SuiteRunnerWorker.run(SuiteRunnerWorker.java:96)
at org.testng.TestNG.runSuitesSequentially(TestNG.java:1187)
at org.testng.TestNG.runSuitesLocally(TestNG.java:1109)
at org.testng.TestNG.runSuites(TestNG.java:1039)
at org.testng.TestNG.run(TestNG.java:1007)
at org.testng.remote.AbstractRemoteTestNG.run(AbstractRemoteTestNG.java:115)
at org.testng.remote.RemoteTestNG.initAndRun(RemoteTestNG.java:251)
at org.testng.remote.RemoteTestNG.main(RemoteTestNG.java:77)
<<<<<<< HEAD
=======
Caused by: io.cucumber.java.PendingException: TODO: implement me
at com.siloam.uploaddoc.UploadDocumentStepDef.user_klik_button_selanjutnya(UploadDocumentStepDef.java:122)
at ✽.User klik button selanjutnya(file:///home/ancient/Documents/MagangSQA/sqasiloamteamb/src/test/resources/features/UploadDocument.feature:78)
>>>>>>> 613057208fa734a42df5b140688e1a593001d698
]]>
            </full-stacktrace>
          </exception> <!-- io.cucumber.testng.UndefinedStepException -->
          <reporter-output>
          </reporter-output>
        </test-method> <!-- runScenario -->
<<<<<<< HEAD
        <test-method is-config="true" signature="tearDownClass()[pri:0, instance:com.siloam.runner.RunnerFiles@482bce4f]" started-at="2022-08-11T20:38:36 WIB" name="tearDownClass" finished-at="2022-08-11T20:38:37 WIB" duration-ms="223" status="PASS">
=======
        <test-method is-config="true" signature="tearDownClass()[pri:0, instance:com.siloam.runner.RunnerFiles@60704c]" started-at="2022-08-09T23:58:42 WIB" name="tearDownClass" finished-at="2022-08-09T23:58:42 WIB" duration-ms="317" status="PASS">
>>>>>>> 613057208fa734a42df5b140688e1a593001d698
          <reporter-output>
          </reporter-output>
        </test-method> <!-- tearDownClass -->
      </class> <!-- com.siloam.runner.RunnerFiles -->
    </test> <!-- Default test -->
  </suite> <!-- Default suite -->
</testng-results>
